2024-11-06 10:16:49.578 [info] [main] Log level: Info
2024-11-06 10:16:49.578 [info] [main] Validating found git in: "git"
2024-11-06 10:16:49.578 [info] [main] Using git "2.46.0" from "git"
2024-11-06 10:16:49.578 [info] [Model][doInitialScan] Initial repository scan started
2024-11-06 10:16:49.578 [info] > git rev-parse --show-toplevel [4ms]
2024-11-06 10:16:49.578 [info] > git rev-parse --git-dir --git-common-dir [198ms]
2024-11-06 10:16:49.578 [info] [Model][openRepository] Opened repository: /workspace/boilerplate-project-sudoku-solver
2024-11-06 10:16:49.578 [info] > git rev-parse --show-toplevel [191ms]
2024-11-06 10:16:49.578 [info] > git config --get commit.template [201ms]
2024-11-06 10:16:49.578 [info] > git rev-parse --show-toplevel [7ms]
2024-11-06 10:16:49.578 [info] > git for-each-ref --format=%(refname)%00%(upstream:short)%00%(objectname)%00%(upstream:track)%00%(upstream:remotename)%00%(upstream:remoteref) refs/heads/main refs/remotes/main [7ms]
2024-11-06 10:16:49.578 [warning] [Git][revParse] Unable to read file: ENOENT: no such file or directory, open '/workspace/boilerplate-project-sudoku-solver/.git/refs/remotes/origin/main'
2024-11-06 10:16:49.578 [info] > git rev-parse --show-toplevel [5ms]
2024-11-06 10:16:49.578 [info] > git rev-parse refs/remotes/origin/main [12ms]
2024-11-06 10:16:49.578 [info] > git status -z -uall [8ms]
2024-11-06 10:16:49.578 [info] > git rev-parse --show-toplevel [80ms]
2024-11-06 10:16:49.578 [info] > git for-each-ref --sort -committerdate --format %(refname) %(objectname) %(*objectname) [9ms]
2024-11-06 10:16:49.578 [info] > git for-each-ref --format=%(refname)%00%(upstream:short)%00%(objectname)%00%(upstream:track)%00%(upstream:remotename)%00%(upstream:remoteref) refs/heads/main refs/remotes/main [5ms]
2024-11-06 10:16:49.578 [info] > git rev-parse --show-toplevel [16ms]
2024-11-06 10:16:49.578 [info] > git config --get commit.template [7ms]
2024-11-06 10:16:49.578 [info] > git config --local branch.main.vscode-merge-base [4ms]
2024-11-06 10:16:49.578 [info] > git rev-parse --show-toplevel [72ms]
2024-11-06 10:16:49.578 [info] [Model][doInitialScan] Initial repository scan completed - repositories (1), closed repositories (0), parent repositories (0), unsafe repositories (0)
2024-11-06 10:16:49.578 [info] > git for-each-ref --format=%(refname)%00%(upstream:short)%00%(objectname)%00%(upstream:track)%00%(upstream:remotename)%00%(upstream:remoteref) refs/heads/main refs/remotes/main [5ms]
2024-11-06 10:16:49.578 [info] > git for-each-ref --format=%(refname)%00%(upstream:short)%00%(objectname)%00%(upstream:track)%00%(upstream:remotename)%00%(upstream:remoteref) refs/heads/origin/main refs/remotes/origin/main [72ms]
2024-11-06 10:16:49.578 [warning] [Git][revParse] Unable to read file: ENOENT: no such file or directory, open '/workspace/boilerplate-project-sudoku-solver/.git/refs/remotes/origin/main'
2024-11-06 10:16:49.578 [info] > git merge-base refs/heads/main refs/remotes/origin/main [91ms]
2024-11-06 10:16:49.578 [info] > git rev-parse refs/remotes/origin/main [5ms]
2024-11-06 10:16:49.578 [info] > git status -z -uall [4ms]
2024-11-06 10:16:49.578 [info] > git diff --name-status -z --diff-filter=ADMR f738a5ad883aaa13cf12d38dc40f8cfc18f7c3d8...refs/remotes/origin/main [8ms]
2024-11-06 10:16:49.578 [info] > git for-each-ref --sort -committerdate --format %(refname) %(objectname) %(*objectname) [3ms]
2024-11-06 10:16:50.168 [info] > git check-ignore -v -z --stdin [1ms]
2024-11-06 10:16:50.291 [info] > git show --textconv :controllers/sudoku-solver.js [4ms]
2024-11-06 10:16:50.367 [info] > git ls-files --stage -- /workspace/boilerplate-project-sudoku-solver/controllers/sudoku-solver.js [77ms]
2024-11-06 10:16:50.471 [info] > git cat-file -s 0b8fdc19f451015f3110a9c4391541e4a720f07a [101ms]
2024-11-06 10:16:52.580 [info] > git config --local branch.main.github-pr-owner-number [297ms]
2024-11-06 10:16:52.580 [warning] [Git][config] git config failed: Failed to execute git
2024-11-06 10:16:53.092 [info] > git config --get commit.template [4ms]
2024-11-06 10:16:53.094 [info] > git for-each-ref --format=%(refname)%00%(upstream:short)%00%(objectname)%00%(upstream:track)%00%(upstream:remotename)%00%(upstream:remoteref) refs/heads/main refs/remotes/main [2ms]
2024-11-06 10:16:53.098 [warning] [Git][revParse] Unable to read file: ENOENT: no such file or directory, open '/workspace/boilerplate-project-sudoku-solver/.git/refs/remotes/origin/main'
2024-11-06 10:16:53.100 [info] > git rev-parse refs/remotes/origin/main [2ms]
2024-11-06 10:16:53.108 [info] > git status -z -uall [5ms]
2024-11-06 10:16:53.109 [info] > git for-each-ref --sort -committerdate --format %(refname) %(objectname) %(*objectname) [2ms]
2024-11-06 10:17:08.099 [info] > git config --get commit.template [4ms]
2024-11-06 10:17:08.100 [info] > git for-each-ref --format=%(refname)%00%(upstream:short)%00%(objectname)%00%(upstream:track)%00%(upstream:remotename)%00%(upstream:remoteref) refs/heads/main refs/remotes/main [2ms]
2024-11-06 10:17:08.104 [warning] [Git][revParse] Unable to read file: ENOENT: no such file or directory, open '/workspace/boilerplate-project-sudoku-solver/.git/refs/remotes/origin/main'
2024-11-06 10:17:08.105 [info] > git rev-parse refs/remotes/origin/main [1ms]
2024-11-06 10:17:08.112 [info] > git status -z -uall [4ms]
2024-11-06 10:17:08.114 [info] > git for-each-ref --sort -committerdate --format %(refname) %(objectname) %(*objectname) [2ms]
2024-11-06 10:17:51.947 [info] > git config --get commit.template [6ms]
2024-11-06 10:17:51.948 [info] > git for-each-ref --format=%(refname)%00%(upstream:short)%00%(objectname)%00%(upstream:track)%00%(upstream:remotename)%00%(upstream:remoteref) refs/heads/main refs/remotes/main [2ms]
2024-11-06 10:17:51.953 [warning] [Git][revParse] Unable to read file: ENOENT: no such file or directory, open '/workspace/boilerplate-project-sudoku-solver/.git/refs/remotes/origin/main'
2024-11-06 10:17:51.954 [info] > git rev-parse refs/remotes/origin/main [1ms]
2024-11-06 10:17:51.964 [info] > git status -z -uall [6ms]
2024-11-06 10:17:51.965 [info] > git for-each-ref --sort -committerdate --format %(refname) %(objectname) %(*objectname) [2ms]
2024-11-06 10:18:04.023 [info] > git config --get commit.template [5ms]
2024-11-06 10:18:04.023 [info] > git for-each-ref --format=%(refname)%00%(upstream:short)%00%(objectname)%00%(upstream:track)%00%(upstream:remotename)%00%(upstream:remoteref) refs/heads/main refs/remotes/main [3ms]
2024-11-06 10:18:04.026 [warning] [Git][revParse] Unable to read file: ENOENT: no such file or directory, open '/workspace/boilerplate-project-sudoku-solver/.git/refs/remotes/origin/main'
2024-11-06 10:18:04.028 [info] > git rev-parse refs/remotes/origin/main [2ms]
2024-11-06 10:18:04.035 [info] > git status -z -uall [4ms]
2024-11-06 10:18:04.036 [info] > git for-each-ref --sort -committerdate --format %(refname) %(objectname) %(*objectname) [2ms]
2024-11-06 10:19:07.339 [info] > git config --get commit.template [4ms]
2024-11-06 10:19:07.340 [info] > git for-each-ref --format=%(refname)%00%(upstream:short)%00%(objectname)%00%(upstream:track)%00%(upstream:remotename)%00%(upstream:remoteref) refs/heads/main refs/remotes/main [1ms]
2024-11-06 10:19:07.344 [warning] [Git][revParse] Unable to read file: ENOENT: no such file or directory, open '/workspace/boilerplate-project-sudoku-solver/.git/refs/remotes/origin/main'
2024-11-06 10:19:07.345 [info] > git rev-parse refs/remotes/origin/main [2ms]
2024-11-06 10:19:07.351 [info] > git status -z -uall [3ms]
2024-11-06 10:19:07.353 [info] > git for-each-ref --sort -committerdate --format %(refname) %(objectname) %(*objectname) [2ms]
2024-11-06 10:19:12.363 [info] > git config --get commit.template [4ms]
2024-11-06 10:19:12.364 [info] > git for-each-ref --format=%(refname)%00%(upstream:short)%00%(objectname)%00%(upstream:track)%00%(upstream:remotename)%00%(upstream:remoteref) refs/heads/main refs/remotes/main [2ms]
2024-11-06 10:19:12.367 [warning] [Git][revParse] Unable to read file: ENOENT: no such file or directory, open '/workspace/boilerplate-project-sudoku-solver/.git/refs/remotes/origin/main'
2024-11-06 10:19:12.368 [info] > git rev-parse refs/remotes/origin/main [1ms]
2024-11-06 10:19:12.376 [info] > git status -z -uall [4ms]
2024-11-06 10:19:12.377 [info] > git for-each-ref --sort -committerdate --format %(refname) %(objectname) %(*objectname) [2ms]
2024-11-06 10:19:17.391 [info] > git config --get commit.template [4ms]
2024-11-06 10:19:17.392 [info] > git for-each-ref --format=%(refname)%00%(upstream:short)%00%(objectname)%00%(upstream:track)%00%(upstream:remotename)%00%(upstream:remoteref) refs/heads/main refs/remotes/main [2ms]
2024-11-06 10:19:17.396 [warning] [Git][revParse] Unable to read file: ENOENT: no such file or directory, open '/workspace/boilerplate-project-sudoku-solver/.git/refs/remotes/origin/main'
2024-11-06 10:19:17.397 [info] > git rev-parse refs/remotes/origin/main [1ms]
2024-11-06 10:19:17.406 [info] > git status -z -uall [5ms]
2024-11-06 10:19:17.408 [info] > git for-each-ref --sort -committerdate --format %(refname) %(objectname) %(*objectname) [2ms]
2024-11-06 10:20:08.443 [info] > git config --get commit.template [4ms]
2024-11-06 10:20:08.444 [info] > git for-each-ref --format=%(refname)%00%(upstream:short)%00%(objectname)%00%(upstream:track)%00%(upstream:remotename)%00%(upstream:remoteref) refs/heads/main refs/remotes/main [2ms]
2024-11-06 10:20:08.447 [warning] [Git][revParse] Unable to read file: ENOENT: no such file or directory, open '/workspace/boilerplate-project-sudoku-solver/.git/refs/remotes/origin/main'
2024-11-06 10:20:08.448 [info] > git rev-parse refs/remotes/origin/main [1ms]
2024-11-06 10:20:08.454 [info] > git status -z -uall [3ms]
2024-11-06 10:20:08.456 [info] > git for-each-ref --sort -committerdate --format %(refname) %(objectname) %(*objectname) [2ms]
2024-11-06 10:20:13.467 [info] > git config --get commit.template [4ms]
2024-11-06 10:20:13.468 [info] > git for-each-ref --format=%(refname)%00%(upstream:short)%00%(objectname)%00%(upstream:track)%00%(upstream:remotename)%00%(upstream:remoteref) refs/heads/main refs/remotes/main [2ms]
2024-11-06 10:20:13.472 [warning] [Git][revParse] Unable to read file: ENOENT: no such file or directory, open '/workspace/boilerplate-project-sudoku-solver/.git/refs/remotes/origin/main'
2024-11-06 10:20:13.473 [info] > git rev-parse refs/remotes/origin/main [2ms]
2024-11-06 10:20:13.481 [info] > git status -z -uall [5ms]
2024-11-06 10:20:13.483 [info] > git for-each-ref --sort -committerdate --format %(refname) %(objectname) %(*objectname) [3ms]
2024-11-06 10:20:36.820 [info] > git config --get commit.template [4ms]
2024-11-06 10:20:36.821 [info] > git for-each-ref --format=%(refname)%00%(upstream:short)%00%(objectname)%00%(upstream:track)%00%(upstream:remotename)%00%(upstream:remoteref) refs/heads/main refs/remotes/main [2ms]
2024-11-06 10:20:36.825 [warning] [Git][revParse] Unable to read file: ENOENT: no such file or directory, open '/workspace/boilerplate-project-sudoku-solver/.git/refs/remotes/origin/main'
2024-11-06 10:20:36.826 [info] > git rev-parse refs/remotes/origin/main [1ms]
2024-11-06 10:20:36.833 [info] > git status -z -uall [4ms]
2024-11-06 10:20:36.835 [info] > git for-each-ref --sort -committerdate --format %(refname) %(objectname) %(*objectname) [2ms]
2024-11-06 10:20:41.844 [info] > git config --get commit.template [4ms]
2024-11-06 10:20:41.846 [info] > git for-each-ref --format=%(refname)%00%(upstream:short)%00%(objectname)%00%(upstream:track)%00%(upstream:remotename)%00%(upstream:remoteref) refs/heads/main refs/remotes/main [2ms]
2024-11-06 10:20:41.849 [warning] [Git][revParse] Unable to read file: ENOENT: no such file or directory, open '/workspace/boilerplate-project-sudoku-solver/.git/refs/remotes/origin/main'
2024-11-06 10:20:41.851 [info] > git rev-parse refs/remotes/origin/main [2ms]
2024-11-06 10:20:41.859 [info] > git status -z -uall [5ms]
2024-11-06 10:20:41.860 [info] > git for-each-ref --sort -committerdate --format %(refname) %(objectname) %(*objectname) [2ms]
2024-11-06 10:20:46.869 [info] > git config --get commit.template [4ms]
2024-11-06 10:20:46.871 [info] > git for-each-ref --format=%(refname)%00%(upstream:short)%00%(objectname)%00%(upstream:track)%00%(upstream:remotename)%00%(upstream:remoteref) refs/heads/main refs/remotes/main [2ms]
2024-11-06 10:20:46.874 [warning] [Git][revParse] Unable to read file: ENOENT: no such file or directory, open '/workspace/boilerplate-project-sudoku-solver/.git/refs/remotes/origin/main'
2024-11-06 10:20:46.875 [info] > git rev-parse refs/remotes/origin/main [1ms]
2024-11-06 10:20:46.881 [info] > git status -z -uall [3ms]
2024-11-06 10:20:46.883 [info] > git for-each-ref --sort -committerdate --format %(refname) %(objectname) %(*objectname) [2ms]
2024-11-06 10:20:58.358 [info] > git config --get commit.template [4ms]
2024-11-06 10:20:58.359 [info] > git for-each-ref --format=%(refname)%00%(upstream:short)%00%(objectname)%00%(upstream:track)%00%(upstream:remotename)%00%(upstream:remoteref) refs/heads/main refs/remotes/main [1ms]
2024-11-06 10:20:58.363 [warning] [Git][revParse] Unable to read file: ENOENT: no such file or directory, open '/workspace/boilerplate-project-sudoku-solver/.git/refs/remotes/origin/main'
2024-11-06 10:20:58.364 [info] > git rev-parse refs/remotes/origin/main [1ms]
2024-11-06 10:20:58.371 [info] > git status -z -uall [4ms]
2024-11-06 10:20:58.372 [info] > git for-each-ref --sort -committerdate --format %(refname) %(objectname) %(*objectname) [2ms]
2024-11-06 10:21:47.096 [info] > git config --get commit.template [5ms]
2024-11-06 10:21:47.097 [info] > git for-each-ref --format=%(refname)%00%(upstream:short)%00%(objectname)%00%(upstream:track)%00%(upstream:remotename)%00%(upstream:remoteref) refs/heads/main refs/remotes/main [2ms]
2024-11-06 10:21:47.101 [warning] [Git][revParse] Unable to read file: ENOENT: no such file or directory, open '/workspace/boilerplate-project-sudoku-solver/.git/refs/remotes/origin/main'
2024-11-06 10:21:47.102 [info] > git rev-parse refs/remotes/origin/main [1ms]
2024-11-06 10:21:47.110 [info] > git status -z -uall [4ms]
2024-11-06 10:21:47.111 [info] > git for-each-ref --sort -committerdate --format %(refname) %(objectname) %(*objectname) [2ms]
2024-11-06 10:22:57.128 [info] > git config --get commit.template [4ms]
2024-11-06 10:22:57.129 [info] > git for-each-ref --format=%(refname)%00%(upstream:short)%00%(objectname)%00%(upstream:track)%00%(upstream:remotename)%00%(upstream:remoteref) refs/heads/main refs/remotes/main [2ms]
2024-11-06 10:22:57.132 [warning] [Git][revParse] Unable to read file: ENOENT: no such file or directory, open '/workspace/boilerplate-project-sudoku-solver/.git/refs/remotes/origin/main'
2024-11-06 10:22:57.134 [info] > git rev-parse refs/remotes/origin/main [2ms]
2024-11-06 10:22:57.141 [info] > git status -z -uall [4ms]
2024-11-06 10:22:57.142 [info] > git for-each-ref --sort -committerdate --format %(refname) %(objectname) %(*objectname) [2ms]
2024-11-06 10:23:02.745 [info] > git config --get commit.template [4ms]
2024-11-06 10:23:02.746 [info] > git for-each-ref --format=%(refname)%00%(upstream:short)%00%(objectname)%00%(upstream:track)%00%(upstream:remotename)%00%(upstream:remoteref) refs/heads/main refs/remotes/main [2ms]
2024-11-06 10:23:02.749 [warning] [Git][revParse] Unable to read file: ENOENT: no such file or directory, open '/workspace/boilerplate-project-sudoku-solver/.git/refs/remotes/origin/main'
2024-11-06 10:23:02.751 [info] > git rev-parse refs/remotes/origin/main [2ms]
2024-11-06 10:23:02.757 [info] > git status -z -uall [4ms]
2024-11-06 10:23:02.758 [info] > git for-each-ref --sort -committerdate --format %(refname) %(objectname) %(*objectname) [2ms]
2024-11-06 10:23:25.921 [info] > git config --get commit.template [4ms]
2024-11-06 10:23:25.922 [info] > git for-each-ref --format=%(refname)%00%(upstream:short)%00%(objectname)%00%(upstream:track)%00%(upstream:remotename)%00%(upstream:remoteref) refs/heads/main refs/remotes/main [2ms]
2024-11-06 10:23:25.925 [warning] [Git][revParse] Unable to read file: ENOENT: no such file or directory, open '/workspace/boilerplate-project-sudoku-solver/.git/refs/remotes/origin/main'
2024-11-06 10:23:25.927 [info] > git rev-parse refs/remotes/origin/main [2ms]
2024-11-06 10:23:25.933 [info] > git status -z -uall [3ms]
2024-11-06 10:23:25.935 [info] > git for-each-ref --sort -committerdate --format %(refname) %(objectname) %(*objectname) [2ms]
2024-11-06 10:23:30.945 [info] > git config --get commit.template [3ms]
2024-11-06 10:23:30.946 [info] > git for-each-ref --format=%(refname)%00%(upstream:short)%00%(objectname)%00%(upstream:track)%00%(upstream:remotename)%00%(upstream:remoteref) refs/heads/main refs/remotes/main [2ms]
2024-11-06 10:23:30.949 [warning] [Git][revParse] Unable to read file: ENOENT: no such file or directory, open '/workspace/boilerplate-project-sudoku-solver/.git/refs/remotes/origin/main'
2024-11-06 10:23:30.950 [info] > git rev-parse refs/remotes/origin/main [1ms]
2024-11-06 10:23:30.957 [info] > git status -z -uall [4ms]
2024-11-06 10:23:30.958 [info] > git for-each-ref --sort -committerdate --format %(refname) %(objectname) %(*objectname) [1ms]
2024-11-06 10:23:35.968 [info] > git config --get commit.template [3ms]
2024-11-06 10:23:35.970 [info] > git for-each-ref --format=%(refname)%00%(upstream:short)%00%(objectname)%00%(upstream:track)%00%(upstream:remotename)%00%(upstream:remoteref) refs/heads/main refs/remotes/main [2ms]
2024-11-06 10:23:35.973 [warning] [Git][revParse] Unable to read file: ENOENT: no such file or directory, open '/workspace/boilerplate-project-sudoku-solver/.git/refs/remotes/origin/main'
2024-11-06 10:23:35.975 [info] > git rev-parse refs/remotes/origin/main [2ms]
2024-11-06 10:23:35.982 [info] > git status -z -uall [4ms]
2024-11-06 10:23:35.983 [info] > git for-each-ref --sort -committerdate --format %(refname) %(objectname) %(*objectname) [2ms]
2024-11-06 10:23:40.993 [info] > git config --get commit.template [3ms]
2024-11-06 10:23:40.994 [info] > git for-each-ref --format=%(refname)%00%(upstream:short)%00%(objectname)%00%(upstream:track)%00%(upstream:remotename)%00%(upstream:remoteref) refs/heads/main refs/remotes/main [2ms]
2024-11-06 10:23:40.997 [warning] [Git][revParse] Unable to read file: ENOENT: no such file or directory, open '/workspace/boilerplate-project-sudoku-solver/.git/refs/remotes/origin/main'
2024-11-06 10:23:40.998 [info] > git rev-parse refs/remotes/origin/main [1ms]
2024-11-06 10:23:41.004 [info] > git status -z -uall [3ms]
2024-11-06 10:23:41.006 [info] > git for-each-ref --sort -committerdate --format %(refname) %(objectname) %(*objectname) [2ms]
2024-11-06 10:23:46.015 [info] > git config --get commit.template [4ms]
2024-11-06 10:23:46.016 [info] > git for-each-ref --format=%(refname)%00%(upstream:short)%00%(objectname)%00%(upstream:track)%00%(upstream:remotename)%00%(upstream:remoteref) refs/heads/main refs/remotes/main [2ms]
2024-11-06 10:23:46.019 [warning] [Git][revParse] Unable to read file: ENOENT: no such file or directory, open '/workspace/boilerplate-project-sudoku-solver/.git/refs/remotes/origin/main'
2024-11-06 10:23:46.020 [info] > git rev-parse refs/remotes/origin/main [1ms]
2024-11-06 10:23:46.027 [info] > git status -z -uall [4ms]
2024-11-06 10:23:46.028 [info] > git for-each-ref --sort -committerdate --format %(refname) %(objectname) %(*objectname) [2ms]
2024-11-06 10:23:51.040 [info] > git config --get commit.template [5ms]
2024-11-06 10:23:51.041 [info] > git for-each-ref --format=%(refname)%00%(upstream:short)%00%(objectname)%00%(upstream:track)%00%(upstream:remotename)%00%(upstream:remoteref) refs/heads/main refs/remotes/main [2ms]
2024-11-06 10:23:51.044 [warning] [Git][revParse] Unable to read file: ENOENT: no such file or directory, open '/workspace/boilerplate-project-sudoku-solver/.git/refs/remotes/origin/main'
2024-11-06 10:23:51.046 [info] > git rev-parse refs/remotes/origin/main [2ms]
2024-11-06 10:23:51.053 [info] > git status -z -uall [4ms]
2024-11-06 10:23:51.054 [info] > git for-each-ref --sort -committerdate --format %(refname) %(objectname) %(*objectname) [2ms]
2024-11-06 10:24:21.901 [info] > git config --get commit.template [4ms]
2024-11-06 10:24:21.902 [info] > git for-each-ref --format=%(refname)%00%(upstream:short)%00%(objectname)%00%(upstream:track)%00%(upstream:remotename)%00%(upstream:remoteref) refs/heads/main refs/remotes/main [2ms]
2024-11-06 10:24:21.905 [warning] [Git][revParse] Unable to read file: ENOENT: no such file or directory, open '/workspace/boilerplate-project-sudoku-solver/.git/refs/remotes/origin/main'
2024-11-06 10:24:21.907 [info] > git rev-parse refs/remotes/origin/main [2ms]
2024-11-06 10:24:21.913 [info] > git status -z -uall [3ms]
2024-11-06 10:24:21.915 [info] > git for-each-ref --sort -committerdate --format %(refname) %(objectname) %(*objectname) [2ms]
2024-11-06 10:24:26.924 [info] > git config --get commit.template [4ms]
2024-11-06 10:24:26.925 [info] > git for-each-ref --format=%(refname)%00%(upstream:short)%00%(objectname)%00%(upstream:track)%00%(upstream:remotename)%00%(upstream:remoteref) refs/heads/main refs/remotes/main [2ms]
2024-11-06 10:24:26.928 [warning] [Git][revParse] Unable to read file: ENOENT: no such file or directory, open '/workspace/boilerplate-project-sudoku-solver/.git/refs/remotes/origin/main'
2024-11-06 10:24:26.929 [info] > git rev-parse refs/remotes/origin/main [1ms]
2024-11-06 10:24:26.935 [info] > git status -z -uall [3ms]
2024-11-06 10:24:26.937 [info] > git for-each-ref --sort -committerdate --format %(refname) %(objectname) %(*objectname) [2ms]
2024-11-06 10:24:55.086 [info] > git config --get commit.template [3ms]
2024-11-06 10:24:55.087 [info] > git for-each-ref --format=%(refname)%00%(upstream:short)%00%(objectname)%00%(upstream:track)%00%(upstream:remotename)%00%(upstream:remoteref) refs/heads/main refs/remotes/main [1ms]
2024-11-06 10:24:55.091 [warning] [Git][revParse] Unable to read file: ENOENT: no such file or directory, open '/workspace/boilerplate-project-sudoku-solver/.git/refs/remotes/origin/main'
2024-11-06 10:24:55.092 [info] > git rev-parse refs/remotes/origin/main [2ms]
2024-11-06 10:24:55.098 [info] > git status -z -uall [3ms]
2024-11-06 10:24:55.100 [info] > git for-each-ref --sort -committerdate --format %(refname) %(objectname) %(*objectname) [2ms]
2024-11-06 10:25:00.293 [info] > git config --get commit.template [3ms]
2024-11-06 10:25:00.295 [info] > git for-each-ref --format=%(refname)%00%(upstream:short)%00%(objectname)%00%(upstream:track)%00%(upstream:remotename)%00%(upstream:remoteref) refs/heads/main refs/remotes/main [2ms]
2024-11-06 10:25:00.298 [warning] [Git][revParse] Unable to read file: ENOENT: no such file or directory, open '/workspace/boilerplate-project-sudoku-solver/.git/refs/remotes/origin/main'
2024-11-06 10:25:00.299 [info] > git rev-parse refs/remotes/origin/main [1ms]
2024-11-06 10:25:00.306 [info] > git status -z -uall [4ms]
2024-11-06 10:25:00.307 [info] > git for-each-ref --sort -committerdate --format %(refname) %(objectname) %(*objectname) [2ms]
2024-11-06 10:25:05.318 [info] > git config --get commit.template [5ms]
2024-11-06 10:25:05.320 [info] > git for-each-ref --format=%(refname)%00%(upstream:short)%00%(objectname)%00%(upstream:track)%00%(upstream:remotename)%00%(upstream:remoteref) refs/heads/main refs/remotes/main [2ms]
2024-11-06 10:25:05.324 [warning] [Git][revParse] Unable to read file: ENOENT: no such file or directory, open '/workspace/boilerplate-project-sudoku-solver/.git/refs/remotes/origin/main'
2024-11-06 10:25:05.325 [info] > git rev-parse refs/remotes/origin/main [1ms]
2024-11-06 10:25:05.335 [info] > git status -z -uall [6ms]
2024-11-06 10:25:05.336 [info] > git for-each-ref --sort -committerdate --format %(refname) %(objectname) %(*objectname) [2ms]
2024-11-06 10:28:50.612 [info] > git config --get commit.template [4ms]
2024-11-06 10:28:50.614 [info] > git for-each-ref --format=%(refname)%00%(upstream:short)%00%(objectname)%00%(upstream:track)%00%(upstream:remotename)%00%(upstream:remoteref) refs/heads/main refs/remotes/main [2ms]
2024-11-06 10:28:50.617 [warning] [Git][revParse] Unable to read file: ENOENT: no such file or directory, open '/workspace/boilerplate-project-sudoku-solver/.git/refs/remotes/origin/main'
2024-11-06 10:28:50.618 [info] > git rev-parse refs/remotes/origin/main [1ms]
2024-11-06 10:28:50.625 [info] > git status -z -uall [4ms]
2024-11-06 10:28:50.627 [info] > git for-each-ref --sort -committerdate --format %(refname) %(objectname) %(*objectname) [2ms]
2024-11-06 10:28:55.636 [info] > git config --get commit.template [3ms]
2024-11-06 10:28:55.638 [info] > git for-each-ref --format=%(refname)%00%(upstream:short)%00%(objectname)%00%(upstream:track)%00%(upstream:remotename)%00%(upstream:remoteref) refs/heads/main refs/remotes/main [1ms]
2024-11-06 10:28:55.640 [warning] [Git][revParse] Unable to read file: ENOENT: no such file or directory, open '/workspace/boilerplate-project-sudoku-solver/.git/refs/remotes/origin/main'
2024-11-06 10:28:55.642 [info] > git rev-parse refs/remotes/origin/main [2ms]
2024-11-06 10:28:55.648 [info] > git status -z -uall [3ms]
2024-11-06 10:28:55.650 [info] > git for-each-ref --sort -committerdate --format %(refname) %(objectname) %(*objectname) [2ms]
2024-11-06 10:29:00.659 [info] > git config --get commit.template [4ms]
2024-11-06 10:29:00.661 [info] > git for-each-ref --format=%(refname)%00%(upstream:short)%00%(objectname)%00%(upstream:track)%00%(upstream:remotename)%00%(upstream:remoteref) refs/heads/main refs/remotes/main [3ms]
2024-11-06 10:29:00.664 [warning] [Git][revParse] Unable to read file: ENOENT: no such file or directory, open '/workspace/boilerplate-project-sudoku-solver/.git/refs/remotes/origin/main'
2024-11-06 10:29:00.665 [info] > git rev-parse refs/remotes/origin/main [1ms]
2024-11-06 10:29:00.672 [info] > git status -z -uall [4ms]
2024-11-06 10:29:00.673 [info] > git for-each-ref --sort -committerdate --format %(refname) %(objectname) %(*objectname) [2ms]
2024-11-06 10:29:12.211 [info] > git config --get commit.template [4ms]
2024-11-06 10:29:12.213 [info] > git for-each-ref --format=%(refname)%00%(upstream:short)%00%(objectname)%00%(upstream:track)%00%(upstream:remotename)%00%(upstream:remoteref) refs/heads/main refs/remotes/main [2ms]
2024-11-06 10:29:12.216 [warning] [Git][revParse] Unable to read file: ENOENT: no such file or directory, open '/workspace/boilerplate-project-sudoku-solver/.git/refs/remotes/origin/main'
2024-11-06 10:29:12.218 [info] > git rev-parse refs/remotes/origin/main [2ms]
2024-11-06 10:29:12.224 [info] > git status -z -uall [3ms]
2024-11-06 10:29:12.226 [info] > git for-each-ref --sort -committerdate --format %(refname) %(objectname) %(*objectname) [2ms]
