2024-11-13 16:40:17.740 [info] Extension host with pid 135 started
2024-11-13 16:40:17.740 [error] Error: EEXIST: file already exists, open '/workspace/.vscode-remote/data/User/workspaceStorage/77cc894c/vscode.lock'
2024-11-13 16:40:17.746 [info] Lock '/workspace/.vscode-remote/data/User/workspaceStorage/77cc894c/vscode.lock': Could not acquire lock, checking if the file is stale.
2024-11-13 16:40:17.746 [info] Lock '/workspace/.vscode-remote/data/User/workspaceStorage/77cc894c/vscode.lock': The pid 131 appears to be gone.
2024-11-13 16:40:17.746 [info] Lock '/workspace/.vscode-remote/data/User/workspaceStorage/77cc894c/vscode.lock': Deleting a stale lock.
2024-11-13 16:40:17.763 [info] Lock '/workspace/.vscode-remote/data/User/workspaceStorage/77cc894c/vscode.lock': Lock acquired.
2024-11-13 16:40:17.876 [info] ExtensionService#_doActivateExtension vscode.simple-browser, startup: false, activationEvent: 'onWebviewPanel:simpleBrowser.view'
2024-11-13 16:40:17.877 [info] ExtensionService#_doActivateExtension vscode.emmet, startup: false, activationEvent: 'onLanguage'
2024-11-13 16:40:17.877 [info] ExtensionService#_doActivateExtension vscode.typescript-language-features, startup: false, activationEvent: 'onLanguage:javascript'
2024-11-13 16:40:18.089 [info] ExtensionService#_doActivateExtension vscode.git-base, startup: true, activationEvent: '*', root cause: vscode.git
2024-11-13 16:40:18.089 [info] ExtensionService#_doActivateExtension gitpod.gitpod-web, startup: true, activationEvent: '*'
2024-11-13 16:40:18.203 [info] ExtensionService#_doActivateExtension vscode.npm, startup: true, activationEvent: 'workspaceContains:package.json'
2024-11-13 16:40:18.315 [info] ExtensionService#_doActivateExtension vscode.git, startup: true, activationEvent: '*'
2024-11-13 16:40:18.315 [info] ExtensionService#_doActivateExtension vscode.github, startup: true, activationEvent: '*'
2024-11-13 16:40:19.015 [info] Eager extensions activated
2024-11-13 16:40:19.016 [info] ExtensionService#_doActivateExtension vscode.debug-auto-launch, startup: false, activationEvent: 'onStartupFinished'
2024-11-13 16:40:19.016 [info] ExtensionService#_doActivateExtension vscode.merge-conflict, startup: false, activationEvent: 'onStartupFinished'
2024-11-13 16:40:19.017 [info] ExtensionService#_doActivateExtension vscode.github-authentication, startup: false, activationEvent: 'onStartupFinished', root cause: GitHub.vscode-pull-request-github
2024-11-13 16:40:19.606 [info] ExtensionService#_doActivateExtension GitHub.vscode-pull-request-github, startup: false, activationEvent: 'onStartupFinished'
2024-11-13 16:40:20.528 [info] ExtensionService#_doActivateExtension redhat.vscode-yaml, startup: false, activationEvent: 'onLanguage:yaml'
2024-11-13 16:40:21.293 [warning] [redhat.vscode-yaml] Accessing a resource scoped configuration without providing a resource is not expected. To get the effective value for '[yaml]', provide the URI of a resource or 'null' for any resource.
2024-11-13 16:40:21.294 [warning] [redhat.vscode-yaml] Accessing a resource scoped configuration without providing a resource is not expected. To get the effective value for '[yaml]', provide the URI of a resource or 'null' for any resource.
2024-11-13 16:40:21.890 [info] ExtensionService#_doActivateExtension vscode.configuration-editing, startup: false, activationEvent: 'onLanguage:jsonc'
2024-11-13 16:40:21.890 [info] ExtensionService#_doActivateExtension vscode.json-language-features, startup: false, activationEvent: 'onLanguage:jsonc'
2024-11-13 16:40:24.172 [info] ExtensionService#_doActivateExtension vscode.extension-editing, startup: false, activationEvent: 'onLanguage:json'
