2024-11-08 14:34:32.214 [info] Extension host with pid 140 started
2024-11-08 14:34:32.214 [error] Error: EEXIST: file already exists, open '/workspace/.vscode-remote/data/User/workspaceStorage/77cc894c/vscode.lock'
2024-11-08 14:34:32.218 [info] Lock '/workspace/.vscode-remote/data/User/workspaceStorage/77cc894c/vscode.lock': Could not acquire lock, checking if the file is stale.
2024-11-08 14:34:32.219 [info] Lock '/workspace/.vscode-remote/data/User/workspaceStorage/77cc894c/vscode.lock': The pid 138 appears to be gone.
2024-11-08 14:34:32.219 [info] Lock '/workspace/.vscode-remote/data/User/workspaceStorage/77cc894c/vscode.lock': Deleting a stale lock.
2024-11-08 14:34:32.225 [info] Lock '/workspace/.vscode-remote/data/User/workspaceStorage/77cc894c/vscode.lock': Lock acquired.
2024-11-08 14:34:32.322 [info] ExtensionService#_doActivateExtension vscode.emmet, startup: false, activationEvent: 'onLanguage'
2024-11-08 14:34:32.323 [info] ExtensionService#_doActivateExtension vscode.typescript-language-features, startup: false, activationEvent: 'onLanguage:javascript'
2024-11-08 14:34:32.323 [info] ExtensionService#_doActivateExtension vscode.simple-browser, startup: false, activationEvent: 'onWebviewPanel:simpleBrowser.view'
2024-11-08 14:34:32.566 [info] ExtensionService#_doActivateExtension vscode.git-base, startup: true, activationEvent: '*', root cause: vscode.git
2024-11-08 14:34:32.567 [info] ExtensionService#_doActivateExtension gitpod.gitpod-web, startup: true, activationEvent: '*'
2024-11-08 14:34:32.719 [info] ExtensionService#_doActivateExtension vscode.npm, startup: true, activationEvent: 'workspaceContains:package.json'
2024-11-08 14:34:32.896 [info] ExtensionService#_doActivateExtension vscode.git, startup: true, activationEvent: '*'
2024-11-08 14:34:32.896 [info] ExtensionService#_doActivateExtension vscode.github, startup: true, activationEvent: '*'
2024-11-08 14:34:34.885 [info] Eager extensions activated
2024-11-08 14:34:34.885 [info] ExtensionService#_doActivateExtension vscode.debug-auto-launch, startup: false, activationEvent: 'onStartupFinished'
2024-11-08 14:34:34.886 [info] ExtensionService#_doActivateExtension vscode.merge-conflict, startup: false, activationEvent: 'onStartupFinished'
2024-11-08 14:34:34.886 [info] ExtensionService#_doActivateExtension vscode.github-authentication, startup: false, activationEvent: 'onStartupFinished', root cause: GitHub.vscode-pull-request-github
2024-11-08 14:34:35.685 [info] ExtensionService#_doActivateExtension GitHub.vscode-pull-request-github, startup: false, activationEvent: 'onStartupFinished'
2024-11-08 14:34:36.382 [info] ExtensionService#_doActivateExtension redhat.vscode-yaml, startup: false, activationEvent: 'onLanguage:yaml'
2024-11-08 14:34:37.310 [warning] [redhat.vscode-yaml] Accessing a resource scoped configuration without providing a resource is not expected. To get the effective value for '[yaml]', provide the URI of a resource or 'null' for any resource.
2024-11-08 14:34:37.311 [warning] [redhat.vscode-yaml] Accessing a resource scoped configuration without providing a resource is not expected. To get the effective value for '[yaml]', provide the URI of a resource or 'null' for any resource.
2024-11-08 14:34:37.800 [info] ExtensionService#_doActivateExtension vscode.configuration-editing, startup: false, activationEvent: 'onLanguage:jsonc'
2024-11-08 14:34:37.800 [info] ExtensionService#_doActivateExtension vscode.json-language-features, startup: false, activationEvent: 'onLanguage:jsonc'
2024-11-08 14:34:39.682 [info] ExtensionService#_doActivateExtension vscode.extension-editing, startup: false, activationEvent: 'onLanguage:json'
