2024-11-14 17:03:09.885 [info] [main] Log level: Info
2024-11-14 17:03:09.885 [info] [main] Validating found git in: "git"
2024-11-14 17:03:09.885 [info] [main] Using git "2.46.0" from "git"
2024-11-14 17:03:09.885 [info] [Model][doInitialScan] Initial repository scan started
2024-11-14 17:03:09.885 [info] > git rev-parse --show-toplevel [3ms]
2024-11-14 17:03:09.885 [info] > git rev-parse --git-dir --git-common-dir [117ms]
2024-11-14 17:03:09.885 [info] [Model][openRepository] Opened repository: /workspace/boilerplate-project-sudoku-solver
2024-11-14 17:03:09.885 [info] > git rev-parse --show-toplevel [97ms]
2024-11-14 17:03:09.885 [info] > git config --get commit.template [101ms]
2024-11-14 17:03:09.885 [info] > git rev-parse --show-toplevel [79ms]
2024-11-14 17:03:09.885 [info] > git for-each-ref --format=%(refname)%00%(upstream:short)%00%(objectname)%00%(upstream:track)%00%(upstream:remotename)%00%(upstream:remoteref) refs/heads/main refs/remotes/main [9ms]
2024-11-14 17:03:09.885 [warning] [Git][revParse] Unable to read file: ENOENT: no such file or directory, open '/workspace/boilerplate-project-sudoku-solver/.git/refs/remotes/origin/main'
2024-11-14 17:03:09.885 [info] > git rev-parse --show-toplevel [5ms]
2024-11-14 17:03:09.885 [info] > git rev-parse refs/remotes/origin/main [8ms]
2024-11-14 17:03:09.885 [info] > git status -z -uall [13ms]
2024-11-14 17:03:09.885 [info] > git rev-parse --show-toplevel [21ms]
2024-11-14 17:03:09.885 [info] > git for-each-ref --sort -committerdate --format %(refname) %(objectname) %(*objectname) [53ms]
2024-11-14 17:03:09.885 [info] > git for-each-ref --format=%(refname)%00%(upstream:short)%00%(objectname)%00%(upstream:track)%00%(upstream:remotename)%00%(upstream:remoteref) refs/heads/main refs/remotes/main [12ms]
2024-11-14 17:03:09.885 [info] > git rev-parse --show-toplevel [24ms]
2024-11-14 17:03:09.885 [info] > git config --get commit.template [12ms]
2024-11-14 17:03:09.885 [info] > git config --local branch.main.vscode-merge-base [5ms]
2024-11-14 17:03:09.885 [info] > git rev-parse --show-toplevel [10ms]
2024-11-14 17:03:09.885 [info] [Model][doInitialScan] Initial repository scan completed - repositories (1), closed repositories (0), parent repositories (0), unsafe repositories (0)
2024-11-14 17:03:09.885 [info] > git for-each-ref --format=%(refname)%00%(upstream:short)%00%(objectname)%00%(upstream:track)%00%(upstream:remotename)%00%(upstream:remoteref) refs/heads/main refs/remotes/main [3ms]
2024-11-14 17:03:09.885 [info] > git for-each-ref --format=%(refname)%00%(upstream:short)%00%(objectname)%00%(upstream:track)%00%(upstream:remotename)%00%(upstream:remoteref) refs/heads/origin/main refs/remotes/origin/main [7ms]
2024-11-14 17:03:09.885 [warning] [Git][revParse] Unable to read file: ENOENT: no such file or directory, open '/workspace/boilerplate-project-sudoku-solver/.git/refs/remotes/origin/main'
2024-11-14 17:03:09.885 [info] > git merge-base refs/heads/main refs/remotes/origin/main [13ms]
2024-11-14 17:03:09.885 [info] > git rev-parse refs/remotes/origin/main [4ms]
2024-11-14 17:03:09.885 [info] > git status -z -uall [36ms]
2024-11-14 17:03:09.885 [info] > git diff --name-status -z --diff-filter=ADMR f738a5ad883aaa13cf12d38dc40f8cfc18f7c3d8...refs/remotes/origin/main [41ms]
2024-11-14 17:03:09.885 [info] > git for-each-ref --sort -committerdate --format %(refname) %(objectname) %(*objectname) [38ms]
2024-11-14 17:03:10.393 [info] > git check-ignore -v -z --stdin [3ms]
2024-11-14 17:03:10.677 [info] > git show --textconv :routes/api.js [4ms]
2024-11-14 17:03:10.681 [info] > git ls-files --stage -- /workspace/boilerplate-project-sudoku-solver/routes/api.js [5ms]
2024-11-14 17:03:10.687 [info] > git cat-file -s 9cece279baee1fa799c4f1e3c8ab04bde7d13ca2 [3ms]
2024-11-14 17:03:13.088 [info] > git config --local branch.main.github-pr-owner-number [114ms]
2024-11-14 17:03:13.088 [warning] [Git][config] git config failed: Failed to execute git
2024-11-14 17:22:15.292 [info] > git check-ignore -v -z --stdin [2ms]
2024-11-14 17:22:15.349 [info] > git show --textconv :routes/fcctesting.js [4ms]
2024-11-14 17:22:15.351 [info] > git ls-files --stage -- /workspace/boilerplate-project-sudoku-solver/routes/fcctesting.js [2ms]
2024-11-14 17:22:15.356 [info] > git cat-file -s 9f0d2a2fabd8a14e09cb46de65b2451d9be74730 [2ms]
2024-11-14 17:22:15.926 [info] > git check-ignore -v -z --stdin [1ms]
2024-11-14 17:22:16.316 [info] > git show --textconv :tests/1_unit-tests.js [6ms]
2024-11-14 17:22:16.317 [info] > git ls-files --stage -- /workspace/boilerplate-project-sudoku-solver/tests/1_unit-tests.js [1ms]
2024-11-14 17:22:16.323 [info] > git cat-file -s d13918921a3d6f4fe7c2e331a168ecd9b7d64e62 [2ms]
2024-11-14 17:22:23.468 [info] > git show --textconv :tests/2_functional-tests.js [4ms]
2024-11-14 17:22:23.469 [info] > git ls-files --stage -- /workspace/boilerplate-project-sudoku-solver/tests/2_functional-tests.js [2ms]
2024-11-14 17:22:23.474 [info] > git cat-file -s 50e80134c848babc6e8579e1a91bde744370d1ed [2ms]
2024-11-14 17:36:02.326 [info] > git config --get commit.template [6ms]
2024-11-14 17:36:02.327 [info] > git for-each-ref --format=%(refname)%00%(upstream:short)%00%(objectname)%00%(upstream:track)%00%(upstream:remotename)%00%(upstream:remoteref) refs/heads/main refs/remotes/main [2ms]
2024-11-14 17:36:02.331 [warning] [Git][revParse] Unable to read file: ENOENT: no such file or directory, open '/workspace/boilerplate-project-sudoku-solver/.git/refs/remotes/origin/main'
2024-11-14 17:36:02.332 [info] > git rev-parse refs/remotes/origin/main [1ms]
2024-11-14 17:36:02.341 [info] > git status -z -uall [5ms]
2024-11-14 17:36:02.343 [info] > git for-each-ref --sort -committerdate --format %(refname) %(objectname) %(*objectname) [2ms]
2024-11-14 17:36:13.895 [info] > git config --get commit.template [6ms]
2024-11-14 17:36:13.897 [info] > git for-each-ref --format=%(refname)%00%(upstream:short)%00%(objectname)%00%(upstream:track)%00%(upstream:remotename)%00%(upstream:remoteref) refs/heads/main refs/remotes/main [2ms]
2024-11-14 17:36:13.902 [warning] [Git][revParse] Unable to read file: ENOENT: no such file or directory, open '/workspace/boilerplate-project-sudoku-solver/.git/refs/remotes/origin/main'
2024-11-14 17:36:13.903 [info] > git rev-parse refs/remotes/origin/main [1ms]
2024-11-14 17:36:13.912 [info] > git status -z -uall [5ms]
2024-11-14 17:36:13.913 [info] > git for-each-ref --sort -committerdate --format %(refname) %(objectname) %(*objectname) [2ms]
2024-11-14 17:36:18.925 [info] > git config --get commit.template [5ms]
2024-11-14 17:36:18.927 [info] > git for-each-ref --format=%(refname)%00%(upstream:short)%00%(objectname)%00%(upstream:track)%00%(upstream:remotename)%00%(upstream:remoteref) refs/heads/main refs/remotes/main [3ms]
2024-11-14 17:36:18.932 [warning] [Git][revParse] Unable to read file: ENOENT: no such file or directory, open '/workspace/boilerplate-project-sudoku-solver/.git/refs/remotes/origin/main'
2024-11-14 17:36:18.933 [info] > git rev-parse refs/remotes/origin/main [1ms]
2024-11-14 17:36:18.944 [info] > git status -z -uall [6ms]
2024-11-14 17:36:18.945 [info] > git for-each-ref --sort -committerdate --format %(refname) %(objectname) %(*objectname) [2ms]
2024-11-14 17:36:55.880 [info] > git show --textconv :.env [5ms]
2024-11-14 17:36:55.881 [info] > git ls-files --stage -- /workspace/boilerplate-project-sudoku-solver/.env [2ms]
2024-11-14 17:36:59.725 [info] > git config --get commit.template [6ms]
2024-11-14 17:36:59.726 [info] > git for-each-ref --format=%(refname)%00%(upstream:short)%00%(objectname)%00%(upstream:track)%00%(upstream:remotename)%00%(upstream:remoteref) refs/heads/main refs/remotes/main [2ms]
2024-11-14 17:36:59.731 [warning] [Git][revParse] Unable to read file: ENOENT: no such file or directory, open '/workspace/boilerplate-project-sudoku-solver/.git/refs/remotes/origin/main'
2024-11-14 17:36:59.733 [info] > git rev-parse refs/remotes/origin/main [2ms]
2024-11-14 17:36:59.744 [info] > git status -z -uall [5ms]
2024-11-14 17:36:59.746 [info] > git for-each-ref --sort -committerdate --format %(refname) %(objectname) %(*objectname) [3ms]
2024-11-14 17:37:01.776 [info] > git show --textconv :tests/2_functional-tests.js [9ms]
2024-11-14 17:37:01.777 [info] > git ls-files --stage -- /workspace/boilerplate-project-sudoku-solver/tests/2_functional-tests.js [1ms]
2024-11-14 17:37:01.784 [info] > git cat-file -s 50e80134c848babc6e8579e1a91bde744370d1ed [3ms]
2024-11-14 17:37:11.841 [info] > git config --get commit.template [6ms]
2024-11-14 17:37:11.842 [info] > git for-each-ref --format=%(refname)%00%(upstream:short)%00%(objectname)%00%(upstream:track)%00%(upstream:remotename)%00%(upstream:remoteref) refs/heads/main refs/remotes/main [2ms]
2024-11-14 17:37:11.846 [warning] [Git][revParse] Unable to read file: ENOENT: no such file or directory, open '/workspace/boilerplate-project-sudoku-solver/.git/refs/remotes/origin/main'
2024-11-14 17:37:11.848 [info] > git rev-parse refs/remotes/origin/main [2ms]
2024-11-14 17:37:11.857 [info] > git status -z -uall [5ms]
2024-11-14 17:37:11.859 [info] > git for-each-ref --sort -committerdate --format %(refname) %(objectname) %(*objectname) [3ms]
2024-11-14 17:38:27.234 [info] > git config --get commit.template [6ms]
2024-11-14 17:38:27.236 [info] > git for-each-ref --format=%(refname)%00%(upstream:short)%00%(objectname)%00%(upstream:track)%00%(upstream:remotename)%00%(upstream:remoteref) refs/heads/main refs/remotes/main [3ms]
2024-11-14 17:38:27.241 [warning] [Git][revParse] Unable to read file: ENOENT: no such file or directory, open '/workspace/boilerplate-project-sudoku-solver/.git/refs/remotes/origin/main'
2024-11-14 17:38:27.243 [info] > git rev-parse refs/remotes/origin/main [2ms]
2024-11-14 17:38:27.253 [info] > git status -z -uall [6ms]
2024-11-14 17:38:27.255 [info] > git for-each-ref --sort -committerdate --format %(refname) %(objectname) %(*objectname) [3ms]
2024-11-14 17:38:32.268 [info] > git config --get commit.template [5ms]
2024-11-14 17:38:32.270 [info] > git for-each-ref --format=%(refname)%00%(upstream:short)%00%(objectname)%00%(upstream:track)%00%(upstream:remotename)%00%(upstream:remoteref) refs/heads/main refs/remotes/main [3ms]
2024-11-14 17:38:32.276 [warning] [Git][revParse] Unable to read file: ENOENT: no such file or directory, open '/workspace/boilerplate-project-sudoku-solver/.git/refs/remotes/origin/main'
2024-11-14 17:38:32.278 [info] > git rev-parse refs/remotes/origin/main [2ms]
2024-11-14 17:38:32.288 [info] > git status -z -uall [6ms]
2024-11-14 17:38:32.289 [info] > git for-each-ref --sort -committerdate --format %(refname) %(objectname) %(*objectname) [2ms]
2024-11-14 17:38:39.196 [info] > git show --textconv :tests/1_unit-tests.js [5ms]
2024-11-14 17:38:39.198 [info] > git ls-files --stage -- /workspace/boilerplate-project-sudoku-solver/tests/1_unit-tests.js [2ms]
2024-11-14 17:38:39.203 [info] > git cat-file -s d13918921a3d6f4fe7c2e331a168ecd9b7d64e62 [2ms]
