2024-11-15 19:53:09.634 [info] Log level: Info
2024-11-15 19:53:09.634 [info] VSCODE_MACHINE_ID: 04ea21fb-dad9-4406-b1ec-f950a6366599
2024-11-15 19:53:09.634 [info] VSCODE_SESSION_ID: 1e99d2c8-7f09-43b1-89f0-fe338cb5c7911731700387278
2024-11-15 19:53:09.634 [info] VSCODE_VERSION: 1.95.0
2024-11-15 19:53:09.634 [info] VSCODE_APP_NAME: Gitpod Code
2024-11-15 19:53:09.634 [info] VSCODE_APP_HOST: Gitpod
2024-11-15 19:53:09.634 [info] VSCODE_UI_KIND: web
2024-11-15 19:53:09.634 [info] GITPOD_WORKSPACE_CONTEXT_URL: https://github.com/freecodecamp/boilerplate-project-sudoku-solver
2024-11-15 19:53:09.634 [info] GITPOD_INSTANCE_ID: 102c6c1f-ffa7-48c7-a733-1987051f80e0
2024-11-15 19:53:09.634 [info] GITPOD_WORKSPACE_URL: https://freecodecam-boilerplate-7pa85eogwqk.ws-us116.gitpod.io
2024-11-15 19:53:09.634 [info] Gitpod Web 7ff72a2
2024-11-15 19:53:09.634 [info] Reading sessions from keychain...
2024-11-15 19:53:10.532 [info] Getting sessions for all scopes...
2024-11-15 19:53:10.532 [info] Getting sessions for all scopes...
2024-11-15 19:53:10.532 [info] Getting GitHub sessions for all scopes...
2024-11-15 19:53:10.532 [info] Getting sessions for function:accessCodeSyncStorage...
2024-11-15 19:53:10.532 [info] Got 1 GitHub sessions for all scopes...
2024-11-15 19:53:10.533 [info] Got stored sessions!
2024-11-15 19:53:10.533 [info] Verified session with the following scopes: function:accessCodeSyncStorage function:closePort function:controlAdmission function:deleteEnvVar function:generateNewGitpodToken function:getDefaultWorkspaceImage function:getGitpodTokenScopes function:getIDToken function:getLoggedInUser function:getOpenPorts function:getSupportedWorkspaceClasses function:getTeams function:getToken function:getWorkspace function:getWorkspaceEnvVars function:getWorkspaceOwner function:getWorkspaceTimeout function:getWorkspaceUsers function:guessGitTokenScopes function:isWorkspaceOwner function:openPort function:sendHeartBeat function:setEnvVar function:setWorkspaceTimeout function:stopWorkspace function:takeSnapshot function:trackEvent function:updateGitStatus function:waitForSnapshot resource:contentBlob::*::create/get resource:envVar::*/**::update resource:envVar::*/*::update resource:envVar::freeCodeCamp/boilerplate-project-sudoku-solver::create/get/update/delete resource:gitpodToken::*::create resource:snapshot::ws-freecodecam-boilerplate-7pa85eogwqk::create resource:token::*::get resource:userStorage::*::create/get/update resource:workspace::freecodecam-boilerplate-7pa85eogwqk::get/update resource:workspaceInstance::102c6c1f-ffa7-48c7-a733-1987051f80e0::get/update/delete
2024-11-15 19:53:10.534 [info] Got 1 verified sessions.
2024-11-15 19:53:10.534 [info] Got 1 sessions for all scopes...
2024-11-15 19:53:10.534 [info] Got 1 sessions for all scopes...
2024-11-15 19:53:10.534 [info] Got 1 sessions for function:accessCodeSyncStorage...
2024-11-15 19:53:11.232 [info] Getting GitHub sessions for all scopes...
2024-11-15 19:53:11.232 [info] Getting GitHub sessions for all scopes...
2024-11-15 19:53:11.232 [info] Getting sessions for all scopes...
2024-11-15 19:53:11.232 [info] Got 1 GitHub sessions for all scopes...
2024-11-15 19:53:11.232 [info] Got 1 GitHub sessions for all scopes...
2024-11-15 19:53:11.232 [info] Got 1 sessions for all scopes...
2024-11-15 19:53:11.623 [info] Getting GitHub sessions for read:user,repo,user:email,workflow...
2024-11-15 19:53:11.623 [info] Got 1 GitHub sessions for read:user,repo,user:email,workflow...
2024-11-15 19:53:11.629 [info] Getting sessions for all scopes...
2024-11-15 19:53:11.630 [info] Getting GitHub sessions for all scopes...
2024-11-15 19:53:11.630 [info] Got 1 sessions for all scopes...
2024-11-15 19:53:11.630 [info] Got 1 GitHub sessions for all scopes...
2024-11-15 19:53:11.961 [info] Getting GitHub sessions for project,read:org,read:user,repo,user:email,workflow...
2024-11-15 19:53:11.961 [info] Got 0 GitHub sessions for project,read:org,read:user,repo,user:email,workflow...
2024-11-15 19:53:12.224 [info] Getting GitHub sessions for read:user,repo,user:email,workflow...
2024-11-15 19:53:12.224 [info] Got 1 GitHub sessions for read:user,repo,user:email,workflow...
2024-11-15 22:06:42.756 [error] cannot maintain connection to supervisor 13 INTERNAL: closed
2024-11-15 22:06:43.758 [error] cannot maintain connection to supervisor 13 INTERNAL: closed
2024-11-15 22:06:44.760 [error] cannot maintain connection to supervisor 13 INTERNAL: closed
2024-11-15 22:06:45.761 [error] cannot maintain connection to supervisor 13 INTERNAL: closed
2024-11-15 22:06:46.763 [error] cannot maintain connection to supervisor 13 INTERNAL: closed
2024-11-15 22:06:47.765 [error] cannot maintain connection to supervisor 13 INTERNAL: closed
2024-11-15 22:06:48.768 [error] cannot maintain connection to supervisor 13 INTERNAL: closed
2024-11-15 22:06:49.771 [error] cannot maintain connection to supervisor 13 INTERNAL: closed
2024-11-15 22:06:50.772 [error] cannot maintain connection to supervisor 13 INTERNAL: closed
2024-11-15 22:06:51.775 [error] cannot maintain connection to supervisor 13 INTERNAL: closed
2024-11-15 22:06:52.777 [error] cannot maintain connection to supervisor 13 INTERNAL: closed
2024-11-15 22:06:53.780 [error] cannot maintain connection to supervisor 13 INTERNAL: closed
2024-11-15 22:06:54.782 [error] cannot maintain connection to supervisor 13 INTERNAL: closed
2024-11-15 22:06:55.785 [error] cannot maintain connection to supervisor 13 INTERNAL: closed
