2024-11-05 06:06:35.566 [info] Log level: Info
2024-11-05 06:06:35.567 [info] VSCODE_MACHINE_ID: 04ea21fb-dad9-4406-b1ec-f950a6366599
2024-11-05 06:06:35.567 [info] VSCODE_SESSION_ID: 9376ec4d-c910-4510-b5f8-054c4ebdf2851730786792067
2024-11-05 06:06:35.567 [info] VSCODE_VERSION: 1.94.2
2024-11-05 06:06:35.567 [info] VSCODE_APP_NAME: Gitpod Code
2024-11-05 06:06:35.567 [info] VSCODE_APP_HOST: Gitpod
2024-11-05 06:06:35.567 [info] VSCODE_UI_KIND: web
2024-11-05 06:06:35.567 [info] GITPOD_WORKSPACE_CONTEXT_URL: https://github.com/freecodecamp/boilerplate-project-sudoku-solver
2024-11-05 06:06:35.567 [info] GITPOD_INSTANCE_ID: 35d3ad86-23ab-493f-85ed-d11c27c61f47
2024-11-05 06:06:35.567 [info] GITPOD_WORKSPACE_URL: https://freecodecam-boilerplate-7pa85eogwqk.ws-us116.gitpod.io
2024-11-05 06:06:35.567 [info] Gitpod Web 7ff72a2
2024-11-05 06:06:35.567 [info] Reading sessions from keychain...
2024-11-05 06:06:36.378 [info] Getting sessions for all scopes...
2024-11-05 06:06:36.378 [info] Getting sessions for all scopes...
2024-11-05 06:06:36.378 [info] Getting GitHub sessions for all scopes...
2024-11-05 06:06:36.378 [info] Getting sessions for function:accessCodeSyncStorage...
2024-11-05 06:06:36.378 [info] Got 1 GitHub sessions for all scopes...
2024-11-05 06:06:36.379 [info] Got stored sessions!
2024-11-05 06:06:36.379 [info] Verified session with the following scopes: function:accessCodeSyncStorage function:closePort function:controlAdmission function:deleteEnvVar function:generateNewGitpodToken function:getDefaultWorkspaceImage function:getGitpodTokenScopes function:getIDToken function:getLoggedInUser function:getOpenPorts function:getSupportedWorkspaceClasses function:getTeams function:getToken function:getWorkspace function:getWorkspaceEnvVars function:getWorkspaceOwner function:getWorkspaceTimeout function:getWorkspaceUsers function:guessGitTokenScopes function:isWorkspaceOwner function:openPort function:sendHeartBeat function:setEnvVar function:setWorkspaceTimeout function:stopWorkspace function:takeSnapshot function:trackEvent function:updateGitStatus function:waitForSnapshot resource:contentBlob::*::create/get resource:envVar::*/**::update resource:envVar::*/*::update resource:envVar::freeCodeCamp/boilerplate-project-sudoku-solver::create/get/update/delete resource:gitpodToken::*::create resource:snapshot::ws-freecodecam-boilerplate-7pa85eogwqk::create resource:token::*::get resource:userStorage::*::create/get/update resource:workspace::freecodecam-boilerplate-7pa85eogwqk::get/update resource:workspaceInstance::35d3ad86-23ab-493f-85ed-d11c27c61f47::get/update/delete
2024-11-05 06:06:36.382 [info] Got 1 verified sessions.
2024-11-05 06:06:36.382 [info] Got 1 sessions for all scopes...
2024-11-05 06:06:36.382 [info] Got 1 sessions for all scopes...
2024-11-05 06:06:36.382 [info] Got 1 sessions for function:accessCodeSyncStorage...
2024-11-05 06:06:37.153 [info] Getting GitHub sessions for all scopes...
2024-11-05 06:06:37.154 [info] Getting GitHub sessions for all scopes...
2024-11-05 06:06:37.154 [info] Getting sessions for all scopes...
2024-11-05 06:06:37.154 [info] Got 1 GitHub sessions for all scopes...
2024-11-05 06:06:37.154 [info] Got 1 GitHub sessions for all scopes...
2024-11-05 06:06:37.154 [info] Got 1 sessions for all scopes...
2024-11-05 06:06:37.159 [info] Getting GitHub sessions for read:user,repo,user:email,workflow...
2024-11-05 06:06:37.159 [info] Got 1 GitHub sessions for read:user,repo,user:email,workflow...
2024-11-05 06:06:37.867 [info] Getting sessions for all scopes...
2024-11-05 06:06:37.867 [info] Getting GitHub sessions for all scopes...
2024-11-05 06:06:37.873 [info] Got 1 sessions for all scopes...
2024-11-05 06:06:37.873 [info] Got 1 GitHub sessions for all scopes...
2024-11-05 06:06:37.952 [info] Getting GitHub sessions for project,read:org,read:user,repo,user:email,workflow...
2024-11-05 06:06:37.952 [info] Got 0 GitHub sessions for project,read:org,read:user,repo,user:email,workflow...
2024-11-05 06:06:38.255 [info] Getting GitHub sessions for read:user,repo,user:email,workflow...
2024-11-05 06:06:38.255 [info] Got 1 GitHub sessions for read:user,repo,user:email,workflow...
