2024-11-12 17:18:54.823 [info] Log level: Info
2024-11-12 17:18:55.012 [info] VSCODE_MACHINE_ID: 04ea21fb-dad9-4406-b1ec-f950a6366599
2024-11-12 17:18:55.012 [info] VSCODE_SESSION_ID: 6205e04f-3af5-460c-b185-65160ec132031731431930829
2024-11-12 17:18:55.012 [info] VSCODE_VERSION: 1.95.0
2024-11-12 17:18:55.012 [info] VSCODE_APP_NAME: Gitpod Code
2024-11-12 17:18:55.012 [info] VSCODE_APP_HOST: Gitpod
2024-11-12 17:18:55.012 [info] VSCODE_UI_KIND: web
2024-11-12 17:18:55.012 [info] GITPOD_WORKSPACE_CONTEXT_URL: https://github.com/freecodecamp/boilerplate-project-sudoku-solver
2024-11-12 17:18:55.013 [info] GITPOD_INSTANCE_ID: 39c59ab7-5611-4f48-8e9e-91498137d334
2024-11-12 17:18:55.013 [info] GITPOD_WORKSPACE_URL: https://freecodecam-boilerplate-7pa85eogwqk.ws-us116.gitpod.io
2024-11-12 17:18:55.021 [info] Gitpod Web 7ff72a2
2024-11-12 17:18:55.021 [info] Reading sessions from keychain...
2024-11-12 17:18:56.824 [info] Getting sessions for all scopes...
2024-11-12 17:18:56.824 [info] Getting sessions for all scopes...
2024-11-12 17:18:56.824 [info] Getting GitHub sessions for all scopes...
2024-11-12 17:18:56.824 [info] Getting sessions for function:accessCodeSyncStorage...
2024-11-12 17:18:56.824 [info] Got 1 GitHub sessions for all scopes...
2024-11-12 17:18:56.826 [info] Got stored sessions!
2024-11-12 17:18:56.828 [info] Verified session with the following scopes: function:accessCodeSyncStorage function:closePort function:controlAdmission function:deleteEnvVar function:generateNewGitpodToken function:getDefaultWorkspaceImage function:getGitpodTokenScopes function:getIDToken function:getLoggedInUser function:getOpenPorts function:getSupportedWorkspaceClasses function:getTeams function:getToken function:getWorkspace function:getWorkspaceEnvVars function:getWorkspaceOwner function:getWorkspaceTimeout function:getWorkspaceUsers function:guessGitTokenScopes function:isWorkspaceOwner function:openPort function:sendHeartBeat function:setEnvVar function:setWorkspaceTimeout function:stopWorkspace function:takeSnapshot function:trackEvent function:updateGitStatus function:waitForSnapshot resource:contentBlob::*::create/get resource:envVar::*/**::update resource:envVar::*/*::update resource:envVar::freeCodeCamp/boilerplate-project-sudoku-solver::create/get/update/delete resource:gitpodToken::*::create resource:snapshot::ws-freecodecam-boilerplate-7pa85eogwqk::create resource:token::*::get resource:userStorage::*::create/get/update resource:workspace::freecodecam-boilerplate-7pa85eogwqk::get/update resource:workspaceInstance::39c59ab7-5611-4f48-8e9e-91498137d334::get/update/delete
2024-11-12 17:18:56.832 [info] Got 1 verified sessions.
2024-11-12 17:18:56.833 [info] Got 1 sessions for all scopes...
2024-11-12 17:18:56.833 [info] Got 1 sessions for all scopes...
2024-11-12 17:18:56.833 [info] Got 1 sessions for function:accessCodeSyncStorage...
2024-11-12 17:18:57.679 [info] Getting GitHub sessions for all scopes...
2024-11-12 17:18:57.679 [info] Getting GitHub sessions for all scopes...
2024-11-12 17:18:57.679 [info] Getting sessions for all scopes...
2024-11-12 17:18:57.679 [info] Got 1 GitHub sessions for all scopes...
2024-11-12 17:18:57.679 [info] Got 1 GitHub sessions for all scopes...
2024-11-12 17:18:57.679 [info] Got 1 sessions for all scopes...
2024-11-12 17:18:57.750 [info] Getting GitHub sessions for read:user,repo,user:email,workflow...
2024-11-12 17:18:57.750 [info] Got 1 GitHub sessions for read:user,repo,user:email,workflow...
2024-11-12 17:18:57.934 [info] Getting GitHub sessions for project,read:org,read:user,repo,user:email,workflow...
2024-11-12 17:18:57.934 [info] Got 0 GitHub sessions for project,read:org,read:user,repo,user:email,workflow...
2024-11-12 17:18:58.410 [info] Getting GitHub sessions for read:user,repo,user:email,workflow...
2024-11-12 17:18:58.414 [info] Got 1 GitHub sessions for read:user,repo,user:email,workflow...
2024-11-12 21:40:45.421 [error] cannot maintain connection to supervisor 13 INTERNAL: closed
2024-11-12 21:40:46.423 [error] cannot maintain connection to supervisor 13 INTERNAL: closed
2024-11-12 21:40:47.425 [error] cannot maintain connection to supervisor 13 INTERNAL: closed
2024-11-12 21:40:48.426 [error] cannot maintain connection to supervisor 13 INTERNAL: closed
2024-11-12 21:40:49.428 [error] cannot maintain connection to supervisor 13 INTERNAL: closed
2024-11-12 21:40:50.430 [error] cannot maintain connection to supervisor 13 INTERNAL: closed
2024-11-12 21:40:51.432 [error] cannot maintain connection to supervisor 13 INTERNAL: closed
2024-11-12 21:40:52.434 [error] cannot maintain connection to supervisor 13 INTERNAL: closed
2024-11-12 21:40:53.436 [error] cannot maintain connection to supervisor 13 INTERNAL: closed
2024-11-12 21:40:54.438 [error] cannot maintain connection to supervisor 13 INTERNAL: closed
2024-11-12 21:40:55.439 [error] cannot maintain connection to supervisor 13 INTERNAL: closed
2024-11-12 21:40:56.441 [error] cannot maintain connection to supervisor 13 INTERNAL: closed
2024-11-12 21:40:57.442 [error] cannot maintain connection to supervisor 13 INTERNAL: closed
2024-11-12 21:40:58.443 [error] cannot maintain connection to supervisor 13 INTERNAL: closed
