2024-11-14 19:36:35.062 [info] Log level: Info
2024-11-14 19:36:35.062 [info] VSCODE_MACHINE_ID: 04ea21fb-dad9-4406-b1ec-f950a6366599
2024-11-14 19:36:35.062 [info] VSCODE_SESSION_ID: 7a6af625-86ff-4301-9ac2-c14eed20d9961731612993683
2024-11-14 19:36:35.062 [info] VSCODE_VERSION: 1.95.0
2024-11-14 19:36:35.062 [info] VSCODE_APP_NAME: Gitpod Code
2024-11-14 19:36:35.062 [info] VSCODE_APP_HOST: Gitpod
2024-11-14 19:36:35.062 [info] VSCODE_UI_KIND: web
2024-11-14 19:36:35.062 [info] GITPOD_WORKSPACE_CONTEXT_URL: https://github.com/freecodecamp/boilerplate-project-sudoku-solver
2024-11-14 19:36:35.062 [info] GITPOD_INSTANCE_ID: 2957b4fd-16b8-4114-bba7-d7cc3a5fc520
2024-11-14 19:36:35.062 [info] GITPOD_WORKSPACE_URL: https://freecodecam-boilerplate-7pa85eogwqk.ws-us116.gitpod.io
2024-11-14 19:36:35.062 [info] Gitpod Web 7ff72a2
2024-11-14 19:36:35.062 [info] Reading sessions from keychain...
2024-11-14 19:36:35.707 [info] Getting sessions for all scopes...
2024-11-14 19:36:35.707 [info] Getting sessions for all scopes...
2024-11-14 19:36:35.707 [info] Getting GitHub sessions for all scopes...
2024-11-14 19:36:35.707 [info] Got 1 GitHub sessions for all scopes...
2024-11-14 19:36:35.708 [info] Got stored sessions!
2024-11-14 19:36:35.708 [info] Verified session with the following scopes: function:accessCodeSyncStorage function:closePort function:controlAdmission function:deleteEnvVar function:generateNewGitpodToken function:getDefaultWorkspaceImage function:getGitpodTokenScopes function:getIDToken function:getLoggedInUser function:getOpenPorts function:getSupportedWorkspaceClasses function:getTeams function:getToken function:getWorkspace function:getWorkspaceEnvVars function:getWorkspaceOwner function:getWorkspaceTimeout function:getWorkspaceUsers function:guessGitTokenScopes function:isWorkspaceOwner function:openPort function:sendHeartBeat function:setEnvVar function:setWorkspaceTimeout function:stopWorkspace function:takeSnapshot function:trackEvent function:updateGitStatus function:waitForSnapshot resource:contentBlob::*::create/get resource:envVar::*/**::update resource:envVar::*/*::update resource:envVar::freeCodeCamp/boilerplate-project-sudoku-solver::create/get/update/delete resource:gitpodToken::*::create resource:snapshot::ws-freecodecam-boilerplate-7pa85eogwqk::create resource:token::*::get resource:userStorage::*::create/get/update resource:workspace::freecodecam-boilerplate-7pa85eogwqk::get/update resource:workspaceInstance::2957b4fd-16b8-4114-bba7-d7cc3a5fc520::get/update/delete
2024-11-14 19:36:35.711 [info] Got 1 verified sessions.
2024-11-14 19:36:35.711 [info] Got 1 sessions for all scopes...
2024-11-14 19:36:35.711 [info] Got 1 sessions for all scopes...
2024-11-14 19:36:37.410 [info] Getting sessions for function:accessCodeSyncStorage...
2024-11-14 19:36:37.410 [info] Got 1 sessions for function:accessCodeSyncStorage...
2024-11-14 19:36:37.416 [info] Getting GitHub sessions for all scopes...
2024-11-14 19:36:37.416 [info] Getting GitHub sessions for all scopes...
2024-11-14 19:36:37.416 [info] Getting sessions for all scopes...
2024-11-14 19:36:37.416 [info] Got 1 GitHub sessions for all scopes...
2024-11-14 19:36:37.416 [info] Got 1 GitHub sessions for all scopes...
2024-11-14 19:36:37.416 [info] Got 1 sessions for all scopes...
2024-11-14 19:36:37.578 [info] Getting GitHub sessions for read:user,repo,user:email,workflow...
2024-11-14 19:36:37.578 [info] Got 1 GitHub sessions for read:user,repo,user:email,workflow...
2024-11-14 19:36:37.735 [info] Getting sessions for all scopes...
2024-11-14 19:36:37.735 [info] Getting GitHub sessions for all scopes...
2024-11-14 19:36:37.739 [info] Got 1 sessions for all scopes...
2024-11-14 19:36:37.739 [info] Got 1 GitHub sessions for all scopes...
2024-11-14 19:36:37.746 [info] Getting GitHub sessions for project,read:org,read:user,repo,user:email,workflow...
2024-11-14 19:36:37.746 [info] Got 0 GitHub sessions for project,read:org,read:user,repo,user:email,workflow...
2024-11-14 19:36:38.058 [info] Getting GitHub sessions for read:user,repo,user:email,workflow...
2024-11-14 19:36:38.058 [info] Got 1 GitHub sessions for read:user,repo,user:email,workflow...
2024-11-14 20:59:26.972 [error] cannot maintain connection to supervisor 13 INTERNAL: closed
2024-11-14 20:59:27.972 [error] cannot maintain connection to supervisor 13 INTERNAL: closed
2024-11-14 20:59:28.974 [error] cannot maintain connection to supervisor 13 INTERNAL: closed
2024-11-14 20:59:29.975 [error] cannot maintain connection to supervisor 13 INTERNAL: closed
2024-11-14 20:59:30.977 [error] cannot maintain connection to supervisor 13 INTERNAL: closed
2024-11-14 20:59:31.979 [error] cannot maintain connection to supervisor 13 INTERNAL: closed
2024-11-14 20:59:32.980 [error] cannot maintain connection to supervisor 13 INTERNAL: closed
2024-11-14 20:59:33.983 [error] cannot maintain connection to supervisor 13 INTERNAL: closed
2024-11-14 20:59:34.985 [error] cannot maintain connection to supervisor 13 INTERNAL: closed
2024-11-14 20:59:35.987 [error] cannot maintain connection to supervisor 13 INTERNAL: closed
2024-11-14 20:59:36.988 [error] cannot maintain connection to supervisor 13 INTERNAL: closed
2024-11-14 20:59:37.990 [error] cannot maintain connection to supervisor 13 INTERNAL: closed
2024-11-14 20:59:38.991 [error] cannot maintain connection to supervisor 13 INTERNAL: closed
2024-11-14 20:59:39.992 [error] cannot maintain connection to supervisor 13 INTERNAL: closed
