2024-11-13 16:40:18.908 [info] Log level: Info
2024-11-13 16:40:19.006 [info] VSCODE_MACHINE_ID: 04ea21fb-dad9-4406-b1ec-f950a6366599
2024-11-13 16:40:19.006 [info] VSCODE_SESSION_ID: 28de29c5-6eea-40c3-9ebf-60b178b1f0dc1731516016524
2024-11-13 16:40:19.006 [info] VSCODE_VERSION: 1.95.0
2024-11-13 16:40:19.006 [info] VSCODE_APP_NAME: Gitpod Code
2024-11-13 16:40:19.006 [info] VSCODE_APP_HOST: Gitpod
2024-11-13 16:40:19.006 [info] VSCODE_UI_KIND: web
2024-11-13 16:40:19.006 [info] GITPOD_WORKSPACE_CONTEXT_URL: https://github.com/freecodecamp/boilerplate-project-sudoku-solver
2024-11-13 16:40:19.006 [info] GITPOD_INSTANCE_ID: 90833d5a-229d-4f2b-851e-3d1ef1e50038
2024-11-13 16:40:19.006 [info] GITPOD_WORKSPACE_URL: https://freecodecam-boilerplate-7pa85eogwqk.ws-us116.gitpod.io
2024-11-13 16:40:19.013 [info] Gitpod Web 7ff72a2
2024-11-13 16:40:19.013 [info] Reading sessions from keychain...
2024-11-13 16:40:19.602 [info] Getting sessions for all scopes...
2024-11-13 16:40:19.602 [info] Getting sessions for all scopes...
2024-11-13 16:40:19.602 [info] Getting GitHub sessions for all scopes...
2024-11-13 16:40:19.602 [info] Got stored sessions!
2024-11-13 16:40:19.603 [info] Verified session with the following scopes: function:accessCodeSyncStorage function:closePort function:controlAdmission function:deleteEnvVar function:generateNewGitpodToken function:getDefaultWorkspaceImage function:getGitpodTokenScopes function:getIDToken function:getLoggedInUser function:getOpenPorts function:getSupportedWorkspaceClasses function:getTeams function:getToken function:getWorkspace function:getWorkspaceEnvVars function:getWorkspaceOwner function:getWorkspaceTimeout function:getWorkspaceUsers function:guessGitTokenScopes function:isWorkspaceOwner function:openPort function:sendHeartBeat function:setEnvVar function:setWorkspaceTimeout function:stopWorkspace function:takeSnapshot function:trackEvent function:updateGitStatus function:waitForSnapshot resource:contentBlob::*::create/get resource:envVar::*/**::update resource:envVar::*/*::update resource:envVar::freeCodeCamp/boilerplate-project-sudoku-solver::create/get/update/delete resource:gitpodToken::*::create resource:snapshot::ws-freecodecam-boilerplate-7pa85eogwqk::create resource:token::*::get resource:userStorage::*::create/get/update resource:workspace::freecodecam-boilerplate-7pa85eogwqk::get/update resource:workspaceInstance::90833d5a-229d-4f2b-851e-3d1ef1e50038::get/update/delete
2024-11-13 16:40:19.605 [info] Got 1 verified sessions.
2024-11-13 16:40:19.605 [info] Got 1 sessions for all scopes...
2024-11-13 16:40:19.605 [info] Got 1 sessions for all scopes...
2024-11-13 16:40:19.756 [info] Got 1 GitHub sessions for all scopes...
2024-11-13 16:40:20.646 [info] Getting sessions for function:accessCodeSyncStorage...
2024-11-13 16:40:20.646 [info] Got 1 sessions for function:accessCodeSyncStorage...
2024-11-13 16:40:20.664 [info] Getting GitHub sessions for all scopes...
2024-11-13 16:40:20.664 [info] Getting sessions for all scopes...
2024-11-13 16:40:20.664 [info] Got 1 GitHub sessions for all scopes...
2024-11-13 16:40:20.664 [info] Got 1 sessions for all scopes...
2024-11-13 16:40:20.684 [info] Getting GitHub sessions for all scopes...
2024-11-13 16:40:20.685 [info] Got 1 GitHub sessions for all scopes...
2024-11-13 16:40:20.706 [info] Getting GitHub sessions for read:user,repo,user:email,workflow...
2024-11-13 16:40:20.706 [info] Got 1 GitHub sessions for read:user,repo,user:email,workflow...
2024-11-13 16:40:21.003 [info] Getting GitHub sessions for project,read:org,read:user,repo,user:email,workflow...
2024-11-13 16:40:21.003 [info] Got 0 GitHub sessions for project,read:org,read:user,repo,user:email,workflow...
2024-11-13 16:40:21.116 [info] Getting sessions for all scopes...
2024-11-13 16:40:21.116 [info] Getting GitHub sessions for all scopes...
2024-11-13 16:40:21.116 [info] Got 1 sessions for all scopes...
2024-11-13 16:40:21.116 [info] Got 1 GitHub sessions for all scopes...
2024-11-13 16:40:21.257 [info] Getting GitHub sessions for read:user,repo,user:email,workflow...
2024-11-13 16:40:21.257 [info] Got 1 GitHub sessions for read:user,repo,user:email,workflow...
2024-11-13 23:34:26.783 [error] cannot maintain connection to supervisor 13 INTERNAL: closed
2024-11-13 23:34:27.784 [error] cannot maintain connection to supervisor 13 INTERNAL: closed
2024-11-13 23:34:28.787 [error] cannot maintain connection to supervisor 13 INTERNAL: closed
2024-11-13 23:34:29.790 [error] cannot maintain connection to supervisor 13 INTERNAL: closed
2024-11-13 23:34:30.792 [error] cannot maintain connection to supervisor 13 INTERNAL: closed
2024-11-13 23:34:31.794 [error] cannot maintain connection to supervisor 13 INTERNAL: closed
2024-11-13 23:34:32.796 [error] cannot maintain connection to supervisor 13 INTERNAL: closed
2024-11-13 23:34:33.798 [error] cannot maintain connection to supervisor 13 INTERNAL: closed
2024-11-13 23:34:34.800 [error] cannot maintain connection to supervisor 13 INTERNAL: closed
2024-11-13 23:34:35.802 [error] cannot maintain connection to supervisor 13 INTERNAL: closed
2024-11-13 23:34:36.804 [error] cannot maintain connection to supervisor 13 INTERNAL: closed
2024-11-13 23:34:37.806 [error] cannot maintain connection to supervisor 13 INTERNAL: closed
2024-11-13 23:34:38.808 [error] cannot maintain connection to supervisor 13 INTERNAL: closed
2024-11-13 23:34:39.810 [error] cannot maintain connection to supervisor 13 INTERNAL: closed
