2024-11-11 18:37:19.624 [info] Log level: Info
2024-11-11 18:37:19.638 [info] VSCODE_MACHINE_ID: 04ea21fb-dad9-4406-b1ec-f950a6366599
2024-11-11 18:37:19.638 [info] VSCODE_SESSION_ID: 768d94cf-8301-4d8f-8324-f223e7e91ce71731350237524
2024-11-11 18:37:19.638 [info] VSCODE_VERSION: 1.95.0
2024-11-11 18:37:19.638 [info] VSCODE_APP_NAME: Gitpod Code
2024-11-11 18:37:19.638 [info] VSCODE_APP_HOST: Gitpod
2024-11-11 18:37:19.638 [info] VSCODE_UI_KIND: web
2024-11-11 18:37:19.638 [info] GITPOD_WORKSPACE_CONTEXT_URL: https://github.com/freecodecamp/boilerplate-project-sudoku-solver
2024-11-11 18:37:19.638 [info] GITPOD_INSTANCE_ID: 8558b0e1-9550-42d4-96c7-2ed37e004b63
2024-11-11 18:37:19.638 [info] GITPOD_WORKSPACE_URL: https://freecodecam-boilerplate-7pa85eogwqk.ws-us116.gitpod.io
2024-11-11 18:37:19.644 [info] Gitpod Web 7ff72a2
2024-11-11 18:37:19.644 [info] Reading sessions from keychain...
2024-11-11 18:37:20.936 [info] Getting sessions for all scopes...
2024-11-11 18:37:20.936 [info] Getting sessions for all scopes...
2024-11-11 18:37:20.936 [info] Getting sessions for function:accessCodeSyncStorage...
2024-11-11 18:37:20.936 [info] Getting GitHub sessions for all scopes...
2024-11-11 18:37:20.936 [info] Got 1 GitHub sessions for all scopes...
2024-11-11 18:37:20.937 [info] Got stored sessions!
2024-11-11 18:37:20.937 [info] Verified session with the following scopes: function:accessCodeSyncStorage function:closePort function:controlAdmission function:deleteEnvVar function:generateNewGitpodToken function:getDefaultWorkspaceImage function:getGitpodTokenScopes function:getIDToken function:getLoggedInUser function:getOpenPorts function:getSupportedWorkspaceClasses function:getTeams function:getToken function:getWorkspace function:getWorkspaceEnvVars function:getWorkspaceOwner function:getWorkspaceTimeout function:getWorkspaceUsers function:guessGitTokenScopes function:isWorkspaceOwner function:openPort function:sendHeartBeat function:setEnvVar function:setWorkspaceTimeout function:stopWorkspace function:takeSnapshot function:trackEvent function:updateGitStatus function:waitForSnapshot resource:contentBlob::*::create/get resource:envVar::*/**::update resource:envVar::*/*::update resource:envVar::freeCodeCamp/boilerplate-project-sudoku-solver::create/get/update/delete resource:gitpodToken::*::create resource:snapshot::ws-freecodecam-boilerplate-7pa85eogwqk::create resource:token::*::get resource:userStorage::*::create/get/update resource:workspace::freecodecam-boilerplate-7pa85eogwqk::get/update resource:workspaceInstance::8558b0e1-9550-42d4-96c7-2ed37e004b63::get/update/delete
2024-11-11 18:37:20.939 [info] Got 1 verified sessions.
2024-11-11 18:37:20.940 [info] Got 1 sessions for all scopes...
2024-11-11 18:37:20.940 [info] Got 1 sessions for all scopes...
2024-11-11 18:37:20.940 [info] Got 1 sessions for function:accessCodeSyncStorage...
2024-11-11 18:37:21.837 [info] Getting GitHub sessions for all scopes...
2024-11-11 18:37:21.837 [info] Getting GitHub sessions for all scopes...
2024-11-11 18:37:21.837 [info] Getting sessions for all scopes...
2024-11-11 18:37:21.837 [info] Got 1 GitHub sessions for all scopes...
2024-11-11 18:37:21.837 [info] Got 1 GitHub sessions for all scopes...
2024-11-11 18:37:21.837 [info] Got 1 sessions for all scopes...
2024-11-11 18:37:21.921 [info] Getting GitHub sessions for read:user,repo,user:email,workflow...
2024-11-11 18:37:21.921 [info] Got 1 GitHub sessions for read:user,repo,user:email,workflow...
2024-11-11 18:37:22.019 [info] Getting sessions for all scopes...
2024-11-11 18:37:22.019 [info] Getting GitHub sessions for all scopes...
2024-11-11 18:37:22.019 [info] Got 1 sessions for all scopes...
2024-11-11 18:37:22.019 [info] Got 1 GitHub sessions for all scopes...
2024-11-11 18:37:22.218 [info] Getting GitHub sessions for project,read:org,read:user,repo,user:email,workflow...
2024-11-11 18:37:22.218 [info] Got 0 GitHub sessions for project,read:org,read:user,repo,user:email,workflow...
2024-11-11 18:37:22.519 [info] Getting GitHub sessions for read:user,repo,user:email,workflow...
2024-11-11 18:37:22.519 [info] Got 1 GitHub sessions for read:user,repo,user:email,workflow...
2024-11-11 22:05:12.483 [error] cannot maintain connection to supervisor 13 INTERNAL: closed
2024-11-11 22:05:13.484 [error] cannot maintain connection to supervisor 13 INTERNAL: closed
2024-11-11 22:05:14.486 [error] cannot maintain connection to supervisor 13 INTERNAL: closed
2024-11-11 22:05:15.487 [error] cannot maintain connection to supervisor 13 INTERNAL: closed
2024-11-11 22:05:16.488 [error] cannot maintain connection to supervisor 13 INTERNAL: closed
2024-11-11 22:05:17.490 [error] cannot maintain connection to supervisor 13 INTERNAL: closed
2024-11-11 22:05:18.492 [error] cannot maintain connection to supervisor 13 INTERNAL: closed
2024-11-11 22:05:19.493 [error] cannot maintain connection to supervisor 13 INTERNAL: closed
2024-11-11 22:05:20.495 [error] cannot maintain connection to supervisor 13 INTERNAL: closed
2024-11-11 22:05:21.496 [error] cannot maintain connection to supervisor 13 INTERNAL: closed
2024-11-11 22:05:22.498 [error] cannot maintain connection to supervisor 13 INTERNAL: closed
2024-11-11 22:05:23.499 [error] cannot maintain connection to supervisor 13 INTERNAL: closed
2024-11-11 22:05:24.501 [error] cannot maintain connection to supervisor 13 INTERNAL: closed
2024-11-11 22:05:25.502 [error] cannot maintain connection to supervisor 13 INTERNAL: closed
