2024-11-05 08:52:56.781 [info] Log level: Info
2024-11-05 08:52:57.055 [info] VSCODE_MACHINE_ID: 04ea21fb-dad9-4406-b1ec-f950a6366599
2024-11-05 08:52:57.055 [info] VSCODE_SESSION_ID: c3edf337-534c-49a2-bb51-c5ff7c1ff22e1730796773607
2024-11-05 08:52:57.055 [info] VSCODE_VERSION: 1.94.2
2024-11-05 08:52:57.055 [info] VSCODE_APP_NAME: Gitpod Code
2024-11-05 08:52:57.055 [info] VSCODE_APP_HOST: Gitpod
2024-11-05 08:52:57.055 [info] VSCODE_UI_KIND: web
2024-11-05 08:52:57.055 [info] GITPOD_WORKSPACE_CONTEXT_URL: https://github.com/freecodecamp/boilerplate-project-sudoku-solver
2024-11-05 08:52:57.055 [info] GITPOD_INSTANCE_ID: 35d3ad86-23ab-493f-85ed-d11c27c61f47
2024-11-05 08:52:57.055 [info] GITPOD_WORKSPACE_URL: https://freecodecam-boilerplate-7pa85eogwqk.ws-us116.gitpod.io
2024-11-05 08:52:57.064 [info] Gitpod Web 7ff72a2
2024-11-05 08:52:57.064 [info] Reading sessions from keychain...
2024-11-05 08:52:58.261 [info] Getting sessions for all scopes...
2024-11-05 08:52:58.261 [info] Getting sessions for all scopes...
2024-11-05 08:52:58.261 [info] Getting GitHub sessions for all scopes...
2024-11-05 08:52:58.261 [info] Getting sessions for function:accessCodeSyncStorage...
2024-11-05 08:52:58.261 [info] Got 1 GitHub sessions for all scopes...
2024-11-05 08:52:58.261 [info] Got stored sessions!
2024-11-05 08:52:58.261 [info] Verified session with the following scopes: function:accessCodeSyncStorage function:closePort function:controlAdmission function:deleteEnvVar function:generateNewGitpodToken function:getDefaultWorkspaceImage function:getGitpodTokenScopes function:getIDToken function:getLoggedInUser function:getOpenPorts function:getSupportedWorkspaceClasses function:getTeams function:getToken function:getWorkspace function:getWorkspaceEnvVars function:getWorkspaceOwner function:getWorkspaceTimeout function:getWorkspaceUsers function:guessGitTokenScopes function:isWorkspaceOwner function:openPort function:sendHeartBeat function:setEnvVar function:setWorkspaceTimeout function:stopWorkspace function:takeSnapshot function:trackEvent function:updateGitStatus function:waitForSnapshot resource:contentBlob::*::create/get resource:envVar::*/**::update resource:envVar::*/*::update resource:envVar::freeCodeCamp/boilerplate-project-sudoku-solver::create/get/update/delete resource:gitpodToken::*::create resource:snapshot::ws-freecodecam-boilerplate-7pa85eogwqk::create resource:token::*::get resource:userStorage::*::create/get/update resource:workspace::freecodecam-boilerplate-7pa85eogwqk::get/update resource:workspaceInstance::35d3ad86-23ab-493f-85ed-d11c27c61f47::get/update/delete
2024-11-05 08:52:58.265 [info] Got 1 verified sessions.
2024-11-05 08:52:58.265 [info] Got 1 sessions for all scopes...
2024-11-05 08:52:58.265 [info] Got 1 sessions for all scopes...
2024-11-05 08:52:58.265 [info] Got 1 sessions for function:accessCodeSyncStorage...
2024-11-05 08:52:59.183 [info] Getting GitHub sessions for all scopes...
2024-11-05 08:52:59.183 [info] Getting GitHub sessions for all scopes...
2024-11-05 08:52:59.183 [info] Getting sessions for all scopes...
2024-11-05 08:52:59.183 [info] Got 1 GitHub sessions for all scopes...
2024-11-05 08:52:59.183 [info] Got 1 GitHub sessions for all scopes...
2024-11-05 08:52:59.183 [info] Got 1 sessions for all scopes...
2024-11-05 08:52:59.270 [info] Getting GitHub sessions for read:user,repo,user:email,workflow...
2024-11-05 08:52:59.271 [info] Got 1 GitHub sessions for read:user,repo,user:email,workflow...
2024-11-05 08:52:59.353 [info] Getting sessions for all scopes...
2024-11-05 08:52:59.353 [info] Getting GitHub sessions for all scopes...
2024-11-05 08:52:59.353 [info] Got 1 sessions for all scopes...
2024-11-05 08:52:59.353 [info] Got 1 GitHub sessions for all scopes...
2024-11-05 08:52:59.867 [info] Getting GitHub sessions for project,read:org,read:user,repo,user:email,workflow...
2024-11-05 08:52:59.867 [info] Got 0 GitHub sessions for project,read:org,read:user,repo,user:email,workflow...
2024-11-05 08:53:00.279 [info] Getting GitHub sessions for read:user,repo,user:email,workflow...
2024-11-05 08:53:00.279 [info] Got 1 GitHub sessions for read:user,repo,user:email,workflow...
2024-11-05 08:59:49.272 [error] cannot maintain connection to supervisor 13 INTERNAL: closed
2024-11-05 08:59:50.274 [error] cannot maintain connection to supervisor 13 INTERNAL: closed
2024-11-05 08:59:51.277 [error] cannot maintain connection to supervisor 13 INTERNAL: closed
2024-11-05 08:59:52.279 [error] cannot maintain connection to supervisor 13 INTERNAL: closed
2024-11-05 08:59:53.280 [error] cannot maintain connection to supervisor 13 INTERNAL: closed
2024-11-05 08:59:54.282 [error] cannot maintain connection to supervisor 13 INTERNAL: closed
2024-11-05 08:59:55.284 [error] cannot maintain connection to supervisor 13 INTERNAL: closed
2024-11-05 08:59:56.286 [error] cannot maintain connection to supervisor 13 INTERNAL: closed
2024-11-05 08:59:57.289 [error] cannot maintain connection to supervisor 13 INTERNAL: closed
2024-11-05 08:59:58.291 [error] cannot maintain connection to supervisor 13 INTERNAL: closed
2024-11-05 08:59:59.292 [error] cannot maintain connection to supervisor 13 INTERNAL: closed
2024-11-05 09:00:00.294 [error] cannot maintain connection to supervisor 13 INTERNAL: closed
2024-11-05 09:00:01.296 [error] cannot maintain connection to supervisor 13 INTERNAL: closed
2024-11-05 09:00:02.298 [error] cannot maintain connection to supervisor 13 INTERNAL: closed
