2024-11-05 08:52:58.154 [info] [main] Log level: Info
2024-11-05 08:52:58.154 [info] [main] Validating found git in: "git"
2024-11-05 08:52:58.154 [info] [main] Using git "2.46.0" from "git"
2024-11-05 08:52:58.154 [info] [Model][doInitialScan] Initial repository scan started
2024-11-05 08:52:58.154 [info] > git rev-parse --show-toplevel [3ms]
2024-11-05 08:52:58.154 [info] > git rev-parse --git-dir --git-common-dir [3ms]
2024-11-05 08:52:58.154 [info] [Model][openRepository] Opened repository: /workspace/boilerplate-project-sudoku-solver
2024-11-05 08:52:58.154 [info] > git config --get commit.template [7ms]
2024-11-05 08:52:58.154 [info] > git rev-parse --show-toplevel [3ms]
2024-11-05 08:52:58.154 [info] > git for-each-ref --format=%(refname)%00%(upstream:short)%00%(objectname)%00%(upstream:track)%00%(upstream:remotename)%00%(upstream:remoteref) refs/heads/main refs/remotes/main [198ms]
2024-11-05 08:52:58.154 [warning] [Git][revParse] Unable to read file: ENOENT: no such file or directory, open '/workspace/boilerplate-project-sudoku-solver/.git/refs/remotes/origin/main'
2024-11-05 08:52:58.154 [info] > git rev-parse --show-toplevel [119ms]
2024-11-05 08:52:58.154 [info] > git rev-parse refs/remotes/origin/main [294ms]
2024-11-05 08:52:58.154 [info] > git status -z -uall [11ms]
2024-11-05 08:52:58.154 [info] > git rev-parse --show-toplevel [105ms]
2024-11-05 08:52:58.154 [info] > git for-each-ref --sort -committerdate --format %(refname) %(objectname) %(*objectname) [84ms]
2024-11-05 08:52:58.154 [info] > git for-each-ref --format=%(refname)%00%(upstream:short)%00%(objectname)%00%(upstream:track)%00%(upstream:remotename)%00%(upstream:remoteref) refs/heads/main refs/remotes/main [85ms]
2024-11-05 08:52:58.154 [info] > git rev-parse --show-toplevel [105ms]
2024-11-05 08:52:58.154 [info] > git config --local branch.main.vscode-merge-base [13ms]
2024-11-05 08:52:58.154 [info] > git config --get commit.template [101ms]
2024-11-05 08:52:58.154 [info] > git rev-parse --show-toplevel [15ms]
2024-11-05 08:52:58.154 [info] > git for-each-ref --format=%(refname)%00%(upstream:short)%00%(objectname)%00%(upstream:track)%00%(upstream:remotename)%00%(upstream:remoteref) refs/heads/origin/main refs/remotes/origin/main [8ms]
2024-11-05 08:52:58.154 [info] > git merge-base refs/heads/main refs/remotes/origin/main [77ms]
2024-11-05 08:52:58.154 [info] > git for-each-ref --format=%(refname)%00%(upstream:short)%00%(objectname)%00%(upstream:track)%00%(upstream:remotename)%00%(upstream:remoteref) refs/heads/main refs/remotes/main [86ms]
2024-11-05 08:52:58.154 [warning] [Git][revParse] Unable to read file: ENOENT: no such file or directory, open '/workspace/boilerplate-project-sudoku-solver/.git/refs/remotes/origin/main'
2024-11-05 08:52:58.154 [info] > git rev-parse --show-toplevel [13ms]
2024-11-05 08:52:58.154 [info] [Model][doInitialScan] Initial repository scan completed - repositories (1), closed repositories (0), parent repositories (0), unsafe repositories (0)
2024-11-05 08:52:58.154 [info] > git diff --name-status -z --diff-filter=ADMR f738a5ad883aaa13cf12d38dc40f8cfc18f7c3d8...refs/remotes/origin/main [6ms]
2024-11-05 08:52:58.154 [info] > git rev-parse refs/remotes/origin/main [3ms]
2024-11-05 08:52:58.154 [info] > git status -z -uall [5ms]
2024-11-05 08:52:58.154 [info] > git for-each-ref --sort -committerdate --format %(refname) %(objectname) %(*objectname) [10ms]
2024-11-05 08:52:58.752 [info] > git check-ignore -v -z --stdin [67ms]
2024-11-05 08:52:59.170 [info] > git show --textconv :controllers/sudoku-solver.js [9ms]
2024-11-05 08:52:59.172 [info] > git ls-files --stage -- /workspace/boilerplate-project-sudoku-solver/controllers/sudoku-solver.js [8ms]
2024-11-05 08:52:59.178 [info] > git cat-file -s 0b8fdc19f451015f3110a9c4391541e4a720f07a [2ms]
2024-11-05 08:53:01.291 [info] > git config --local branch.main.github-pr-owner-number [313ms]
2024-11-05 08:53:01.291 [warning] [Git][config] git config failed: Failed to execute git
2024-11-05 08:53:18.718 [info] > git config --get commit.template [6ms]
2024-11-05 08:53:18.720 [info] > git for-each-ref --format=%(refname)%00%(upstream:short)%00%(objectname)%00%(upstream:track)%00%(upstream:remotename)%00%(upstream:remoteref) refs/heads/main refs/remotes/main [3ms]
2024-11-05 08:53:18.725 [warning] [Git][revParse] Unable to read file: ENOENT: no such file or directory, open '/workspace/boilerplate-project-sudoku-solver/.git/refs/remotes/origin/main'
2024-11-05 08:53:18.726 [info] > git rev-parse refs/remotes/origin/main [1ms]
2024-11-05 08:53:18.736 [info] > git status -z -uall [5ms]
2024-11-05 08:53:18.738 [info] > git for-each-ref --sort -committerdate --format %(refname) %(objectname) %(*objectname) [2ms]
