2024-11-15 19:53:07.668 [info] Extension host with pid 6901 started
2024-11-15 19:53:07.668 [error] Error: EEXIST: file already exists, open '/workspace/.vscode-remote/data/User/workspaceStorage/77cc894c/vscode.lock'
2024-11-15 19:53:07.671 [info] Lock '/workspace/.vscode-remote/data/User/workspaceStorage/77cc894c/vscode.lock': Could not acquire lock, checking if the file is stale.
2024-11-15 19:53:07.671 [info] Lock '/workspace/.vscode-remote/data/User/workspaceStorage/77cc894c/vscode.lock': The lock does not look stale, elapsed: 730 ms, giving up.
2024-11-15 19:53:07.674 [error] Error: EEXIST: file already exists, open '/workspace/.vscode-remote/data/User/workspaceStorage/77cc894c-1/vscode.lock'
2024-11-15 19:53:07.674 [info] Lock '/workspace/.vscode-remote/data/User/workspaceStorage/77cc894c-1/vscode.lock': Could not acquire lock, checking if the file is stale.
2024-11-15 19:53:07.675 [info] Lock '/workspace/.vscode-remote/data/User/workspaceStorage/77cc894c-1/vscode.lock': The pid 13802 appears to be gone.
2024-11-15 19:53:07.675 [info] Lock '/workspace/.vscode-remote/data/User/workspaceStorage/77cc894c-1/vscode.lock': Deleting a stale lock.
2024-11-15 19:53:07.681 [info] Lock '/workspace/.vscode-remote/data/User/workspaceStorage/77cc894c-1/vscode.lock': Lock acquired.
2024-11-15 19:53:07.836 [info] ExtensionService#_doActivateExtension vscode.simple-browser, startup: false, activationEvent: 'onWebviewPanel:simpleBrowser.view'
2024-11-15 19:53:07.837 [info] ExtensionService#_doActivateExtension vscode.emmet, startup: false, activationEvent: 'onLanguage'
2024-11-15 19:53:07.837 [info] ExtensionService#_doActivateExtension vscode.typescript-language-features, startup: false, activationEvent: 'onLanguage:javascript'
2024-11-15 19:53:07.945 [info] ExtensionService#_doActivateExtension gitpod.gitpod-web, startup: false, activationEvent: 'onAuthenticationRequest:gitpod'
2024-11-15 19:53:08.351 [info] ExtensionService#_doActivateExtension vscode.git-base, startup: true, activationEvent: '*', root cause: vscode.git
2024-11-15 19:53:08.356 [info] ExtensionService#_doActivateExtension vscode.npm, startup: true, activationEvent: 'workspaceContains:package.json'
2024-11-15 19:53:08.846 [info] ExtensionService#_doActivateExtension vscode.git, startup: true, activationEvent: '*'
2024-11-15 19:53:08.847 [info] ExtensionService#_doActivateExtension vscode.github, startup: true, activationEvent: '*'
2024-11-15 19:53:09.739 [info] Eager extensions activated
2024-11-15 19:53:09.739 [info] ExtensionService#_doActivateExtension vscode.debug-auto-launch, startup: false, activationEvent: 'onStartupFinished'
2024-11-15 19:53:09.740 [info] ExtensionService#_doActivateExtension vscode.merge-conflict, startup: false, activationEvent: 'onStartupFinished'
2024-11-15 19:53:09.740 [info] ExtensionService#_doActivateExtension vscode.github-authentication, startup: false, activationEvent: 'onStartupFinished', root cause: GitHub.vscode-pull-request-github
2024-11-15 19:53:10.731 [info] ExtensionService#_doActivateExtension redhat.vscode-yaml, startup: false, activationEvent: 'onLanguage:yaml'
2024-11-15 19:53:10.945 [info] ExtensionService#_doActivateExtension GitHub.vscode-pull-request-github, startup: false, activationEvent: 'onStartupFinished'
2024-11-15 19:53:11.833 [warning] [redhat.vscode-yaml] Accessing a resource scoped configuration without providing a resource is not expected. To get the effective value for '[yaml]', provide the URI of a resource or 'null' for any resource.
2024-11-15 19:53:11.834 [warning] [redhat.vscode-yaml] Accessing a resource scoped configuration without providing a resource is not expected. To get the effective value for '[yaml]', provide the URI of a resource or 'null' for any resource.
2024-11-15 19:53:12.628 [info] ExtensionService#_doActivateExtension vscode.configuration-editing, startup: false, activationEvent: 'onLanguage:jsonc'
2024-11-15 19:53:12.628 [info] ExtensionService#_doActivateExtension vscode.json-language-features, startup: false, activationEvent: 'onLanguage:jsonc'
2024-11-15 19:53:14.765 [info] ExtensionService#_doActivateExtension vscode.extension-editing, startup: false, activationEvent: 'onLanguage:json'
2024-11-15 21:14:36.707 [info] ExtensionService#_doActivateExtension vscode.html-language-features, startup: false, activationEvent: 'onLanguage:html'
