2024-11-15 17:31:09.725 [info] Log level: Info
2024-11-15 17:31:09.826 [info] VSCODE_MACHINE_ID: 04ea21fb-dad9-4406-b1ec-f950a6366599
2024-11-15 17:31:09.826 [info] VSCODE_SESSION_ID: 8139ffad-051c-4788-a859-7d611ce5826e1731691865103
2024-11-15 17:31:09.826 [info] VSCODE_VERSION: 1.95.0
2024-11-15 17:31:09.826 [info] VSCODE_APP_NAME: Gitpod Code
2024-11-15 17:31:09.826 [info] VSCODE_APP_HOST: Gitpod
2024-11-15 17:31:09.826 [info] VSCODE_UI_KIND: web
2024-11-15 17:31:09.826 [info] GITPOD_WORKSPACE_CONTEXT_URL: https://github.com/freecodecamp/boilerplate-project-sudoku-solver
2024-11-15 17:31:09.826 [info] GITPOD_INSTANCE_ID: 102c6c1f-ffa7-48c7-a733-1987051f80e0
2024-11-15 17:31:09.826 [info] GITPOD_WORKSPACE_URL: https://freecodecam-boilerplate-7pa85eogwqk.ws-us116.gitpod.io
2024-11-15 17:31:09.839 [info] Gitpod Web 7ff72a2
2024-11-15 17:31:09.839 [info] Reading sessions from keychain...
2024-11-15 17:31:11.727 [info] Getting sessions for all scopes...
2024-11-15 17:31:11.727 [info] Getting sessions for all scopes...
2024-11-15 17:31:11.727 [info] Getting sessions for function:accessCodeSyncStorage...
2024-11-15 17:31:11.727 [info] Getting GitHub sessions for all scopes...
2024-11-15 17:31:11.728 [info] Got 1 GitHub sessions for all scopes...
2024-11-15 17:31:11.730 [info] Got stored sessions!
2024-11-15 17:31:11.730 [info] Verified session with the following scopes: function:accessCodeSyncStorage function:closePort function:controlAdmission function:deleteEnvVar function:generateNewGitpodToken function:getDefaultWorkspaceImage function:getGitpodTokenScopes function:getIDToken function:getLoggedInUser function:getOpenPorts function:getSupportedWorkspaceClasses function:getTeams function:getToken function:getWorkspace function:getWorkspaceEnvVars function:getWorkspaceOwner function:getWorkspaceTimeout function:getWorkspaceUsers function:guessGitTokenScopes function:isWorkspaceOwner function:openPort function:sendHeartBeat function:setEnvVar function:setWorkspaceTimeout function:stopWorkspace function:takeSnapshot function:trackEvent function:updateGitStatus function:waitForSnapshot resource:contentBlob::*::create/get resource:envVar::*/**::update resource:envVar::*/*::update resource:envVar::freeCodeCamp/boilerplate-project-sudoku-solver::create/get/update/delete resource:gitpodToken::*::create resource:snapshot::ws-freecodecam-boilerplate-7pa85eogwqk::create resource:token::*::get resource:userStorage::*::create/get/update resource:workspace::freecodecam-boilerplate-7pa85eogwqk::get/update resource:workspaceInstance::102c6c1f-ffa7-48c7-a733-1987051f80e0::get/update/delete
2024-11-15 17:31:11.735 [info] Got 1 verified sessions.
2024-11-15 17:31:11.735 [info] Got 1 sessions for all scopes...
2024-11-15 17:31:11.735 [info] Got 1 sessions for all scopes...
2024-11-15 17:31:11.735 [info] Got 1 sessions for function:accessCodeSyncStorage...
2024-11-15 17:31:12.659 [info] Getting GitHub sessions for all scopes...
2024-11-15 17:31:12.659 [info] Getting GitHub sessions for all scopes...
2024-11-15 17:31:12.659 [info] Getting sessions for all scopes...
2024-11-15 17:31:12.659 [info] Got 1 GitHub sessions for all scopes...
2024-11-15 17:31:12.659 [info] Got 1 GitHub sessions for all scopes...
2024-11-15 17:31:12.659 [info] Got 1 sessions for all scopes...
2024-11-15 17:31:12.837 [info] Getting GitHub sessions for read:user,repo,user:email,workflow...
2024-11-15 17:31:12.837 [info] Got 1 GitHub sessions for read:user,repo,user:email,workflow...
2024-11-15 17:31:13.122 [info] Getting GitHub sessions for project,read:org,read:user,repo,user:email,workflow...
2024-11-15 17:31:13.122 [info] Got 0 GitHub sessions for project,read:org,read:user,repo,user:email,workflow...
2024-11-15 17:31:13.537 [info] Getting GitHub sessions for read:user,repo,user:email,workflow...
2024-11-15 17:31:13.537 [info] Got 1 GitHub sessions for read:user,repo,user:email,workflow...
