2024-11-14 19:36:35.697 [info] [main] Log level: Info
2024-11-14 19:36:35.697 [info] [main] Validating found git in: "git"
2024-11-14 19:36:35.697 [info] [main] Using git "2.46.0" from "git"
2024-11-14 19:36:35.697 [info] [Model][doInitialScan] Initial repository scan started
2024-11-14 19:36:35.697 [info] > git rev-parse --show-toplevel [8ms]
2024-11-14 19:36:35.697 [info] > git rev-parse --git-dir --git-common-dir [16ms]
2024-11-14 19:36:35.697 [info] [Model][openRepository] Opened repository: /workspace/boilerplate-project-sudoku-solver
2024-11-14 19:36:35.697 [info] > git rev-parse --show-toplevel [111ms]
2024-11-14 19:36:35.697 [info] > git config --get commit.template [116ms]
2024-11-14 19:36:35.697 [info] > git rev-parse --show-toplevel [97ms]
2024-11-14 19:36:35.697 [info] > git for-each-ref --format=%(refname)%00%(upstream:short)%00%(objectname)%00%(upstream:track)%00%(upstream:remotename)%00%(upstream:remoteref) refs/heads/main refs/remotes/main [9ms]
2024-11-14 19:36:35.697 [warning] [Git][revParse] Unable to read file: ENOENT: no such file or directory, open '/workspace/boilerplate-project-sudoku-solver/.git/refs/remotes/origin/main'
2024-11-14 19:36:35.697 [info] > git rev-parse --show-toplevel [10ms]
2024-11-14 19:36:35.697 [info] > git rev-parse refs/remotes/origin/main [74ms]
2024-11-14 19:36:35.697 [info] > git status -z -uall [22ms]
2024-11-14 19:36:35.697 [info] > git rev-parse --show-toplevel [98ms]
2024-11-14 19:36:35.697 [info] > git for-each-ref --sort -committerdate --format %(refname) %(objectname) %(*objectname) [26ms]
2024-11-14 19:36:35.697 [info] > git for-each-ref --format=%(refname)%00%(upstream:short)%00%(objectname)%00%(upstream:track)%00%(upstream:remotename)%00%(upstream:remoteref) refs/heads/main refs/remotes/main [9ms]
2024-11-14 19:36:35.697 [info] > git rev-parse --show-toplevel [85ms]
2024-11-14 19:36:35.697 [info] > git config --get commit.template [11ms]
2024-11-14 19:36:35.697 [info] > git config --local branch.main.vscode-merge-base [5ms]
2024-11-14 19:36:35.697 [info] > git rev-parse --show-toplevel [10ms]
2024-11-14 19:36:35.697 [info] [Model][doInitialScan] Initial repository scan completed - repositories (1), closed repositories (0), parent repositories (0), unsafe repositories (0)
2024-11-14 19:36:35.697 [info] > git for-each-ref --format=%(refname)%00%(upstream:short)%00%(objectname)%00%(upstream:track)%00%(upstream:remotename)%00%(upstream:remoteref) refs/heads/main refs/remotes/main [4ms]
2024-11-14 19:36:35.697 [info] > git for-each-ref --format=%(refname)%00%(upstream:short)%00%(objectname)%00%(upstream:track)%00%(upstream:remotename)%00%(upstream:remoteref) refs/heads/origin/main refs/remotes/origin/main [8ms]
2024-11-14 19:36:35.697 [warning] [Git][revParse] Unable to read file: ENOENT: no such file or directory, open '/workspace/boilerplate-project-sudoku-solver/.git/refs/remotes/origin/main'
2024-11-14 19:36:35.697 [info] > git merge-base refs/heads/main refs/remotes/origin/main [14ms]
2024-11-14 19:36:35.697 [info] > git rev-parse refs/remotes/origin/main [5ms]
2024-11-14 19:36:35.697 [info] > git status -z -uall [35ms]
2024-11-14 19:36:35.697 [info] > git diff --name-status -z --diff-filter=ADMR f738a5ad883aaa13cf12d38dc40f8cfc18f7c3d8...refs/remotes/origin/main [40ms]
2024-11-14 19:36:35.697 [info] > git for-each-ref --sort -committerdate --format %(refname) %(objectname) %(*objectname) [34ms]
2024-11-14 19:36:36.203 [info] > git check-ignore -v -z --stdin [2ms]
2024-11-14 19:36:37.145 [info] > git check-ignore -v -z --stdin [2ms]
2024-11-14 19:36:37.557 [info] > git show --textconv :tests/1_unit-tests.js [126ms]
2024-11-14 19:36:37.557 [info] > git ls-files --stage -- /workspace/boilerplate-project-sudoku-solver/tests/1_unit-tests.js [121ms]
2024-11-14 19:36:37.563 [info] > git cat-file -s d13918921a3d6f4fe7c2e331a168ecd9b7d64e62 [2ms]
2024-11-14 19:36:39.369 [info] > git config --local branch.main.github-pr-owner-number [207ms]
2024-11-14 19:36:39.369 [warning] [Git][config] git config failed: Failed to execute git
2024-11-14 19:51:11.598 [info] > git config --get commit.template [6ms]
2024-11-14 19:51:11.599 [info] > git for-each-ref --format=%(refname)%00%(upstream:short)%00%(objectname)%00%(upstream:track)%00%(upstream:remotename)%00%(upstream:remoteref) refs/heads/main refs/remotes/main [3ms]
2024-11-14 19:51:11.604 [warning] [Git][revParse] Unable to read file: ENOENT: no such file or directory, open '/workspace/boilerplate-project-sudoku-solver/.git/refs/remotes/origin/main'
2024-11-14 19:51:11.606 [info] > git rev-parse refs/remotes/origin/main [1ms]
2024-11-14 19:51:11.616 [info] > git status -z -uall [6ms]
2024-11-14 19:51:11.617 [info] > git for-each-ref --sort -committerdate --format %(refname) %(objectname) %(*objectname) [2ms]
2024-11-14 19:52:12.544 [info] > git config --get commit.template [7ms]
2024-11-14 19:52:12.545 [info] > git for-each-ref --format=%(refname)%00%(upstream:short)%00%(objectname)%00%(upstream:track)%00%(upstream:remotename)%00%(upstream:remoteref) refs/heads/main refs/remotes/main [2ms]
2024-11-14 19:52:12.549 [warning] [Git][revParse] Unable to read file: ENOENT: no such file or directory, open '/workspace/boilerplate-project-sudoku-solver/.git/refs/remotes/origin/main'
2024-11-14 19:52:12.551 [info] > git rev-parse refs/remotes/origin/main [2ms]
2024-11-14 19:52:12.560 [info] > git status -z -uall [4ms]
2024-11-14 19:52:12.561 [info] > git for-each-ref --sort -committerdate --format %(refname) %(objectname) %(*objectname) [2ms]
2024-11-14 19:59:22.916 [info] > git config --get commit.template [9ms]
2024-11-14 19:59:22.918 [info] > git for-each-ref --format=%(refname)%00%(upstream:short)%00%(objectname)%00%(upstream:track)%00%(upstream:remotename)%00%(upstream:remoteref) refs/heads/main refs/remotes/main [4ms]
2024-11-14 19:59:22.926 [warning] [Git][revParse] Unable to read file: ENOENT: no such file or directory, open '/workspace/boilerplate-project-sudoku-solver/.git/refs/remotes/origin/main'
2024-11-14 19:59:22.928 [info] > git rev-parse refs/remotes/origin/main [2ms]
2024-11-14 19:59:22.946 [info] > git status -z -uall [10ms]
2024-11-14 19:59:22.948 [info] > git for-each-ref --sort -committerdate --format %(refname) %(objectname) %(*objectname) [3ms]
2024-11-14 20:02:16.149 [info] > git config --get commit.template [8ms]
2024-11-14 20:02:16.151 [info] > git for-each-ref --format=%(refname)%00%(upstream:short)%00%(objectname)%00%(upstream:track)%00%(upstream:remotename)%00%(upstream:remoteref) refs/heads/main refs/remotes/main [3ms]
2024-11-14 20:02:16.157 [warning] [Git][revParse] Unable to read file: ENOENT: no such file or directory, open '/workspace/boilerplate-project-sudoku-solver/.git/refs/remotes/origin/main'
2024-11-14 20:02:16.159 [info] > git rev-parse refs/remotes/origin/main [2ms]
2024-11-14 20:02:16.172 [info] > git status -z -uall [7ms]
2024-11-14 20:02:16.175 [info] > git for-each-ref --sort -committerdate --format %(refname) %(objectname) %(*objectname) [3ms]
2024-11-14 20:02:21.192 [info] > git config --get commit.template [7ms]
2024-11-14 20:02:21.193 [info] > git for-each-ref --format=%(refname)%00%(upstream:short)%00%(objectname)%00%(upstream:track)%00%(upstream:remotename)%00%(upstream:remoteref) refs/heads/main refs/remotes/main [3ms]
2024-11-14 20:02:21.198 [warning] [Git][revParse] Unable to read file: ENOENT: no such file or directory, open '/workspace/boilerplate-project-sudoku-solver/.git/refs/remotes/origin/main'
2024-11-14 20:02:21.199 [info] > git rev-parse refs/remotes/origin/main [2ms]
2024-11-14 20:02:21.210 [info] > git status -z -uall [7ms]
2024-11-14 20:02:21.212 [info] > git for-each-ref --sort -committerdate --format %(refname) %(objectname) %(*objectname) [2ms]
2024-11-14 20:02:42.673 [info] > git config --get commit.template [5ms]
2024-11-14 20:02:42.674 [info] > git for-each-ref --format=%(refname)%00%(upstream:short)%00%(objectname)%00%(upstream:track)%00%(upstream:remotename)%00%(upstream:remoteref) refs/heads/main refs/remotes/main [2ms]
2024-11-14 20:02:42.678 [warning] [Git][revParse] Unable to read file: ENOENT: no such file or directory, open '/workspace/boilerplate-project-sudoku-solver/.git/refs/remotes/origin/main'
2024-11-14 20:02:42.680 [info] > git rev-parse refs/remotes/origin/main [1ms]
2024-11-14 20:02:42.688 [info] > git status -z -uall [5ms]
2024-11-14 20:02:42.689 [info] > git for-each-ref --sort -committerdate --format %(refname) %(objectname) %(*objectname) [2ms]
2024-11-14 20:02:47.702 [info] > git config --get commit.template [5ms]
2024-11-14 20:02:47.704 [info] > git for-each-ref --format=%(refname)%00%(upstream:short)%00%(objectname)%00%(upstream:track)%00%(upstream:remotename)%00%(upstream:remoteref) refs/heads/main refs/remotes/main [2ms]
2024-11-14 20:02:47.707 [warning] [Git][revParse] Unable to read file: ENOENT: no such file or directory, open '/workspace/boilerplate-project-sudoku-solver/.git/refs/remotes/origin/main'
2024-11-14 20:02:47.709 [info] > git rev-parse refs/remotes/origin/main [2ms]
2024-11-14 20:02:47.758 [info] > git status -z -uall [45ms]
2024-11-14 20:02:47.760 [info] > git for-each-ref --sort -committerdate --format %(refname) %(objectname) %(*objectname) [2ms]
2024-11-14 20:02:52.772 [info] > git config --get commit.template [5ms]
2024-11-14 20:02:52.774 [info] > git for-each-ref --format=%(refname)%00%(upstream:short)%00%(objectname)%00%(upstream:track)%00%(upstream:remotename)%00%(upstream:remoteref) refs/heads/main refs/remotes/main [3ms]
2024-11-14 20:02:52.778 [warning] [Git][revParse] Unable to read file: ENOENT: no such file or directory, open '/workspace/boilerplate-project-sudoku-solver/.git/refs/remotes/origin/main'
2024-11-14 20:02:52.780 [info] > git rev-parse refs/remotes/origin/main [2ms]
2024-11-14 20:02:52.789 [info] > git status -z -uall [5ms]
2024-11-14 20:02:52.791 [info] > git for-each-ref --sort -committerdate --format %(refname) %(objectname) %(*objectname) [3ms]
2024-11-14 20:02:57.816 [info] > git config --get commit.template [9ms]
2024-11-14 20:02:57.818 [info] > git for-each-ref --format=%(refname)%00%(upstream:short)%00%(objectname)%00%(upstream:track)%00%(upstream:remotename)%00%(upstream:remoteref) refs/heads/main refs/remotes/main [3ms]
2024-11-14 20:02:57.825 [warning] [Git][revParse] Unable to read file: ENOENT: no such file or directory, open '/workspace/boilerplate-project-sudoku-solver/.git/refs/remotes/origin/main'
2024-11-14 20:02:57.827 [info] > git rev-parse refs/remotes/origin/main [2ms]
2024-11-14 20:02:57.842 [info] > git status -z -uall [8ms]
2024-11-14 20:02:57.844 [info] > git for-each-ref --sort -committerdate --format %(refname) %(objectname) %(*objectname) [3ms]
2024-11-14 20:03:14.590 [info] > git config --get commit.template [15ms]
2024-11-14 20:03:14.591 [info] > git for-each-ref --format=%(refname)%00%(upstream:short)%00%(objectname)%00%(upstream:track)%00%(upstream:remotename)%00%(upstream:remoteref) refs/heads/main refs/remotes/main [4ms]
2024-11-14 20:03:14.602 [warning] [Git][revParse] Unable to read file: ENOENT: no such file or directory, open '/workspace/boilerplate-project-sudoku-solver/.git/refs/remotes/origin/main'
2024-11-14 20:03:14.605 [info] > git rev-parse refs/remotes/origin/main [3ms]
2024-11-14 20:03:14.629 [info] > git status -z -uall [13ms]
2024-11-14 20:03:14.632 [info] > git for-each-ref --sort -committerdate --format %(refname) %(objectname) %(*objectname) [4ms]
2024-11-14 20:03:19.662 [info] > git config --get commit.template [12ms]
2024-11-14 20:03:19.664 [info] > git for-each-ref --format=%(refname)%00%(upstream:short)%00%(objectname)%00%(upstream:track)%00%(upstream:remotename)%00%(upstream:remoteref) refs/heads/main refs/remotes/main [4ms]
2024-11-14 20:03:19.674 [warning] [Git][revParse] Unable to read file: ENOENT: no such file or directory, open '/workspace/boilerplate-project-sudoku-solver/.git/refs/remotes/origin/main'
2024-11-14 20:03:19.677 [info] > git rev-parse refs/remotes/origin/main [3ms]
2024-11-14 20:03:19.698 [info] > git status -z -uall [11ms]
2024-11-14 20:03:19.702 [info] > git for-each-ref --sort -committerdate --format %(refname) %(objectname) %(*objectname) [5ms]
2024-11-14 20:05:36.371 [info] > git config --get commit.template [7ms]
2024-11-14 20:05:36.371 [info] > git for-each-ref --format=%(refname)%00%(upstream:short)%00%(objectname)%00%(upstream:track)%00%(upstream:remotename)%00%(upstream:remoteref) refs/heads/main refs/remotes/main [2ms]
2024-11-14 20:05:36.376 [warning] [Git][revParse] Unable to read file: ENOENT: no such file or directory, open '/workspace/boilerplate-project-sudoku-solver/.git/refs/remotes/origin/main'
2024-11-14 20:05:36.377 [info] > git rev-parse refs/remotes/origin/main [1ms]
2024-11-14 20:05:36.387 [info] > git status -z -uall [5ms]
2024-11-14 20:05:36.389 [info] > git for-each-ref --sort -committerdate --format %(refname) %(objectname) %(*objectname) [2ms]
2024-11-14 20:05:41.402 [info] > git config --get commit.template [5ms]
2024-11-14 20:05:41.403 [info] > git for-each-ref --format=%(refname)%00%(upstream:short)%00%(objectname)%00%(upstream:track)%00%(upstream:remotename)%00%(upstream:remoteref) refs/heads/main refs/remotes/main [2ms]
2024-11-14 20:05:41.407 [warning] [Git][revParse] Unable to read file: ENOENT: no such file or directory, open '/workspace/boilerplate-project-sudoku-solver/.git/refs/remotes/origin/main'
2024-11-14 20:05:41.409 [info] > git rev-parse refs/remotes/origin/main [2ms]
2024-11-14 20:05:41.418 [info] > git status -z -uall [4ms]
2024-11-14 20:05:41.420 [info] > git for-each-ref --sort -committerdate --format %(refname) %(objectname) %(*objectname) [2ms]
2024-11-14 20:05:51.642 [info] > git config --get commit.template [5ms]
2024-11-14 20:05:51.643 [info] > git for-each-ref --format=%(refname)%00%(upstream:short)%00%(objectname)%00%(upstream:track)%00%(upstream:remotename)%00%(upstream:remoteref) refs/heads/main refs/remotes/main [2ms]
2024-11-14 20:05:51.647 [warning] [Git][revParse] Unable to read file: ENOENT: no such file or directory, open '/workspace/boilerplate-project-sudoku-solver/.git/refs/remotes/origin/main'
2024-11-14 20:05:51.649 [info] > git rev-parse refs/remotes/origin/main [2ms]
2024-11-14 20:05:51.657 [info] > git status -z -uall [4ms]
2024-11-14 20:05:51.658 [info] > git for-each-ref --sort -committerdate --format %(refname) %(objectname) %(*objectname) [2ms]
2024-11-14 20:05:56.921 [info] > git show --textconv :routes/api.js [5ms]
2024-11-14 20:05:56.922 [info] > git ls-files --stage -- /workspace/boilerplate-project-sudoku-solver/routes/api.js [2ms]
2024-11-14 20:05:56.927 [info] > git cat-file -s 9cece279baee1fa799c4f1e3c8ab04bde7d13ca2 [1ms]
2024-11-14 20:05:57.158 [info] > git show --textconv :routes/api.js [4ms]
2024-11-14 20:05:57.160 [info] > git ls-files --stage -- /workspace/boilerplate-project-sudoku-solver/routes/api.js [2ms]
2024-11-14 20:05:57.167 [info] > git cat-file -s 9cece279baee1fa799c4f1e3c8ab04bde7d13ca2 [2ms]
2024-11-14 20:05:57.298 [info] > git show --textconv :controllers/sudoku-solver.js [5ms]
2024-11-14 20:05:57.300 [info] > git ls-files --stage -- /workspace/boilerplate-project-sudoku-solver/controllers/sudoku-solver.js [2ms]
2024-11-14 20:05:57.306 [info] > git cat-file -s 0b8fdc19f451015f3110a9c4391541e4a720f07a [2ms]
2024-11-14 20:05:58.163 [info] > git show --textconv :tests/2_functional-tests.js [5ms]
2024-11-14 20:05:58.165 [info] > git ls-files --stage -- /workspace/boilerplate-project-sudoku-solver/tests/2_functional-tests.js [2ms]
2024-11-14 20:05:58.171 [info] > git cat-file -s 50e80134c848babc6e8579e1a91bde744370d1ed [2ms]
2024-11-14 20:05:59.810 [info] > git show --textconv :controllers/puzzle-strings.js [4ms]
2024-11-14 20:05:59.811 [info] > git ls-files --stage -- /workspace/boilerplate-project-sudoku-solver/controllers/puzzle-strings.js [2ms]
2024-11-14 20:05:59.816 [info] > git cat-file -s c58405cbb1c9af672358d22869f35bb77cd92d72 [1ms]
2024-11-14 20:06:07.744 [info] > git show --textconv :tests/1_unit-tests.js [5ms]
2024-11-14 20:06:07.745 [info] > git ls-files --stage -- /workspace/boilerplate-project-sudoku-solver/tests/1_unit-tests.js [2ms]
2024-11-14 20:06:07.752 [info] > git cat-file -s d13918921a3d6f4fe7c2e331a168ecd9b7d64e62 [2ms]
2024-11-14 20:06:10.689 [info] > git config --get commit.template [6ms]
2024-11-14 20:06:10.691 [info] > git for-each-ref --format=%(refname)%00%(upstream:short)%00%(objectname)%00%(upstream:track)%00%(upstream:remotename)%00%(upstream:remoteref) refs/heads/main refs/remotes/main [2ms]
2024-11-14 20:06:10.697 [warning] [Git][revParse] Unable to read file: ENOENT: no such file or directory, open '/workspace/boilerplate-project-sudoku-solver/.git/refs/remotes/origin/main'
2024-11-14 20:06:10.699 [info] > git rev-parse refs/remotes/origin/main [3ms]
2024-11-14 20:06:10.709 [info] > git status -z -uall [5ms]
2024-11-14 20:06:10.710 [info] > git for-each-ref --sort -committerdate --format %(refname) %(objectname) %(*objectname) [2ms]
2024-11-14 20:06:15.722 [info] > git config --get commit.template [5ms]
2024-11-14 20:06:15.723 [info] > git for-each-ref --format=%(refname)%00%(upstream:short)%00%(objectname)%00%(upstream:track)%00%(upstream:remotename)%00%(upstream:remoteref) refs/heads/main refs/remotes/main [2ms]
2024-11-14 20:06:15.727 [warning] [Git][revParse] Unable to read file: ENOENT: no such file or directory, open '/workspace/boilerplate-project-sudoku-solver/.git/refs/remotes/origin/main'
2024-11-14 20:06:15.729 [info] > git rev-parse refs/remotes/origin/main [2ms]
2024-11-14 20:06:15.736 [info] > git status -z -uall [4ms]
2024-11-14 20:06:15.738 [info] > git for-each-ref --sort -committerdate --format %(refname) %(objectname) %(*objectname) [2ms]
2024-11-14 20:06:20.751 [info] > git config --get commit.template [5ms]
2024-11-14 20:06:20.753 [info] > git for-each-ref --format=%(refname)%00%(upstream:short)%00%(objectname)%00%(upstream:track)%00%(upstream:remotename)%00%(upstream:remoteref) refs/heads/main refs/remotes/main [2ms]
2024-11-14 20:06:20.758 [warning] [Git][revParse] Unable to read file: ENOENT: no such file or directory, open '/workspace/boilerplate-project-sudoku-solver/.git/refs/remotes/origin/main'
2024-11-14 20:06:20.760 [info] > git rev-parse refs/remotes/origin/main [2ms]
2024-11-14 20:06:20.770 [info] > git status -z -uall [5ms]
2024-11-14 20:06:20.772 [info] > git for-each-ref --sort -committerdate --format %(refname) %(objectname) %(*objectname) [2ms]
2024-11-14 20:07:24.026 [info] > git config --get commit.template [6ms]
2024-11-14 20:07:24.027 [info] > git for-each-ref --format=%(refname)%00%(upstream:short)%00%(objectname)%00%(upstream:track)%00%(upstream:remotename)%00%(upstream:remoteref) refs/heads/main refs/remotes/main [2ms]
2024-11-14 20:07:24.031 [warning] [Git][revParse] Unable to read file: ENOENT: no such file or directory, open '/workspace/boilerplate-project-sudoku-solver/.git/refs/remotes/origin/main'
2024-11-14 20:07:24.032 [info] > git rev-parse refs/remotes/origin/main [1ms]
2024-11-14 20:07:24.040 [info] > git status -z -uall [4ms]
2024-11-14 20:07:24.042 [info] > git for-each-ref --sort -committerdate --format %(refname) %(objectname) %(*objectname) [2ms]
2024-11-14 20:07:55.135 [info] > git config --get commit.template [5ms]
2024-11-14 20:07:55.136 [info] > git for-each-ref --format=%(refname)%00%(upstream:short)%00%(objectname)%00%(upstream:track)%00%(upstream:remotename)%00%(upstream:remoteref) refs/heads/main refs/remotes/main [2ms]
2024-11-14 20:07:55.140 [warning] [Git][revParse] Unable to read file: ENOENT: no such file or directory, open '/workspace/boilerplate-project-sudoku-solver/.git/refs/remotes/origin/main'
2024-11-14 20:07:55.142 [info] > git rev-parse refs/remotes/origin/main [2ms]
2024-11-14 20:07:55.150 [info] > git status -z -uall [5ms]
2024-11-14 20:07:55.152 [info] > git for-each-ref --sort -committerdate --format %(refname) %(objectname) %(*objectname) [2ms]
2024-11-14 20:08:00.164 [info] > git config --get commit.template [5ms]
2024-11-14 20:08:00.166 [info] > git for-each-ref --format=%(refname)%00%(upstream:short)%00%(objectname)%00%(upstream:track)%00%(upstream:remotename)%00%(upstream:remoteref) refs/heads/main refs/remotes/main [2ms]
2024-11-14 20:08:00.171 [warning] [Git][revParse] Unable to read file: ENOENT: no such file or directory, open '/workspace/boilerplate-project-sudoku-solver/.git/refs/remotes/origin/main'
2024-11-14 20:08:00.172 [info] > git rev-parse refs/remotes/origin/main [1ms]
2024-11-14 20:08:00.182 [info] > git status -z -uall [5ms]
2024-11-14 20:08:00.184 [info] > git for-each-ref --sort -committerdate --format %(refname) %(objectname) %(*objectname) [3ms]
2024-11-14 20:08:07.658 [info] > git config --get commit.template [4ms]
2024-11-14 20:08:07.660 [info] > git for-each-ref --format=%(refname)%00%(upstream:short)%00%(objectname)%00%(upstream:track)%00%(upstream:remotename)%00%(upstream:remoteref) refs/heads/main refs/remotes/main [2ms]
2024-11-14 20:08:07.663 [warning] [Git][revParse] Unable to read file: ENOENT: no such file or directory, open '/workspace/boilerplate-project-sudoku-solver/.git/refs/remotes/origin/main'
2024-11-14 20:08:07.665 [info] > git rev-parse refs/remotes/origin/main [2ms]
2024-11-14 20:08:07.672 [info] > git status -z -uall [4ms]
2024-11-14 20:08:07.674 [info] > git for-each-ref --sort -committerdate --format %(refname) %(objectname) %(*objectname) [2ms]
2024-11-14 20:08:23.491 [info] > git config --get commit.template [6ms]
2024-11-14 20:08:23.493 [info] > git for-each-ref --format=%(refname)%00%(upstream:short)%00%(objectname)%00%(upstream:track)%00%(upstream:remotename)%00%(upstream:remoteref) refs/heads/main refs/remotes/main [3ms]
2024-11-14 20:08:23.497 [warning] [Git][revParse] Unable to read file: ENOENT: no such file or directory, open '/workspace/boilerplate-project-sudoku-solver/.git/refs/remotes/origin/main'
2024-11-14 20:08:23.499 [info] > git rev-parse refs/remotes/origin/main [2ms]
2024-11-14 20:08:23.508 [info] > git status -z -uall [5ms]
2024-11-14 20:08:23.510 [info] > git for-each-ref --sort -committerdate --format %(refname) %(objectname) %(*objectname) [3ms]
2024-11-14 20:08:29.631 [info] > git config --get commit.template [5ms]
2024-11-14 20:08:29.633 [info] > git for-each-ref --format=%(refname)%00%(upstream:short)%00%(objectname)%00%(upstream:track)%00%(upstream:remotename)%00%(upstream:remoteref) refs/heads/main refs/remotes/main [3ms]
2024-11-14 20:08:29.638 [warning] [Git][revParse] Unable to read file: ENOENT: no such file or directory, open '/workspace/boilerplate-project-sudoku-solver/.git/refs/remotes/origin/main'
2024-11-14 20:08:29.640 [info] > git rev-parse refs/remotes/origin/main [2ms]
2024-11-14 20:08:29.649 [info] > git status -z -uall [5ms]
2024-11-14 20:08:29.651 [info] > git for-each-ref --sort -committerdate --format %(refname) %(objectname) %(*objectname) [2ms]
2024-11-14 20:08:34.663 [info] > git config --get commit.template [4ms]
2024-11-14 20:08:34.664 [info] > git for-each-ref --format=%(refname)%00%(upstream:short)%00%(objectname)%00%(upstream:track)%00%(upstream:remotename)%00%(upstream:remoteref) refs/heads/main refs/remotes/main [2ms]
2024-11-14 20:08:34.668 [warning] [Git][revParse] Unable to read file: ENOENT: no such file or directory, open '/workspace/boilerplate-project-sudoku-solver/.git/refs/remotes/origin/main'
2024-11-14 20:08:34.669 [info] > git rev-parse refs/remotes/origin/main [1ms]
2024-11-14 20:08:34.677 [info] > git status -z -uall [4ms]
2024-11-14 20:08:34.679 [info] > git for-each-ref --sort -committerdate --format %(refname) %(objectname) %(*objectname) [2ms]
2024-11-14 20:08:39.690 [info] > git config --get commit.template [4ms]
2024-11-14 20:08:39.692 [info] > git for-each-ref --format=%(refname)%00%(upstream:short)%00%(objectname)%00%(upstream:track)%00%(upstream:remotename)%00%(upstream:remoteref) refs/heads/main refs/remotes/main [2ms]
2024-11-14 20:08:39.695 [warning] [Git][revParse] Unable to read file: ENOENT: no such file or directory, open '/workspace/boilerplate-project-sudoku-solver/.git/refs/remotes/origin/main'
2024-11-14 20:08:39.697 [info] > git rev-parse refs/remotes/origin/main [2ms]
2024-11-14 20:08:39.705 [info] > git status -z -uall [5ms]
2024-11-14 20:08:39.707 [info] > git for-each-ref --sort -committerdate --format %(refname) %(objectname) %(*objectname) [2ms]
2024-11-14 20:08:44.716 [info] > git config --get commit.template [4ms]
2024-11-14 20:08:44.718 [info] > git for-each-ref --format=%(refname)%00%(upstream:short)%00%(objectname)%00%(upstream:track)%00%(upstream:remotename)%00%(upstream:remoteref) refs/heads/main refs/remotes/main [2ms]
2024-11-14 20:08:44.722 [warning] [Git][revParse] Unable to read file: ENOENT: no such file or directory, open '/workspace/boilerplate-project-sudoku-solver/.git/refs/remotes/origin/main'
2024-11-14 20:08:44.723 [info] > git rev-parse refs/remotes/origin/main [1ms]
2024-11-14 20:08:44.731 [info] > git status -z -uall [4ms]
2024-11-14 20:08:44.733 [info] > git for-each-ref --sort -committerdate --format %(refname) %(objectname) %(*objectname) [2ms]
2024-11-14 20:08:49.743 [info] > git config --get commit.template [4ms]
2024-11-14 20:08:49.745 [info] > git for-each-ref --format=%(refname)%00%(upstream:short)%00%(objectname)%00%(upstream:track)%00%(upstream:remotename)%00%(upstream:remoteref) refs/heads/main refs/remotes/main [2ms]
2024-11-14 20:08:49.749 [warning] [Git][revParse] Unable to read file: ENOENT: no such file or directory, open '/workspace/boilerplate-project-sudoku-solver/.git/refs/remotes/origin/main'
2024-11-14 20:08:49.750 [info] > git rev-parse refs/remotes/origin/main [1ms]
2024-11-14 20:08:49.758 [info] > git status -z -uall [4ms]
2024-11-14 20:08:49.760 [info] > git for-each-ref --sort -committerdate --format %(refname) %(objectname) %(*objectname) [2ms]
2024-11-14 20:08:54.895 [info] > git config --get commit.template [4ms]
2024-11-14 20:08:54.897 [info] > git for-each-ref --format=%(refname)%00%(upstream:short)%00%(objectname)%00%(upstream:track)%00%(upstream:remotename)%00%(upstream:remoteref) refs/heads/main refs/remotes/main [2ms]
2024-11-14 20:08:54.900 [warning] [Git][revParse] Unable to read file: ENOENT: no such file or directory, open '/workspace/boilerplate-project-sudoku-solver/.git/refs/remotes/origin/main'
2024-11-14 20:08:54.902 [info] > git rev-parse refs/remotes/origin/main [2ms]
2024-11-14 20:08:54.910 [info] > git status -z -uall [4ms]
2024-11-14 20:08:54.912 [info] > git for-each-ref --sort -committerdate --format %(refname) %(objectname) %(*objectname) [2ms]
2024-11-14 20:09:07.594 [info] > git config --get commit.template [5ms]
2024-11-14 20:09:07.595 [info] > git for-each-ref --format=%(refname)%00%(upstream:short)%00%(objectname)%00%(upstream:track)%00%(upstream:remotename)%00%(upstream:remoteref) refs/heads/main refs/remotes/main [2ms]
2024-11-14 20:09:07.599 [warning] [Git][revParse] Unable to read file: ENOENT: no such file or directory, open '/workspace/boilerplate-project-sudoku-solver/.git/refs/remotes/origin/main'
2024-11-14 20:09:07.601 [info] > git rev-parse refs/remotes/origin/main [2ms]
2024-11-14 20:09:07.608 [info] > git status -z -uall [4ms]
2024-11-14 20:09:07.610 [info] > git for-each-ref --sort -committerdate --format %(refname) %(objectname) %(*objectname) [2ms]
2024-11-14 20:09:14.091 [info] > git config --get commit.template [5ms]
2024-11-14 20:09:14.091 [info] > git for-each-ref --format=%(refname)%00%(upstream:short)%00%(objectname)%00%(upstream:track)%00%(upstream:remotename)%00%(upstream:remoteref) refs/heads/main refs/remotes/main [2ms]
2024-11-14 20:09:14.095 [warning] [Git][revParse] Unable to read file: ENOENT: no such file or directory, open '/workspace/boilerplate-project-sudoku-solver/.git/refs/remotes/origin/main'
2024-11-14 20:09:14.096 [info] > git rev-parse refs/remotes/origin/main [1ms]
2024-11-14 20:09:14.104 [info] > git status -z -uall [4ms]
2024-11-14 20:09:14.106 [info] > git for-each-ref --sort -committerdate --format %(refname) %(objectname) %(*objectname) [2ms]
2024-11-14 20:09:21.410 [info] > git config --get commit.template [5ms]
2024-11-14 20:09:21.411 [info] > git for-each-ref --format=%(refname)%00%(upstream:short)%00%(objectname)%00%(upstream:track)%00%(upstream:remotename)%00%(upstream:remoteref) refs/heads/main refs/remotes/main [2ms]
2024-11-14 20:09:21.415 [warning] [Git][revParse] Unable to read file: ENOENT: no such file or directory, open '/workspace/boilerplate-project-sudoku-solver/.git/refs/remotes/origin/main'
2024-11-14 20:09:21.416 [info] > git rev-parse refs/remotes/origin/main [1ms]
2024-11-14 20:09:21.425 [info] > git status -z -uall [5ms]
2024-11-14 20:09:21.427 [info] > git for-each-ref --sort -committerdate --format %(refname) %(objectname) %(*objectname) [3ms]
2024-11-14 20:09:29.186 [info] > git config --get commit.template [6ms]
2024-11-14 20:09:29.187 [info] > git for-each-ref --format=%(refname)%00%(upstream:short)%00%(objectname)%00%(upstream:track)%00%(upstream:remotename)%00%(upstream:remoteref) refs/heads/main refs/remotes/main [2ms]
2024-11-14 20:09:29.192 [warning] [Git][revParse] Unable to read file: ENOENT: no such file or directory, open '/workspace/boilerplate-project-sudoku-solver/.git/refs/remotes/origin/main'
2024-11-14 20:09:29.193 [info] > git rev-parse refs/remotes/origin/main [2ms]
2024-11-14 20:09:29.202 [info] > git status -z -uall [5ms]
2024-11-14 20:09:29.203 [info] > git for-each-ref --sort -committerdate --format %(refname) %(objectname) %(*objectname) [2ms]
2024-11-14 20:09:38.566 [info] > git show --textconv :tests/2_functional-tests.js [6ms]
2024-11-14 20:09:38.568 [info] > git ls-files --stage -- /workspace/boilerplate-project-sudoku-solver/tests/2_functional-tests.js [2ms]
2024-11-14 20:09:38.575 [info] > git cat-file -s 50e80134c848babc6e8579e1a91bde744370d1ed [3ms]
2024-11-14 20:09:39.343 [info] > git show --textconv :controllers/sudoku-solver.js [4ms]
2024-11-14 20:09:39.345 [info] > git ls-files --stage -- /workspace/boilerplate-project-sudoku-solver/controllers/sudoku-solver.js [2ms]
2024-11-14 20:09:39.351 [info] > git cat-file -s 0b8fdc19f451015f3110a9c4391541e4a720f07a [2ms]
2024-11-14 20:09:47.811 [info] > git show --textconv :routes/api.js [4ms]
2024-11-14 20:09:47.813 [info] > git ls-files --stage -- /workspace/boilerplate-project-sudoku-solver/routes/api.js [2ms]
2024-11-14 20:09:47.819 [info] > git cat-file -s 9cece279baee1fa799c4f1e3c8ab04bde7d13ca2 [2ms]
2024-11-14 20:09:51.686 [info] > git show --textconv :tests/1_unit-tests.js [6ms]
2024-11-14 20:09:51.687 [info] > git ls-files --stage -- /workspace/boilerplate-project-sudoku-solver/tests/1_unit-tests.js [2ms]
2024-11-14 20:09:51.694 [info] > git cat-file -s d13918921a3d6f4fe7c2e331a168ecd9b7d64e62 [2ms]
2024-11-14 20:09:58.080 [info] > git show --textconv :controllers/puzzle-strings.js [4ms]
2024-11-14 20:09:58.082 [info] > git ls-files --stage -- /workspace/boilerplate-project-sudoku-solver/controllers/puzzle-strings.js [2ms]
2024-11-14 20:09:58.089 [info] > git cat-file -s c58405cbb1c9af672358d22869f35bb77cd92d72 [2ms]
2024-11-14 20:10:52.194 [info] > git config --get commit.template [6ms]
2024-11-14 20:10:52.195 [info] > git for-each-ref --format=%(refname)%00%(upstream:short)%00%(objectname)%00%(upstream:track)%00%(upstream:remotename)%00%(upstream:remoteref) refs/heads/main refs/remotes/main [2ms]
2024-11-14 20:10:52.201 [warning] [Git][revParse] Unable to read file: ENOENT: no such file or directory, open '/workspace/boilerplate-project-sudoku-solver/.git/refs/remotes/origin/main'
2024-11-14 20:10:52.203 [info] > git rev-parse refs/remotes/origin/main [2ms]
2024-11-14 20:10:52.211 [info] > git status -z -uall [4ms]
2024-11-14 20:10:52.213 [info] > git for-each-ref --sort -committerdate --format %(refname) %(objectname) %(*objectname) [2ms]
2024-11-14 20:11:12.325 [info] > git config --get commit.template [5ms]
2024-11-14 20:11:12.326 [info] > git for-each-ref --format=%(refname)%00%(upstream:short)%00%(objectname)%00%(upstream:track)%00%(upstream:remotename)%00%(upstream:remoteref) refs/heads/main refs/remotes/main [2ms]
2024-11-14 20:11:12.331 [warning] [Git][revParse] Unable to read file: ENOENT: no such file or directory, open '/workspace/boilerplate-project-sudoku-solver/.git/refs/remotes/origin/main'
2024-11-14 20:11:12.332 [info] > git rev-parse refs/remotes/origin/main [1ms]
2024-11-14 20:11:12.341 [info] > git status -z -uall [4ms]
2024-11-14 20:11:12.343 [info] > git for-each-ref --sort -committerdate --format %(refname) %(objectname) %(*objectname) [2ms]
2024-11-14 20:11:17.354 [info] > git config --get commit.template [4ms]
2024-11-14 20:11:17.356 [info] > git for-each-ref --format=%(refname)%00%(upstream:short)%00%(objectname)%00%(upstream:track)%00%(upstream:remotename)%00%(upstream:remoteref) refs/heads/main refs/remotes/main [2ms]
2024-11-14 20:11:17.360 [warning] [Git][revParse] Unable to read file: ENOENT: no such file or directory, open '/workspace/boilerplate-project-sudoku-solver/.git/refs/remotes/origin/main'
2024-11-14 20:11:17.361 [info] > git rev-parse refs/remotes/origin/main [1ms]
2024-11-14 20:11:17.370 [info] > git status -z -uall [4ms]
2024-11-14 20:11:17.372 [info] > git for-each-ref --sort -committerdate --format %(refname) %(objectname) %(*objectname) [2ms]
2024-11-14 20:28:49.078 [info] > git config --get commit.template [4ms]
2024-11-14 20:28:49.079 [info] > git for-each-ref --format=%(refname)%00%(upstream:short)%00%(objectname)%00%(upstream:track)%00%(upstream:remotename)%00%(upstream:remoteref) refs/heads/main refs/remotes/main [2ms]
2024-11-14 20:28:49.083 [warning] [Git][revParse] Unable to read file: ENOENT: no such file or directory, open '/workspace/boilerplate-project-sudoku-solver/.git/refs/remotes/origin/main'
2024-11-14 20:28:49.084 [info] > git rev-parse refs/remotes/origin/main [1ms]
2024-11-14 20:28:49.092 [info] > git status -z -uall [4ms]
2024-11-14 20:28:49.094 [info] > git for-each-ref --sort -committerdate --format %(refname) %(objectname) %(*objectname) [3ms]
2024-11-14 20:35:02.804 [info] > git show --textconv :tests/2_functional-tests.js [5ms]
2024-11-14 20:35:02.806 [info] > git ls-files --stage -- /workspace/boilerplate-project-sudoku-solver/tests/2_functional-tests.js [2ms]
2024-11-14 20:35:02.812 [info] > git cat-file -s 50e80134c848babc6e8579e1a91bde744370d1ed [2ms]
2024-11-14 20:35:03.402 [info] > git config --get commit.template [4ms]
2024-11-14 20:35:03.403 [info] > git for-each-ref --format=%(refname)%00%(upstream:short)%00%(objectname)%00%(upstream:track)%00%(upstream:remotename)%00%(upstream:remoteref) refs/heads/main refs/remotes/main [2ms]
2024-11-14 20:35:03.407 [warning] [Git][revParse] Unable to read file: ENOENT: no such file or directory, open '/workspace/boilerplate-project-sudoku-solver/.git/refs/remotes/origin/main'
2024-11-14 20:35:03.408 [info] > git rev-parse refs/remotes/origin/main [1ms]
2024-11-14 20:35:03.417 [info] > git status -z -uall [5ms]
2024-11-14 20:35:03.420 [info] > git for-each-ref --sort -committerdate --format %(refname) %(objectname) %(*objectname) [4ms]
2024-11-14 20:35:03.656 [info] > git show --textconv :controllers/sudoku-solver.js [5ms]
2024-11-14 20:35:03.658 [info] > git ls-files --stage -- /workspace/boilerplate-project-sudoku-solver/controllers/sudoku-solver.js [2ms]
2024-11-14 20:35:03.664 [info] > git cat-file -s 0b8fdc19f451015f3110a9c4391541e4a720f07a [2ms]
2024-11-14 20:35:05.338 [info] > git show --textconv :controllers/puzzle-strings.js [5ms]
2024-11-14 20:35:05.340 [info] > git ls-files --stage -- /workspace/boilerplate-project-sudoku-solver/controllers/puzzle-strings.js [2ms]
2024-11-14 20:35:05.346 [info] > git cat-file -s c58405cbb1c9af672358d22869f35bb77cd92d72 [2ms]
2024-11-14 20:35:05.783 [info] > git show --textconv :routes/api.js [5ms]
2024-11-14 20:35:05.784 [info] > git ls-files --stage -- /workspace/boilerplate-project-sudoku-solver/routes/api.js [2ms]
2024-11-14 20:35:05.790 [info] > git cat-file -s 9cece279baee1fa799c4f1e3c8ab04bde7d13ca2 [2ms]
2024-11-14 20:35:14.035 [info] > git show --textconv :tests/1_unit-tests.js [5ms]
2024-11-14 20:35:14.036 [info] > git ls-files --stage -- /workspace/boilerplate-project-sudoku-solver/tests/1_unit-tests.js [2ms]
2024-11-14 20:35:14.042 [info] > git cat-file -s d13918921a3d6f4fe7c2e331a168ecd9b7d64e62 [2ms]
2024-11-14 20:35:22.996 [info] > git show --textconv :.env [5ms]
2024-11-14 20:35:22.997 [info] > git ls-files --stage -- /workspace/boilerplate-project-sudoku-solver/.env [2ms]
2024-11-14 20:35:27.230 [info] > git config --get commit.template [5ms]
2024-11-14 20:35:27.232 [info] > git for-each-ref --format=%(refname)%00%(upstream:short)%00%(objectname)%00%(upstream:track)%00%(upstream:remotename)%00%(upstream:remoteref) refs/heads/main refs/remotes/main [2ms]
2024-11-14 20:35:27.237 [warning] [Git][revParse] Unable to read file: ENOENT: no such file or directory, open '/workspace/boilerplate-project-sudoku-solver/.git/refs/remotes/origin/main'
2024-11-14 20:35:27.238 [info] > git rev-parse refs/remotes/origin/main [1ms]
2024-11-14 20:35:27.249 [info] > git status -z -uall [6ms]
2024-11-14 20:35:27.250 [info] > git for-each-ref --sort -committerdate --format %(refname) %(objectname) %(*objectname) [2ms]
2024-11-14 20:35:32.262 [info] > git config --get commit.template [5ms]
2024-11-14 20:35:32.263 [info] > git for-each-ref --format=%(refname)%00%(upstream:short)%00%(objectname)%00%(upstream:track)%00%(upstream:remotename)%00%(upstream:remoteref) refs/heads/main refs/remotes/main [2ms]
2024-11-14 20:35:32.268 [warning] [Git][revParse] Unable to read file: ENOENT: no such file or directory, open '/workspace/boilerplate-project-sudoku-solver/.git/refs/remotes/origin/main'
2024-11-14 20:35:32.271 [info] > git rev-parse refs/remotes/origin/main [2ms]
2024-11-14 20:35:32.281 [info] > git status -z -uall [6ms]
2024-11-14 20:35:32.282 [info] > git for-each-ref --sort -committerdate --format %(refname) %(objectname) %(*objectname) [2ms]
2024-11-14 20:35:37.297 [info] > git config --get commit.template [6ms]
2024-11-14 20:35:37.299 [info] > git for-each-ref --format=%(refname)%00%(upstream:short)%00%(objectname)%00%(upstream:track)%00%(upstream:remotename)%00%(upstream:remoteref) refs/heads/main refs/remotes/main [2ms]
2024-11-14 20:35:37.303 [warning] [Git][revParse] Unable to read file: ENOENT: no such file or directory, open '/workspace/boilerplate-project-sudoku-solver/.git/refs/remotes/origin/main'
2024-11-14 20:35:37.305 [info] > git rev-parse refs/remotes/origin/main [2ms]
2024-11-14 20:35:37.318 [info] > git status -z -uall [7ms]
2024-11-14 20:35:37.319 [info] > git for-each-ref --sort -committerdate --format %(refname) %(objectname) %(*objectname) [3ms]
2024-11-14 20:36:18.332 [info] > git config --get commit.template [4ms]
2024-11-14 20:36:18.333 [info] > git for-each-ref --format=%(refname)%00%(upstream:short)%00%(objectname)%00%(upstream:track)%00%(upstream:remotename)%00%(upstream:remoteref) refs/heads/main refs/remotes/main [2ms]
2024-11-14 20:36:18.336 [warning] [Git][revParse] Unable to read file: ENOENT: no such file or directory, open '/workspace/boilerplate-project-sudoku-solver/.git/refs/remotes/origin/main'
2024-11-14 20:36:18.338 [info] > git rev-parse refs/remotes/origin/main [2ms]
2024-11-14 20:36:18.349 [info] > git status -z -uall [7ms]
2024-11-14 20:36:18.350 [info] > git for-each-ref --sort -committerdate --format %(refname) %(objectname) %(*objectname) [2ms]
2024-11-14 20:36:23.363 [info] > git config --get commit.template [5ms]
2024-11-14 20:36:23.363 [info] > git for-each-ref --format=%(refname)%00%(upstream:short)%00%(objectname)%00%(upstream:track)%00%(upstream:remotename)%00%(upstream:remoteref) refs/heads/main refs/remotes/main [2ms]
2024-11-14 20:36:23.368 [warning] [Git][revParse] Unable to read file: ENOENT: no such file or directory, open '/workspace/boilerplate-project-sudoku-solver/.git/refs/remotes/origin/main'
2024-11-14 20:36:23.370 [info] > git rev-parse refs/remotes/origin/main [2ms]
2024-11-14 20:36:23.379 [info] > git status -z -uall [5ms]
2024-11-14 20:36:23.380 [info] > git for-each-ref --sort -committerdate --format %(refname) %(objectname) %(*objectname) [2ms]
2024-11-14 20:38:37.810 [info] > git show --textconv :tests/2_functional-tests.js [5ms]
2024-11-14 20:38:37.811 [info] > git ls-files --stage -- /workspace/boilerplate-project-sudoku-solver/tests/2_functional-tests.js [1ms]
2024-11-14 20:38:37.817 [info] > git cat-file -s 50e80134c848babc6e8579e1a91bde744370d1ed [2ms]
2024-11-14 20:38:39.209 [info] > git show --textconv :controllers/sudoku-solver.js [5ms]
2024-11-14 20:38:39.210 [info] > git ls-files --stage -- /workspace/boilerplate-project-sudoku-solver/controllers/sudoku-solver.js [2ms]
2024-11-14 20:38:39.215 [info] > git cat-file -s 0b8fdc19f451015f3110a9c4391541e4a720f07a [2ms]
2024-11-14 20:38:39.403 [info] > git show --textconv :controllers/sudoku-solver.js [4ms]
2024-11-14 20:38:39.405 [info] > git ls-files --stage -- /workspace/boilerplate-project-sudoku-solver/controllers/sudoku-solver.js [2ms]
2024-11-14 20:38:39.411 [info] > git cat-file -s 0b8fdc19f451015f3110a9c4391541e4a720f07a [2ms]
2024-11-14 20:38:39.569 [info] > git show --textconv :routes/api.js [4ms]
2024-11-14 20:38:39.571 [info] > git ls-files --stage -- /workspace/boilerplate-project-sudoku-solver/routes/api.js [2ms]
2024-11-14 20:38:39.577 [info] > git cat-file -s 9cece279baee1fa799c4f1e3c8ab04bde7d13ca2 [2ms]
2024-11-14 20:38:42.911 [info] > git show --textconv :tests/1_unit-tests.js [5ms]
2024-11-14 20:38:42.913 [info] > git ls-files --stage -- /workspace/boilerplate-project-sudoku-solver/tests/1_unit-tests.js [1ms]
2024-11-14 20:38:42.918 [info] > git cat-file -s d13918921a3d6f4fe7c2e331a168ecd9b7d64e62 [2ms]
2024-11-14 20:38:44.499 [info] > git show --textconv :controllers/puzzle-strings.js [5ms]
2024-11-14 20:38:44.501 [info] > git ls-files --stage -- /workspace/boilerplate-project-sudoku-solver/controllers/puzzle-strings.js [3ms]
2024-11-14 20:38:44.506 [info] > git cat-file -s c58405cbb1c9af672358d22869f35bb77cd92d72 [2ms]
2024-11-14 20:39:23.328 [info] > git config --get commit.template [6ms]
2024-11-14 20:39:23.329 [info] > git for-each-ref --format=%(refname)%00%(upstream:short)%00%(objectname)%00%(upstream:track)%00%(upstream:remotename)%00%(upstream:remoteref) refs/heads/main refs/remotes/main [2ms]
2024-11-14 20:39:23.334 [warning] [Git][revParse] Unable to read file: ENOENT: no such file or directory, open '/workspace/boilerplate-project-sudoku-solver/.git/refs/remotes/origin/main'
2024-11-14 20:39:23.336 [info] > git rev-parse refs/remotes/origin/main [2ms]
2024-11-14 20:39:23.349 [info] > git status -z -uall [7ms]
2024-11-14 20:39:23.350 [info] > git for-each-ref --sort -committerdate --format %(refname) %(objectname) %(*objectname) [3ms]
2024-11-14 20:39:28.366 [info] > git config --get commit.template [8ms]
2024-11-14 20:39:28.368 [info] > git for-each-ref --format=%(refname)%00%(upstream:short)%00%(objectname)%00%(upstream:track)%00%(upstream:remotename)%00%(upstream:remoteref) refs/heads/main refs/remotes/main [3ms]
2024-11-14 20:39:28.375 [warning] [Git][revParse] Unable to read file: ENOENT: no such file or directory, open '/workspace/boilerplate-project-sudoku-solver/.git/refs/remotes/origin/main'
2024-11-14 20:39:28.377 [info] > git rev-parse refs/remotes/origin/main [2ms]
2024-11-14 20:39:28.390 [info] > git status -z -uall [7ms]
2024-11-14 20:39:28.392 [info] > git for-each-ref --sort -committerdate --format %(refname) %(objectname) %(*objectname) [3ms]
2024-11-14 20:39:35.456 [info] > git config --get commit.template [8ms]
2024-11-14 20:39:35.458 [info] > git for-each-ref --format=%(refname)%00%(upstream:short)%00%(objectname)%00%(upstream:track)%00%(upstream:remotename)%00%(upstream:remoteref) refs/heads/main refs/remotes/main [3ms]
2024-11-14 20:39:35.464 [warning] [Git][revParse] Unable to read file: ENOENT: no such file or directory, open '/workspace/boilerplate-project-sudoku-solver/.git/refs/remotes/origin/main'
2024-11-14 20:39:35.466 [info] > git rev-parse refs/remotes/origin/main [2ms]
2024-11-14 20:39:35.479 [info] > git status -z -uall [6ms]
2024-11-14 20:39:35.481 [info] > git for-each-ref --sort -committerdate --format %(refname) %(objectname) %(*objectname) [2ms]
2024-11-14 20:39:40.496 [info] > git config --get commit.template [5ms]
2024-11-14 20:39:40.498 [info] > git for-each-ref --format=%(refname)%00%(upstream:short)%00%(objectname)%00%(upstream:track)%00%(upstream:remotename)%00%(upstream:remoteref) refs/heads/main refs/remotes/main [3ms]
2024-11-14 20:39:40.503 [warning] [Git][revParse] Unable to read file: ENOENT: no such file or directory, open '/workspace/boilerplate-project-sudoku-solver/.git/refs/remotes/origin/main'
2024-11-14 20:39:40.505 [info] > git rev-parse refs/remotes/origin/main [2ms]
2024-11-14 20:39:40.515 [info] > git status -z -uall [5ms]
2024-11-14 20:39:40.517 [info] > git for-each-ref --sort -committerdate --format %(refname) %(objectname) %(*objectname) [3ms]
2024-11-14 20:41:47.430 [info] > git show --textconv :controllers/sudoku-solver.js [7ms]
2024-11-14 20:41:47.431 [info] > git ls-files --stage -- /workspace/boilerplate-project-sudoku-solver/controllers/sudoku-solver.js [2ms]
2024-11-14 20:41:47.441 [info] > git cat-file -s 0b8fdc19f451015f3110a9c4391541e4a720f07a [3ms]
2024-11-14 20:41:47.870 [info] > git show --textconv :routes/api.js [8ms]
2024-11-14 20:41:47.871 [info] > git ls-files --stage -- /workspace/boilerplate-project-sudoku-solver/routes/api.js [3ms]
2024-11-14 20:41:47.879 [info] > git cat-file -s 9cece279baee1fa799c4f1e3c8ab04bde7d13ca2 [3ms]
2024-11-14 20:41:48.865 [info] > git show --textconv :controllers/puzzle-strings.js [5ms]
2024-11-14 20:41:48.866 [info] > git ls-files --stage -- /workspace/boilerplate-project-sudoku-solver/controllers/puzzle-strings.js [2ms]
2024-11-14 20:41:48.873 [info] > git cat-file -s c58405cbb1c9af672358d22869f35bb77cd92d72 [3ms]
2024-11-14 20:41:50.145 [info] > git show --textconv :tests/1_unit-tests.js [7ms]
2024-11-14 20:41:50.146 [info] > git ls-files --stage -- /workspace/boilerplate-project-sudoku-solver/tests/1_unit-tests.js [2ms]
2024-11-14 20:41:50.154 [info] > git cat-file -s d13918921a3d6f4fe7c2e331a168ecd9b7d64e62 [2ms]
2024-11-14 20:42:43.701 [info] > git config --get commit.template [9ms]
2024-11-14 20:42:43.704 [info] > git for-each-ref --format=%(refname)%00%(upstream:short)%00%(objectname)%00%(upstream:track)%00%(upstream:remotename)%00%(upstream:remoteref) refs/heads/main refs/remotes/main [3ms]
2024-11-14 20:42:43.712 [warning] [Git][revParse] Unable to read file: ENOENT: no such file or directory, open '/workspace/boilerplate-project-sudoku-solver/.git/refs/remotes/origin/main'
2024-11-14 20:42:43.714 [info] > git rev-parse refs/remotes/origin/main [2ms]
2024-11-14 20:42:43.730 [info] > git status -z -uall [9ms]
2024-11-14 20:42:43.732 [info] > git for-each-ref --sort -committerdate --format %(refname) %(objectname) %(*objectname) [3ms]
2024-11-14 20:42:48.752 [info] > git config --get commit.template [8ms]
2024-11-14 20:42:48.754 [info] > git for-each-ref --format=%(refname)%00%(upstream:short)%00%(objectname)%00%(upstream:track)%00%(upstream:remotename)%00%(upstream:remoteref) refs/heads/main refs/remotes/main [2ms]
2024-11-14 20:42:48.766 [warning] [Git][revParse] Unable to read file: ENOENT: no such file or directory, open '/workspace/boilerplate-project-sudoku-solver/.git/refs/remotes/origin/main'
2024-11-14 20:42:48.769 [info] > git rev-parse refs/remotes/origin/main [3ms]
2024-11-14 20:42:48.795 [info] > git status -z -uall [10ms]
2024-11-14 20:42:48.799 [info] > git for-each-ref --sort -committerdate --format %(refname) %(objectname) %(*objectname) [3ms]
2024-11-14 20:43:04.634 [info] > git config --get commit.template [5ms]
2024-11-14 20:43:04.636 [info] > git for-each-ref --format=%(refname)%00%(upstream:short)%00%(objectname)%00%(upstream:track)%00%(upstream:remotename)%00%(upstream:remoteref) refs/heads/main refs/remotes/main [2ms]
2024-11-14 20:43:04.641 [warning] [Git][revParse] Unable to read file: ENOENT: no such file or directory, open '/workspace/boilerplate-project-sudoku-solver/.git/refs/remotes/origin/main'
2024-11-14 20:43:04.643 [info] > git rev-parse refs/remotes/origin/main [2ms]
2024-11-14 20:43:04.656 [info] > git status -z -uall [6ms]
2024-11-14 20:43:04.658 [info] > git for-each-ref --sort -committerdate --format %(refname) %(objectname) %(*objectname) [3ms]
2024-11-14 20:44:00.971 [info] > git config --get commit.template [9ms]
2024-11-14 20:44:00.974 [info] > git for-each-ref --format=%(refname)%00%(upstream:short)%00%(objectname)%00%(upstream:track)%00%(upstream:remotename)%00%(upstream:remoteref) refs/heads/main refs/remotes/main [4ms]
2024-11-14 20:44:00.982 [warning] [Git][revParse] Unable to read file: ENOENT: no such file or directory, open '/workspace/boilerplate-project-sudoku-solver/.git/refs/remotes/origin/main'
2024-11-14 20:44:00.985 [info] > git rev-parse refs/remotes/origin/main [3ms]
2024-11-14 20:44:01.003 [info] > git status -z -uall [9ms]
2024-11-14 20:44:01.005 [info] > git for-each-ref --sort -committerdate --format %(refname) %(objectname) %(*objectname) [3ms]
2024-11-14 20:44:06.025 [info] > git config --get commit.template [7ms]
2024-11-14 20:44:06.026 [info] > git for-each-ref --format=%(refname)%00%(upstream:short)%00%(objectname)%00%(upstream:track)%00%(upstream:remotename)%00%(upstream:remoteref) refs/heads/main refs/remotes/main [2ms]
2024-11-14 20:44:06.033 [warning] [Git][revParse] Unable to read file: ENOENT: no such file or directory, open '/workspace/boilerplate-project-sudoku-solver/.git/refs/remotes/origin/main'
2024-11-14 20:44:06.035 [info] > git rev-parse refs/remotes/origin/main [2ms]
2024-11-14 20:44:06.049 [info] > git status -z -uall [8ms]
2024-11-14 20:44:06.051 [info] > git for-each-ref --sort -committerdate --format %(refname) %(objectname) %(*objectname) [3ms]
2024-11-14 20:44:11.082 [info] > git config --get commit.template [15ms]
2024-11-14 20:44:11.085 [info] > git for-each-ref --format=%(refname)%00%(upstream:short)%00%(objectname)%00%(upstream:track)%00%(upstream:remotename)%00%(upstream:remoteref) refs/heads/main refs/remotes/main [6ms]
2024-11-14 20:44:11.095 [warning] [Git][revParse] Unable to read file: ENOENT: no such file or directory, open '/workspace/boilerplate-project-sudoku-solver/.git/refs/remotes/origin/main'
2024-11-14 20:44:11.099 [info] > git rev-parse refs/remotes/origin/main [4ms]
2024-11-14 20:44:11.125 [info] > git status -z -uall [15ms]
2024-11-14 20:44:11.128 [info] > git for-each-ref --sort -committerdate --format %(refname) %(objectname) %(*objectname) [6ms]
2024-11-14 20:44:16.160 [info] > git config --get commit.template [13ms]
2024-11-14 20:44:16.164 [info] > git for-each-ref --format=%(refname)%00%(upstream:short)%00%(objectname)%00%(upstream:track)%00%(upstream:remotename)%00%(upstream:remoteref) refs/heads/main refs/remotes/main [5ms]
2024-11-14 20:44:16.177 [warning] [Git][revParse] Unable to read file: ENOENT: no such file or directory, open '/workspace/boilerplate-project-sudoku-solver/.git/refs/remotes/origin/main'
2024-11-14 20:44:16.179 [info] > git rev-parse refs/remotes/origin/main [2ms]
2024-11-14 20:44:16.200 [info] > git status -z -uall [10ms]
2024-11-14 20:44:16.203 [info] > git for-each-ref --sort -committerdate --format %(refname) %(objectname) %(*objectname) [4ms]
2024-11-14 20:45:06.199 [info] > git config --get commit.template [5ms]
2024-11-14 20:45:06.200 [info] > git for-each-ref --format=%(refname)%00%(upstream:short)%00%(objectname)%00%(upstream:track)%00%(upstream:remotename)%00%(upstream:remoteref) refs/heads/main refs/remotes/main [3ms]
2024-11-14 20:45:06.205 [warning] [Git][revParse] Unable to read file: ENOENT: no such file or directory, open '/workspace/boilerplate-project-sudoku-solver/.git/refs/remotes/origin/main'
2024-11-14 20:45:06.207 [info] > git rev-parse refs/remotes/origin/main [2ms]
2024-11-14 20:45:06.218 [info] > git status -z -uall [5ms]
2024-11-14 20:45:06.220 [info] > git for-each-ref --sort -committerdate --format %(refname) %(objectname) %(*objectname) [2ms]
2024-11-14 20:45:11.244 [info] > git config --get commit.template [9ms]
2024-11-14 20:45:11.245 [info] > git for-each-ref --format=%(refname)%00%(upstream:short)%00%(objectname)%00%(upstream:track)%00%(upstream:remotename)%00%(upstream:remoteref) refs/heads/main refs/remotes/main [3ms]
2024-11-14 20:45:11.254 [warning] [Git][revParse] Unable to read file: ENOENT: no such file or directory, open '/workspace/boilerplate-project-sudoku-solver/.git/refs/remotes/origin/main'
2024-11-14 20:45:11.257 [info] > git rev-parse refs/remotes/origin/main [3ms]
2024-11-14 20:45:11.277 [info] > git status -z -uall [10ms]
2024-11-14 20:45:11.279 [info] > git for-each-ref --sort -committerdate --format %(refname) %(objectname) %(*objectname) [3ms]
2024-11-14 20:45:22.975 [info] > git show --textconv :controllers/sudoku-solver.js [5ms]
2024-11-14 20:45:22.976 [info] > git ls-files --stage -- /workspace/boilerplate-project-sudoku-solver/controllers/sudoku-solver.js [2ms]
2024-11-14 20:45:22.983 [info] > git cat-file -s 0b8fdc19f451015f3110a9c4391541e4a720f07a [2ms]
2024-11-14 20:45:30.692 [info] > git show --textconv :tests/1_unit-tests.js [6ms]
2024-11-14 20:45:30.694 [info] > git ls-files --stage -- /workspace/boilerplate-project-sudoku-solver/tests/1_unit-tests.js [3ms]
2024-11-14 20:45:30.703 [info] > git cat-file -s d13918921a3d6f4fe7c2e331a168ecd9b7d64e62 [3ms]
2024-11-14 20:46:32.459 [info] > git config --get commit.template [6ms]
2024-11-14 20:46:32.460 [info] > git for-each-ref --format=%(refname)%00%(upstream:short)%00%(objectname)%00%(upstream:track)%00%(upstream:remotename)%00%(upstream:remoteref) refs/heads/main refs/remotes/main [2ms]
2024-11-14 20:46:32.465 [warning] [Git][revParse] Unable to read file: ENOENT: no such file or directory, open '/workspace/boilerplate-project-sudoku-solver/.git/refs/remotes/origin/main'
2024-11-14 20:46:32.467 [info] > git rev-parse refs/remotes/origin/main [2ms]
2024-11-14 20:46:32.476 [info] > git status -z -uall [5ms]
2024-11-14 20:46:32.477 [info] > git for-each-ref --sort -committerdate --format %(refname) %(objectname) %(*objectname) [2ms]
2024-11-14 20:46:38.737 [info] > git config --get commit.template [6ms]
2024-11-14 20:46:38.738 [info] > git for-each-ref --format=%(refname)%00%(upstream:short)%00%(objectname)%00%(upstream:track)%00%(upstream:remotename)%00%(upstream:remoteref) refs/heads/main refs/remotes/main [2ms]
2024-11-14 20:46:38.742 [warning] [Git][revParse] Unable to read file: ENOENT: no such file or directory, open '/workspace/boilerplate-project-sudoku-solver/.git/refs/remotes/origin/main'
2024-11-14 20:46:38.744 [info] > git rev-parse refs/remotes/origin/main [2ms]
2024-11-14 20:46:38.756 [info] > git status -z -uall [7ms]
2024-11-14 20:46:38.757 [info] > git for-each-ref --sort -committerdate --format %(refname) %(objectname) %(*objectname) [2ms]
2024-11-14 20:47:11.689 [info] > git show --textconv :routes/api.js [4ms]
2024-11-14 20:47:11.691 [info] > git ls-files --stage -- /workspace/boilerplate-project-sudoku-solver/routes/api.js [2ms]
2024-11-14 20:47:11.696 [info] > git cat-file -s 9cece279baee1fa799c4f1e3c8ab04bde7d13ca2 [2ms]
2024-11-14 20:48:17.130 [info] > git config --get commit.template [7ms]
2024-11-14 20:48:17.132 [info] > git for-each-ref --format=%(refname)%00%(upstream:short)%00%(objectname)%00%(upstream:track)%00%(upstream:remotename)%00%(upstream:remoteref) refs/heads/main refs/remotes/main [2ms]
2024-11-14 20:48:17.139 [warning] [Git][revParse] Unable to read file: ENOENT: no such file or directory, open '/workspace/boilerplate-project-sudoku-solver/.git/refs/remotes/origin/main'
2024-11-14 20:48:17.141 [info] > git rev-parse refs/remotes/origin/main [2ms]
2024-11-14 20:48:17.154 [info] > git status -z -uall [7ms]
2024-11-14 20:48:17.156 [info] > git for-each-ref --sort -committerdate --format %(refname) %(objectname) %(*objectname) [2ms]
2024-11-14 20:48:26.036 [info] > git config --get commit.template [8ms]
2024-11-14 20:48:26.038 [info] > git for-each-ref --format=%(refname)%00%(upstream:short)%00%(objectname)%00%(upstream:track)%00%(upstream:remotename)%00%(upstream:remoteref) refs/heads/main refs/remotes/main [2ms]
2024-11-14 20:48:26.043 [warning] [Git][revParse] Unable to read file: ENOENT: no such file or directory, open '/workspace/boilerplate-project-sudoku-solver/.git/refs/remotes/origin/main'
2024-11-14 20:48:26.045 [info] > git rev-parse refs/remotes/origin/main [2ms]
2024-11-14 20:48:26.054 [info] > git status -z -uall [5ms]
2024-11-14 20:48:26.056 [info] > git for-each-ref --sort -committerdate --format %(refname) %(objectname) %(*objectname) [2ms]
2024-11-14 20:49:44.195 [info] > git show --textconv :controllers/sudoku-solver.js [11ms]
2024-11-14 20:49:44.196 [info] > git ls-files --stage -- /workspace/boilerplate-project-sudoku-solver/controllers/sudoku-solver.js [2ms]
2024-11-14 20:49:44.207 [info] > git cat-file -s 0b8fdc19f451015f3110a9c4391541e4a720f07a [3ms]
2024-11-14 20:49:53.765 [info] > git show --textconv :controllers/puzzle-strings.js [9ms]
2024-11-14 20:49:53.768 [info] > git ls-files --stage -- /workspace/boilerplate-project-sudoku-solver/controllers/puzzle-strings.js [4ms]
2024-11-14 20:49:53.779 [info] > git cat-file -s c58405cbb1c9af672358d22869f35bb77cd92d72 [5ms]
2024-11-14 20:50:02.014 [info] > git show --textconv :tests/1_unit-tests.js [7ms]
2024-11-14 20:50:02.016 [info] > git ls-files --stage -- /workspace/boilerplate-project-sudoku-solver/tests/1_unit-tests.js [3ms]
2024-11-14 20:50:02.024 [info] > git cat-file -s d13918921a3d6f4fe7c2e331a168ecd9b7d64e62 [2ms]
2024-11-14 20:50:20.972 [info] > git config --get commit.template [7ms]
2024-11-14 20:50:20.974 [info] > git for-each-ref --format=%(refname)%00%(upstream:short)%00%(objectname)%00%(upstream:track)%00%(upstream:remotename)%00%(upstream:remoteref) refs/heads/main refs/remotes/main [2ms]
2024-11-14 20:50:20.980 [warning] [Git][revParse] Unable to read file: ENOENT: no such file or directory, open '/workspace/boilerplate-project-sudoku-solver/.git/refs/remotes/origin/main'
2024-11-14 20:50:20.984 [info] > git rev-parse refs/remotes/origin/main [3ms]
2024-11-14 20:50:20.996 [info] > git status -z -uall [6ms]
2024-11-14 20:50:20.998 [info] > git for-each-ref --sort -committerdate --format %(refname) %(objectname) %(*objectname) [3ms]
2024-11-14 20:50:26.012 [info] > git config --get commit.template [6ms]
2024-11-14 20:50:26.014 [info] > git for-each-ref --format=%(refname)%00%(upstream:short)%00%(objectname)%00%(upstream:track)%00%(upstream:remotename)%00%(upstream:remoteref) refs/heads/main refs/remotes/main [3ms]
2024-11-14 20:50:26.019 [warning] [Git][revParse] Unable to read file: ENOENT: no such file or directory, open '/workspace/boilerplate-project-sudoku-solver/.git/refs/remotes/origin/main'
2024-11-14 20:50:26.021 [info] > git rev-parse refs/remotes/origin/main [2ms]
2024-11-14 20:50:26.030 [info] > git status -z -uall [5ms]
2024-11-14 20:50:26.032 [info] > git for-each-ref --sort -committerdate --format %(refname) %(objectname) %(*objectname) [3ms]
2024-11-14 20:50:31.043 [info] > git config --get commit.template [5ms]
2024-11-14 20:50:31.045 [info] > git for-each-ref --format=%(refname)%00%(upstream:short)%00%(objectname)%00%(upstream:track)%00%(upstream:remotename)%00%(upstream:remoteref) refs/heads/main refs/remotes/main [2ms]
2024-11-14 20:50:31.049 [warning] [Git][revParse] Unable to read file: ENOENT: no such file or directory, open '/workspace/boilerplate-project-sudoku-solver/.git/refs/remotes/origin/main'
2024-11-14 20:50:31.050 [info] > git rev-parse refs/remotes/origin/main [1ms]
2024-11-14 20:50:31.059 [info] > git status -z -uall [5ms]
2024-11-14 20:50:31.060 [info] > git for-each-ref --sort -committerdate --format %(refname) %(objectname) %(*objectname) [2ms]
2024-11-14 20:53:11.337 [info] > git show --textconv :routes/api.js [6ms]
2024-11-14 20:53:11.340 [info] > git ls-files --stage -- /workspace/boilerplate-project-sudoku-solver/routes/api.js [4ms]
2024-11-14 20:53:11.352 [info] > git cat-file -s 9cece279baee1fa799c4f1e3c8ab04bde7d13ca2 [3ms]
2024-11-14 20:53:14.354 [info] > git show --textconv :controllers/sudoku-solver.js [13ms]
2024-11-14 20:53:14.354 [info] > git ls-files --stage -- /workspace/boilerplate-project-sudoku-solver/controllers/sudoku-solver.js [4ms]
2024-11-14 20:53:14.366 [info] > git cat-file -s 0b8fdc19f451015f3110a9c4391541e4a720f07a [3ms]
2024-11-14 20:53:20.478 [info] > git show --textconv :tests/1_unit-tests.js [10ms]
2024-11-14 20:53:20.480 [info] > git ls-files --stage -- /workspace/boilerplate-project-sudoku-solver/tests/1_unit-tests.js [3ms]
2024-11-14 20:53:20.492 [info] > git cat-file -s d13918921a3d6f4fe7c2e331a168ecd9b7d64e62 [3ms]
