2024-11-14 17:03:09.320 [info] Log level: Info
2024-11-14 17:03:09.384 [info] VSCODE_MACHINE_ID: 04ea21fb-dad9-4406-b1ec-f950a6366599
2024-11-14 17:03:09.384 [info] VSCODE_SESSION_ID: 4815ecf8-f2e2-4adf-b01d-461a4b9fe1441731603787734
2024-11-14 17:03:09.384 [info] VSCODE_VERSION: 1.95.0
2024-11-14 17:03:09.384 [info] VSCODE_APP_NAME: Gitpod Code
2024-11-14 17:03:09.384 [info] VSCODE_APP_HOST: Gitpod
2024-11-14 17:03:09.384 [info] VSCODE_UI_KIND: web
2024-11-14 17:03:09.384 [info] GITPOD_WORKSPACE_CONTEXT_URL: https://github.com/freecodecamp/boilerplate-project-sudoku-solver
2024-11-14 17:03:09.384 [info] GITPOD_INSTANCE_ID: fc25aca4-0ba8-41f6-ac37-8a087b3f05e1
2024-11-14 17:03:09.384 [info] GITPOD_WORKSPACE_URL: https://freecodecam-boilerplate-7pa85eogwqk.ws-us116.gitpod.io
2024-11-14 17:03:09.391 [info] Gitpod Web 7ff72a2
2024-11-14 17:03:09.391 [info] Reading sessions from keychain...
2024-11-14 17:03:09.893 [info] Getting sessions for all scopes...
2024-11-14 17:03:09.893 [info] Getting sessions for all scopes...
2024-11-14 17:03:09.893 [info] Getting sessions for function:accessCodeSyncStorage...
2024-11-14 17:03:09.893 [info] Getting GitHub sessions for all scopes...
2024-11-14 17:03:09.894 [info] Got stored sessions!
2024-11-14 17:03:09.894 [info] Verified session with the following scopes: function:accessCodeSyncStorage function:closePort function:controlAdmission function:deleteEnvVar function:generateNewGitpodToken function:getDefaultWorkspaceImage function:getGitpodTokenScopes function:getIDToken function:getLoggedInUser function:getOpenPorts function:getSupportedWorkspaceClasses function:getTeams function:getToken function:getWorkspace function:getWorkspaceEnvVars function:getWorkspaceOwner function:getWorkspaceTimeout function:getWorkspaceUsers function:guessGitTokenScopes function:isWorkspaceOwner function:openPort function:sendHeartBeat function:setEnvVar function:setWorkspaceTimeout function:stopWorkspace function:takeSnapshot function:trackEvent function:updateGitStatus function:waitForSnapshot resource:contentBlob::*::create/get resource:envVar::*/**::update resource:envVar::*/*::update resource:envVar::freeCodeCamp/boilerplate-project-sudoku-solver::create/get/update/delete resource:gitpodToken::*::create resource:snapshot::ws-freecodecam-boilerplate-7pa85eogwqk::create resource:token::*::get resource:userStorage::*::create/get/update resource:workspace::freecodecam-boilerplate-7pa85eogwqk::get/update resource:workspaceInstance::fc25aca4-0ba8-41f6-ac37-8a087b3f05e1::get/update/delete
2024-11-14 17:03:09.897 [info] Got 1 verified sessions.
2024-11-14 17:03:09.897 [info] Got 1 sessions for all scopes...
2024-11-14 17:03:09.897 [info] Got 1 sessions for all scopes...
2024-11-14 17:03:09.897 [info] Got 1 sessions for function:accessCodeSyncStorage...
2024-11-14 17:03:10.075 [info] Got 1 GitHub sessions for all scopes...
2024-11-14 17:03:10.519 [info] Getting GitHub sessions for all scopes...
2024-11-14 17:03:10.519 [info] Getting sessions for all scopes...
2024-11-14 17:03:10.519 [info] Got 1 GitHub sessions for all scopes...
2024-11-14 17:03:10.519 [info] Got 1 sessions for all scopes...
2024-11-14 17:03:10.525 [info] Getting GitHub sessions for all scopes...
2024-11-14 17:03:10.525 [info] Got 1 GitHub sessions for all scopes...
2024-11-14 17:03:10.576 [info] Getting GitHub sessions for read:user,repo,user:email,workflow...
2024-11-14 17:03:10.577 [info] Got 1 GitHub sessions for read:user,repo,user:email,workflow...
2024-11-14 17:03:10.868 [info] Getting GitHub sessions for project,read:org,read:user,repo,user:email,workflow...
2024-11-14 17:03:10.868 [info] Got 0 GitHub sessions for project,read:org,read:user,repo,user:email,workflow...
2024-11-14 17:03:11.078 [info] Getting sessions for all scopes...
2024-11-14 17:03:11.078 [info] Getting GitHub sessions for all scopes...
2024-11-14 17:03:11.079 [info] Got 1 sessions for all scopes...
2024-11-14 17:03:11.079 [info] Got 1 GitHub sessions for all scopes...
2024-11-14 17:03:11.169 [info] Getting GitHub sessions for read:user,repo,user:email,workflow...
2024-11-14 17:03:11.169 [info] Got 1 GitHub sessions for read:user,repo,user:email,workflow...
2024-11-14 18:22:47.777 [error] cannot maintain connection to supervisor 13 INTERNAL: closed
2024-11-14 18:22:48.779 [error] cannot maintain connection to supervisor 13 INTERNAL: closed
2024-11-14 18:22:49.781 [error] cannot maintain connection to supervisor 13 INTERNAL: closed
2024-11-14 18:22:50.783 [error] cannot maintain connection to supervisor 13 INTERNAL: closed
2024-11-14 18:22:51.786 [error] cannot maintain connection to supervisor 13 INTERNAL: closed
2024-11-14 18:22:52.787 [error] cannot maintain connection to supervisor 13 INTERNAL: closed
2024-11-14 18:22:53.789 [error] cannot maintain connection to supervisor 13 INTERNAL: closed
2024-11-14 18:22:54.791 [error] cannot maintain connection to supervisor 13 INTERNAL: closed
2024-11-14 18:22:55.793 [error] cannot maintain connection to supervisor 13 INTERNAL: closed
2024-11-14 18:22:56.796 [error] cannot maintain connection to supervisor 13 INTERNAL: closed
2024-11-14 18:22:57.798 [error] cannot maintain connection to supervisor 13 INTERNAL: closed
2024-11-14 18:22:58.800 [error] cannot maintain connection to supervisor 13 INTERNAL: closed
2024-11-14 18:22:59.802 [error] cannot maintain connection to supervisor 13 INTERNAL: closed
2024-11-14 18:23:00.804 [error] cannot maintain connection to supervisor 13 INTERNAL: closed
