2024-11-06 10:16:48.583 [info] Log level: Info
2024-11-06 10:16:48.675 [info] VSCODE_MACHINE_ID: 04ea21fb-dad9-4406-b1ec-f950a6366599
2024-11-06 10:16:48.675 [info] VSCODE_SESSION_ID: 14cdad13-8366-4173-8966-ba1f436ef7dd1730888205292
2024-11-06 10:16:48.675 [info] VSCODE_VERSION: 1.95.0
2024-11-06 10:16:48.675 [info] VSCODE_APP_NAME: Gitpod Code
2024-11-06 10:16:48.676 [info] VSCODE_APP_HOST: Gitpod
2024-11-06 10:16:48.676 [info] VSCODE_UI_KIND: web
2024-11-06 10:16:48.676 [info] GITPOD_WORKSPACE_CONTEXT_URL: https://github.com/freecodecamp/boilerplate-project-sudoku-solver
2024-11-06 10:16:48.676 [info] GITPOD_INSTANCE_ID: c747938f-6614-489b-9380-7ec5f2e033a2
2024-11-06 10:16:48.676 [info] GITPOD_WORKSPACE_URL: https://freecodecam-boilerplate-7pa85eogwqk.ws-us116.gitpod.io
2024-11-06 10:16:48.681 [info] Gitpod Web 7ff72a2
2024-11-06 10:16:48.681 [info] Reading sessions from keychain...
2024-11-06 10:16:49.670 [info] Getting sessions for all scopes...
2024-11-06 10:16:49.670 [info] Getting sessions for all scopes...
2024-11-06 10:16:49.670 [info] Getting sessions for function:accessCodeSyncStorage...
2024-11-06 10:16:49.670 [info] Getting GitHub sessions for all scopes...
2024-11-06 10:16:49.670 [info] Got 1 GitHub sessions for all scopes...
2024-11-06 10:16:49.671 [info] Got stored sessions!
2024-11-06 10:16:49.671 [info] Verified session with the following scopes: function:accessCodeSyncStorage function:closePort function:controlAdmission function:deleteEnvVar function:generateNewGitpodToken function:getDefaultWorkspaceImage function:getGitpodTokenScopes function:getIDToken function:getLoggedInUser function:getOpenPorts function:getSupportedWorkspaceClasses function:getTeams function:getToken function:getWorkspace function:getWorkspaceEnvVars function:getWorkspaceOwner function:getWorkspaceTimeout function:getWorkspaceUsers function:guessGitTokenScopes function:isWorkspaceOwner function:openPort function:sendHeartBeat function:setEnvVar function:setWorkspaceTimeout function:stopWorkspace function:takeSnapshot function:trackEvent function:updateGitStatus function:waitForSnapshot resource:contentBlob::*::create/get resource:envVar::*/**::update resource:envVar::*/*::update resource:envVar::freeCodeCamp/boilerplate-project-sudoku-solver::create/get/update/delete resource:gitpodToken::*::create resource:snapshot::ws-freecodecam-boilerplate-7pa85eogwqk::create resource:token::*::get resource:userStorage::*::create/get/update resource:workspace::freecodecam-boilerplate-7pa85eogwqk::get/update resource:workspaceInstance::c747938f-6614-489b-9380-7ec5f2e033a2::get/update/delete
2024-11-06 10:16:49.673 [info] Got 1 verified sessions.
2024-11-06 10:16:49.673 [info] Got 1 sessions for all scopes...
2024-11-06 10:16:49.673 [info] Got 1 sessions for all scopes...
2024-11-06 10:16:49.673 [info] Got 1 sessions for function:accessCodeSyncStorage...
2024-11-06 10:16:50.181 [info] Getting GitHub sessions for all scopes...
2024-11-06 10:16:50.181 [info] Getting GitHub sessions for all scopes...
2024-11-06 10:16:50.181 [info] Getting sessions for all scopes...
2024-11-06 10:16:50.181 [info] Got 1 GitHub sessions for all scopes...
2024-11-06 10:16:50.181 [info] Got 1 GitHub sessions for all scopes...
2024-11-06 10:16:50.181 [info] Got 1 sessions for all scopes...
2024-11-06 10:16:50.283 [info] Getting GitHub sessions for read:user,repo,user:email,workflow...
2024-11-06 10:16:50.290 [info] Got 1 GitHub sessions for read:user,repo,user:email,workflow...
2024-11-06 10:16:50.292 [info] Getting sessions for all scopes...
2024-11-06 10:16:50.292 [info] Getting GitHub sessions for all scopes...
2024-11-06 10:16:50.292 [info] Got 1 sessions for all scopes...
2024-11-06 10:16:50.292 [info] Got 1 GitHub sessions for all scopes...
2024-11-06 10:16:50.573 [info] Getting GitHub sessions for project,read:org,read:user,repo,user:email,workflow...
2024-11-06 10:16:50.573 [info] Got 0 GitHub sessions for project,read:org,read:user,repo,user:email,workflow...
2024-11-06 10:16:51.073 [info] Getting GitHub sessions for read:user,repo,user:email,workflow...
2024-11-06 10:16:51.073 [info] Got 1 GitHub sessions for read:user,repo,user:email,workflow...
