2024-11-07 10:49:07.632 [info] Log level: Info
2024-11-07 10:49:07.726 [info] VSCODE_MACHINE_ID: 04ea21fb-dad9-4406-b1ec-f950a6366599
2024-11-07 10:49:07.726 [info] VSCODE_SESSION_ID: a64a87c2-7576-4f32-9151-b65b577776d31730976543672
2024-11-07 10:49:07.726 [info] VSCODE_VERSION: 1.95.0
2024-11-07 10:49:07.726 [info] VSCODE_APP_NAME: Gitpod Code
2024-11-07 10:49:07.726 [info] VSCODE_APP_HOST: Gitpod
2024-11-07 10:49:07.726 [info] VSCODE_UI_KIND: web
2024-11-07 10:49:07.726 [info] GITPOD_WORKSPACE_CONTEXT_URL: https://github.com/freecodecamp/boilerplate-project-sudoku-solver
2024-11-07 10:49:07.726 [info] GITPOD_INSTANCE_ID: ae8ead95-f518-4a2a-87b2-5d8e7b802f57
2024-11-07 10:49:07.726 [info] GITPOD_WORKSPACE_URL: https://freecodecam-boilerplate-7pa85eogwqk.ws-us116.gitpod.io
2024-11-07 10:49:07.733 [info] Gitpod Web 7ff72a2
2024-11-07 10:49:07.733 [info] Reading sessions from keychain...
2024-11-07 10:49:08.923 [info] Getting sessions for all scopes...
2024-11-07 10:49:08.923 [info] Getting sessions for all scopes...
2024-11-07 10:49:08.923 [info] Getting GitHub sessions for all scopes...
2024-11-07 10:49:08.923 [info] Getting sessions for function:accessCodeSyncStorage...
2024-11-07 10:49:08.923 [info] Got 1 GitHub sessions for all scopes...
2024-11-07 10:49:08.924 [info] Got stored sessions!
2024-11-07 10:49:08.924 [info] Verified session with the following scopes: function:accessCodeSyncStorage function:closePort function:controlAdmission function:deleteEnvVar function:generateNewGitpodToken function:getDefaultWorkspaceImage function:getGitpodTokenScopes function:getIDToken function:getLoggedInUser function:getOpenPorts function:getSupportedWorkspaceClasses function:getTeams function:getToken function:getWorkspace function:getWorkspaceEnvVars function:getWorkspaceOwner function:getWorkspaceTimeout function:getWorkspaceUsers function:guessGitTokenScopes function:isWorkspaceOwner function:openPort function:sendHeartBeat function:setEnvVar function:setWorkspaceTimeout function:stopWorkspace function:takeSnapshot function:trackEvent function:updateGitStatus function:waitForSnapshot resource:contentBlob::*::create/get resource:envVar::*/**::update resource:envVar::*/*::update resource:envVar::freeCodeCamp/boilerplate-project-sudoku-solver::create/get/update/delete resource:gitpodToken::*::create resource:snapshot::ws-freecodecam-boilerplate-7pa85eogwqk::create resource:token::*::get resource:userStorage::*::create/get/update resource:workspace::freecodecam-boilerplate-7pa85eogwqk::get/update resource:workspaceInstance::ae8ead95-f518-4a2a-87b2-5d8e7b802f57::get/update/delete
2024-11-07 10:49:08.927 [info] Got 1 verified sessions.
2024-11-07 10:49:08.927 [info] Got 1 sessions for all scopes...
2024-11-07 10:49:08.927 [info] Got 1 sessions for all scopes...
2024-11-07 10:49:08.927 [info] Got 1 sessions for function:accessCodeSyncStorage...
2024-11-07 10:49:09.837 [info] Getting GitHub sessions for all scopes...
2024-11-07 10:49:09.837 [info] Getting GitHub sessions for all scopes...
2024-11-07 10:49:09.837 [info] Getting sessions for all scopes...
2024-11-07 10:49:09.837 [info] Got 1 GitHub sessions for all scopes...
2024-11-07 10:49:09.837 [info] Got 1 GitHub sessions for all scopes...
2024-11-07 10:49:09.837 [info] Got 1 sessions for all scopes...
2024-11-07 10:49:09.841 [info] Getting GitHub sessions for read:user,repo,user:email,workflow...
2024-11-07 10:49:09.841 [info] Got 1 GitHub sessions for read:user,repo,user:email,workflow...
2024-11-07 10:49:09.944 [info] Getting sessions for all scopes...
2024-11-07 10:49:09.944 [info] Getting GitHub sessions for all scopes...
2024-11-07 10:49:09.944 [info] Got 1 sessions for all scopes...
2024-11-07 10:49:09.944 [info] Got 1 GitHub sessions for all scopes...
2024-11-07 10:49:10.124 [info] Getting GitHub sessions for project,read:org,read:user,repo,user:email,workflow...
2024-11-07 10:49:10.125 [info] Got 0 GitHub sessions for project,read:org,read:user,repo,user:email,workflow...
2024-11-07 10:49:10.426 [info] Getting GitHub sessions for read:user,repo,user:email,workflow...
2024-11-07 10:49:10.426 [info] Got 1 GitHub sessions for read:user,repo,user:email,workflow...
2024-11-07 16:09:15.689 [error] cannot maintain connection to supervisor 13 INTERNAL: closed
2024-11-07 16:09:16.690 [error] cannot maintain connection to supervisor 13 INTERNAL: closed
2024-11-07 16:09:17.691 [error] cannot maintain connection to supervisor 13 INTERNAL: closed
2024-11-07 16:09:18.694 [error] cannot maintain connection to supervisor 13 INTERNAL: closed
2024-11-07 16:09:19.697 [error] cannot maintain connection to supervisor 13 INTERNAL: closed
2024-11-07 16:09:20.699 [error] cannot maintain connection to supervisor 13 INTERNAL: closed
2024-11-07 16:09:21.700 [error] cannot maintain connection to supervisor 13 INTERNAL: closed
2024-11-07 16:09:22.702 [error] cannot maintain connection to supervisor 13 INTERNAL: closed
2024-11-07 16:09:23.704 [error] cannot maintain connection to supervisor 13 INTERNAL: closed
2024-11-07 16:09:24.705 [error] cannot maintain connection to supervisor 13 INTERNAL: closed
2024-11-07 16:09:25.707 [error] cannot maintain connection to supervisor 13 INTERNAL: closed
2024-11-07 16:09:26.709 [error] cannot maintain connection to supervisor 13 INTERNAL: closed
2024-11-07 16:09:27.711 [error] cannot maintain connection to supervisor 13 INTERNAL: closed
2024-11-07 16:09:28.713 [error] cannot maintain connection to supervisor 13 INTERNAL: closed
