2024-11-06 07:18:14.475 [info] Log level: Info
2024-11-06 07:18:14.567 [info] VSCODE_MACHINE_ID: 04ea21fb-dad9-4406-b1ec-f950a6366599
2024-11-06 07:18:14.567 [info] VSCODE_SESSION_ID: f25e2e22-f424-4741-9f0b-4b83a377645e1730877491075
2024-11-06 07:18:14.567 [info] VSCODE_VERSION: 1.95.0
2024-11-06 07:18:14.567 [info] VSCODE_APP_NAME: Gitpod Code
2024-11-06 07:18:14.567 [info] VSCODE_APP_HOST: Gitpod
2024-11-06 07:18:14.567 [info] VSCODE_UI_KIND: web
2024-11-06 07:18:14.567 [info] GITPOD_WORKSPACE_CONTEXT_URL: https://github.com/freecodecamp/boilerplate-project-sudoku-solver
2024-11-06 07:18:14.567 [info] GITPOD_INSTANCE_ID: c747938f-6614-489b-9380-7ec5f2e033a2
2024-11-06 07:18:14.567 [info] GITPOD_WORKSPACE_URL: https://freecodecam-boilerplate-7pa85eogwqk.ws-us116.gitpod.io
2024-11-06 07:18:14.574 [info] Gitpod Web 7ff72a2
2024-11-06 07:18:14.574 [info] Reading sessions from keychain...
2024-11-06 07:18:15.392 [info] Getting sessions for all scopes...
2024-11-06 07:18:15.392 [info] Getting sessions for all scopes...
2024-11-06 07:18:15.392 [info] Getting sessions for function:accessCodeSyncStorage...
2024-11-06 07:18:15.392 [info] Getting GitHub sessions for all scopes...
2024-11-06 07:18:15.393 [info] Got 1 GitHub sessions for all scopes...
2024-11-06 07:18:15.393 [info] Got stored sessions!
2024-11-06 07:18:15.393 [info] Verified session with the following scopes: function:accessCodeSyncStorage function:closePort function:controlAdmission function:deleteEnvVar function:generateNewGitpodToken function:getDefaultWorkspaceImage function:getGitpodTokenScopes function:getIDToken function:getLoggedInUser function:getOpenPorts function:getSupportedWorkspaceClasses function:getTeams function:getToken function:getWorkspace function:getWorkspaceEnvVars function:getWorkspaceOwner function:getWorkspaceTimeout function:getWorkspaceUsers function:guessGitTokenScopes function:isWorkspaceOwner function:openPort function:sendHeartBeat function:setEnvVar function:setWorkspaceTimeout function:stopWorkspace function:takeSnapshot function:trackEvent function:updateGitStatus function:waitForSnapshot resource:contentBlob::*::create/get resource:envVar::*/**::update resource:envVar::*/*::update resource:envVar::freeCodeCamp/boilerplate-project-sudoku-solver::create/get/update/delete resource:gitpodToken::*::create resource:snapshot::ws-freecodecam-boilerplate-7pa85eogwqk::create resource:token::*::get resource:userStorage::*::create/get/update resource:workspace::freecodecam-boilerplate-7pa85eogwqk::get/update resource:workspaceInstance::c747938f-6614-489b-9380-7ec5f2e033a2::get/update/delete
2024-11-06 07:18:15.468 [info] Got 1 verified sessions.
2024-11-06 07:18:15.468 [info] Got 1 sessions for all scopes...
2024-11-06 07:18:15.468 [info] Got 1 sessions for all scopes...
2024-11-06 07:18:15.468 [info] Got 1 sessions for function:accessCodeSyncStorage...
2024-11-06 07:18:16.198 [info] Getting GitHub sessions for all scopes...
2024-11-06 07:18:16.198 [info] Getting GitHub sessions for all scopes...
2024-11-06 07:18:16.198 [info] Getting sessions for all scopes...
2024-11-06 07:18:16.198 [info] Got 1 GitHub sessions for all scopes...
2024-11-06 07:18:16.198 [info] Got 1 GitHub sessions for all scopes...
2024-11-06 07:18:16.198 [info] Got 1 sessions for all scopes...
2024-11-06 07:18:16.389 [info] Getting GitHub sessions for read:user,repo,user:email,workflow...
2024-11-06 07:18:16.389 [info] Got 1 GitHub sessions for read:user,repo,user:email,workflow...
2024-11-06 07:18:16.495 [info] Getting sessions for all scopes...
2024-11-06 07:18:16.495 [info] Getting GitHub sessions for all scopes...
2024-11-06 07:18:16.495 [info] Got 1 sessions for all scopes...
2024-11-06 07:18:16.495 [info] Got 1 GitHub sessions for all scopes...
2024-11-06 07:18:16.676 [info] Getting GitHub sessions for project,read:org,read:user,repo,user:email,workflow...
2024-11-06 07:18:16.676 [info] Got 0 GitHub sessions for project,read:org,read:user,repo,user:email,workflow...
2024-11-06 07:18:17.374 [info] Getting GitHub sessions for read:user,repo,user:email,workflow...
2024-11-06 07:18:17.374 [info] Got 1 GitHub sessions for read:user,repo,user:email,workflow...
2024-11-06 10:16:39.868 [error] acee5b93-1e20-4a31-8fb6-71c9e29441ba terminal: shutdown failed: 4 DEADLINE_EXCEEDED: Deadline exceeded
