2024-11-08 14:34:34.784 [info] Log level: Info
2024-11-08 14:34:34.804 [info] VSCODE_MACHINE_ID: 04ea21fb-dad9-4406-b1ec-f950a6366599
2024-11-08 14:34:34.804 [info] VSCODE_SESSION_ID: de1db682-472f-4cc3-b656-c9d746780f231731076472338
2024-11-08 14:34:34.804 [info] VSCODE_VERSION: 1.95.0
2024-11-08 14:34:34.804 [info] VSCODE_APP_NAME: Gitpod Code
2024-11-08 14:34:34.804 [info] VSCODE_APP_HOST: Gitpod
2024-11-08 14:34:34.804 [info] VSCODE_UI_KIND: web
2024-11-08 14:34:34.804 [info] GITPOD_WORKSPACE_CONTEXT_URL: https://github.com/freecodecamp/boilerplate-project-sudoku-solver
2024-11-08 14:34:34.804 [info] GITPOD_INSTANCE_ID: 9d158e85-ff2f-4b49-8dfb-6c0146e953dc
2024-11-08 14:34:34.804 [info] GITPOD_WORKSPACE_URL: https://freecodecam-boilerplate-7pa85eogwqk.ws-us116.gitpod.io
2024-11-08 14:34:34.883 [info] Gitpod Web 7ff72a2
2024-11-08 14:34:34.883 [info] Reading sessions from keychain...
2024-11-08 14:34:35.680 [info] Getting sessions for all scopes...
2024-11-08 14:34:35.680 [info] Getting sessions for all scopes...
2024-11-08 14:34:35.680 [info] Getting sessions for function:accessCodeSyncStorage...
2024-11-08 14:34:35.680 [info] Getting GitHub sessions for all scopes...
2024-11-08 14:34:35.681 [info] Got 1 GitHub sessions for all scopes...
2024-11-08 14:34:35.681 [info] Got stored sessions!
2024-11-08 14:34:35.682 [info] Verified session with the following scopes: function:accessCodeSyncStorage function:closePort function:controlAdmission function:deleteEnvVar function:generateNewGitpodToken function:getDefaultWorkspaceImage function:getGitpodTokenScopes function:getIDToken function:getLoggedInUser function:getOpenPorts function:getSupportedWorkspaceClasses function:getTeams function:getToken function:getWorkspace function:getWorkspaceEnvVars function:getWorkspaceOwner function:getWorkspaceTimeout function:getWorkspaceUsers function:guessGitTokenScopes function:isWorkspaceOwner function:openPort function:sendHeartBeat function:setEnvVar function:setWorkspaceTimeout function:stopWorkspace function:takeSnapshot function:trackEvent function:updateGitStatus function:waitForSnapshot resource:contentBlob::*::create/get resource:envVar::*/**::update resource:envVar::*/*::update resource:envVar::freeCodeCamp/boilerplate-project-sudoku-solver::create/get/update/delete resource:gitpodToken::*::create resource:snapshot::ws-freecodecam-boilerplate-7pa85eogwqk::create resource:token::*::get resource:userStorage::*::create/get/update resource:workspace::freecodecam-boilerplate-7pa85eogwqk::get/update resource:workspaceInstance::9d158e85-ff2f-4b49-8dfb-6c0146e953dc::get/update/delete
2024-11-08 14:34:35.684 [info] Got 1 verified sessions.
2024-11-08 14:34:35.684 [info] Got 1 sessions for all scopes...
2024-11-08 14:34:35.684 [info] Got 1 sessions for all scopes...
2024-11-08 14:34:35.684 [info] Got 1 sessions for function:accessCodeSyncStorage...
2024-11-08 14:34:36.612 [info] Getting GitHub sessions for all scopes...
2024-11-08 14:34:36.612 [info] Getting GitHub sessions for all scopes...
2024-11-08 14:34:36.612 [info] Getting sessions for all scopes...
2024-11-08 14:34:36.613 [info] Got 1 GitHub sessions for all scopes...
2024-11-08 14:34:36.613 [info] Got 1 GitHub sessions for all scopes...
2024-11-08 14:34:36.613 [info] Got 1 sessions for all scopes...
2024-11-08 14:34:36.716 [info] Getting GitHub sessions for read:user,repo,user:email,workflow...
2024-11-08 14:34:36.716 [info] Got 1 GitHub sessions for read:user,repo,user:email,workflow...
2024-11-08 14:34:36.799 [info] Getting sessions for all scopes...
2024-11-08 14:34:36.800 [info] Getting GitHub sessions for all scopes...
2024-11-08 14:34:36.800 [info] Got 1 sessions for all scopes...
2024-11-08 14:34:36.800 [info] Got 1 GitHub sessions for all scopes...
2024-11-08 14:34:37.186 [info] Getting GitHub sessions for project,read:org,read:user,repo,user:email,workflow...
2024-11-08 14:34:37.186 [info] Got 0 GitHub sessions for project,read:org,read:user,repo,user:email,workflow...
2024-11-08 14:34:37.478 [info] Getting GitHub sessions for read:user,repo,user:email,workflow...
2024-11-08 14:34:37.478 [info] Got 1 GitHub sessions for read:user,repo,user:email,workflow...
2024-11-08 19:43:56.305 [error] cannot maintain connection to supervisor 13 INTERNAL: closed
2024-11-08 19:43:57.307 [error] cannot maintain connection to supervisor 13 INTERNAL: closed
2024-11-08 19:43:58.307 [error] cannot maintain connection to supervisor 13 INTERNAL: closed
2024-11-08 19:43:59.308 [error] cannot maintain connection to supervisor 13 INTERNAL: closed
2024-11-08 19:44:00.310 [error] cannot maintain connection to supervisor 13 INTERNAL: closed
2024-11-08 19:44:01.311 [error] cannot maintain connection to supervisor 13 INTERNAL: closed
2024-11-08 19:44:02.311 [error] cannot maintain connection to supervisor 13 INTERNAL: closed
2024-11-08 19:44:03.312 [error] cannot maintain connection to supervisor 13 INTERNAL: closed
2024-11-08 19:44:04.313 [error] cannot maintain connection to supervisor 13 INTERNAL: closed
2024-11-08 19:44:05.315 [error] cannot maintain connection to supervisor 13 INTERNAL: closed
2024-11-08 19:44:06.316 [error] cannot maintain connection to supervisor 13 INTERNAL: closed
2024-11-08 19:44:07.317 [error] cannot maintain connection to supervisor 13 INTERNAL: closed
2024-11-08 19:44:08.319 [error] cannot maintain connection to supervisor 13 INTERNAL: closed
2024-11-08 19:44:09.320 [error] cannot maintain connection to supervisor 13 INTERNAL: closed
