2024-11-06 10:16:45.978 [info] Extension host with pid 13802 started
2024-11-06 10:16:45.978 [error] Error: EEXIST: file already exists, open '/workspace/.vscode-remote/data/User/workspaceStorage/77cc894c/vscode.lock'
2024-11-06 10:16:45.981 [info] Lock '/workspace/.vscode-remote/data/User/workspaceStorage/77cc894c/vscode.lock': Could not acquire lock, checking if the file is stale.
2024-11-06 10:16:45.984 [info] Lock '/workspace/.vscode-remote/data/User/workspaceStorage/77cc894c/vscode.lock': The lock does not look stale, elapsed: 621 ms, giving up.
2024-11-06 10:16:45.985 [error] Error: EEXIST: file already exists, open '/workspace/.vscode-remote/data/User/workspaceStorage/77cc894c-1/vscode.lock'
2024-11-06 10:16:45.986 [info] Lock '/workspace/.vscode-remote/data/User/workspaceStorage/77cc894c-1/vscode.lock': Could not acquire lock, checking if the file is stale.
2024-11-06 10:16:45.987 [info] Lock '/workspace/.vscode-remote/data/User/workspaceStorage/77cc894c-1/vscode.lock': The pid 11183 appears to be gone.
2024-11-06 10:16:45.987 [info] Lock '/workspace/.vscode-remote/data/User/workspaceStorage/77cc894c-1/vscode.lock': Deleting a stale lock.
2024-11-06 10:16:45.994 [info] Lock '/workspace/.vscode-remote/data/User/workspaceStorage/77cc894c-1/vscode.lock': Lock acquired.
2024-11-06 10:16:46.214 [info] ExtensionService#_doActivateExtension vscode.emmet, startup: false, activationEvent: 'onLanguage'
2024-11-06 10:16:46.215 [info] ExtensionService#_doActivateExtension vscode.typescript-language-features, startup: false, activationEvent: 'onLanguage:javascript'
2024-11-06 10:16:46.215 [info] ExtensionService#_doActivateExtension vscode.simple-browser, startup: false, activationEvent: 'onWebviewPanel:simpleBrowser.view'
2024-11-06 10:16:46.558 [info] ExtensionService#_doActivateExtension vscode.git-base, startup: true, activationEvent: '*', root cause: vscode.git
2024-11-06 10:16:46.558 [info] ExtensionService#_doActivateExtension gitpod.gitpod-web, startup: true, activationEvent: '*'
2024-11-06 10:16:46.771 [info] ExtensionService#_doActivateExtension vscode.npm, startup: true, activationEvent: 'workspaceContains:package.json'
2024-11-06 10:16:46.993 [info] ExtensionService#_doActivateExtension vscode.git, startup: true, activationEvent: '*'
2024-11-06 10:16:46.994 [info] ExtensionService#_doActivateExtension vscode.github, startup: true, activationEvent: '*'
2024-11-06 10:16:48.683 [info] Eager extensions activated
2024-11-06 10:16:48.683 [info] ExtensionService#_doActivateExtension vscode.debug-auto-launch, startup: false, activationEvent: 'onStartupFinished'
2024-11-06 10:16:48.683 [info] ExtensionService#_doActivateExtension vscode.merge-conflict, startup: false, activationEvent: 'onStartupFinished'
2024-11-06 10:16:48.683 [info] ExtensionService#_doActivateExtension vscode.github-authentication, startup: false, activationEvent: 'onStartupFinished', root cause: GitHub.vscode-pull-request-github
2024-11-06 10:16:49.674 [info] ExtensionService#_doActivateExtension GitHub.vscode-pull-request-github, startup: false, activationEvent: 'onStartupFinished'
2024-11-06 10:16:49.989 [info] ExtensionService#_doActivateExtension redhat.vscode-yaml, startup: false, activationEvent: 'onLanguage:yaml'
2024-11-06 10:16:50.668 [info] ExtensionService#_doActivateExtension vscode.configuration-editing, startup: false, activationEvent: 'onLanguage:jsonc'
2024-11-06 10:16:50.668 [info] ExtensionService#_doActivateExtension vscode.json-language-features, startup: false, activationEvent: 'onLanguage:jsonc'
2024-11-06 10:16:51.177 [warning] [redhat.vscode-yaml] Accessing a resource scoped configuration without providing a resource is not expected. To get the effective value for '[yaml]', provide the URI of a resource or 'null' for any resource.
2024-11-06 10:16:51.368 [warning] [redhat.vscode-yaml] Accessing a resource scoped configuration without providing a resource is not expected. To get the effective value for '[yaml]', provide the URI of a resource or 'null' for any resource.
2024-11-06 10:16:53.611 [info] ExtensionService#_doActivateExtension vscode.extension-editing, startup: false, activationEvent: 'onLanguage:json'
